extDB2: Version: 71
extDB2: https://github.com/Torndeco/extDB2
extDB2: Windows Version
Message: All development for extDB2 is done on a Linux Dedicated Server
Message: If you would like to Donate to extDB2 Development
Message: https://www.paypal.com/cgi-bin/webscr?cmd=_s-xclick&hosted_button_id=2SUEFTGABTAM2
Message: Also leave a message if there is any particular feature you would like to see added.
Message: Thanks for all the people that have donated.
Message: Torndeco: 20/02/15


extDB2: Found extdb-conf.ini
extDB2: Detected 8 Cores, Setting up 6 Worker Threads


[12:49:01:510828 +02:00] [Thread 3140] extDB2: Database Type: MySQL
[12:49:01:521596 +02:00] [Thread 3140] extDB2: Database Session Pool Started
[12:49:01:521947 +02:00] [Thread 3140] extDB2: SQL_CUSTOM_V2: Loading Template Filename: C:\Program Files (x86)\Steam\steamapps\common\Arma 3\@extDBNP\extDB\sql_custom_v2\rpframework.ini
[12:49:01:521976 +02:00] [Thread 3140] extDB2: SQL_CUSTOM_V2: Version 10 Detected, Latest Version 12 Available
[12:49:01:771768 +02:00] [Thread 10544] extDB2: SQL_CUSTOM_V2: Error No Custom Call Not Found: Input String getMayor:2
[12:49:01:771786 +02:00] [Thread 10544] extDB2: SQL_CUSTOM_V2: Error No Custom Call Not Found: Callname getMayor
[12:49:01:771804 +02:00] [Thread 10544] extDB2: SQL_CUSTOM_V2: Error No Custom Call Not Found: Input String racetimes:1
[12:49:01:771809 +02:00] [Thread 10544] extDB2: SQL_CUSTOM_V2: Error No Custom Call Not Found: Callname racetimes
[12:49:01:771849 +02:00] [Thread 10544] extDB2: SQL_CUSTOM_V2: Error No Custom Call Not Found: Input String rallyracetimes:1
[12:49:01:771854 +02:00] [Thread 10544] extDB2: SQL_CUSTOM_V2: Error No Custom Call Not Found: Callname rallyracetimes
[12:49:01:771882 +02:00] [Thread 10544] extDB2: SQL_CUSTOM_V2: Error No Custom Call Not Found: Input String mafiaBank:1
[12:49:01:771886 +02:00] [Thread 10544] extDB2: SQL_CUSTOM_V2: Error No Custom Call Not Found: Callname mafiaBank
[12:49:02:138115 +02:00] [Thread 10544] extDB2: SQL_CUSTOM_V2: Error No Custom Call Not Found: Input String racetimes:2
[12:49:02:138132 +02:00] [Thread 10544] extDB2: SQL_CUSTOM_V2: Error No Custom Call Not Found: Callname racetimes
[12:49:02:138171 +02:00] [Thread 10544] extDB2: SQL_CUSTOM_V2: Error No Custom Call Not Found: Input String rallyracetimes:2
[12:49:02:138175 +02:00] [Thread 10544] extDB2: SQL_CUSTOM_V2: Error No Custom Call Not Found: Callname rallyracetimes
[12:49:03:840482 +02:00] [Thread 10544] extDB2: SQL_CUSTOM_V2: Error No Custom Call Not Found: Input String racetimes:3
[12:49:03:840498 +02:00] [Thread 10544] extDB2: SQL_CUSTOM_V2: Error No Custom Call Not Found: Callname racetimes
[12:49:03:840560 +02:00] [Thread 10544] extDB2: SQL_CUSTOM_V2: Error No Custom Call Not Found: Input String rallyracetimes:3
[12:49:03:840569 +02:00] [Thread 10544] extDB2: SQL_CUSTOM_V2: Error No Custom Call Not Found: Callname rallyracetimes
[19:10:51:385441 +02:00] [Thread 3140] extDB2: SQL_CUSTOM_V2: Error StatementException: MySQL: [MySQL]: [Comment]: mysql_stmt_execute error	[mysql_stmt_error]: Data too long for column 'message' at row 1	[mysql_stmt_errno]: 1406	[mysql_stmt_sqlstate]: 22001	[statemnt]: INSERT INTO mail (message, title, sender, receiver) VALUES (?,?,?,?)
[19:10:51:385480 +02:00] [Thread 3140] extDB2: SQL_CUSTOM_V2: Wiping Statements + Session
[19:10:51:385489 +02:00] [Thread 3140] extDB2: SQL_CUSTOM_V2: Error: UniqueID: 1 Input String: insertMail:Hi, this is your first mail message, welcome to Silver Lake!:Dear Jason White:Silver Lake Government:76561198099425362
[19:10:51:539463 +02:00] [Thread 3140] extDB2: SQL_CUSTOM_V2: Error StatementException: MySQL: [MySQL]: [Comment]: mysql_stmt_execute error	[mysql_stmt_error]: Data too long for column 'message' at row 1	[mysql_stmt_errno]: 1406	[mysql_stmt_sqlstate]: 22001	[statemnt]: INSERT INTO messages (message, title, sender, receiver) VALUES (?,?,?,?)
[19:10:51:539509 +02:00] [Thread 3140] extDB2: SQL_CUSTOM_V2: Wiping Statements + Session
[19:10:51:539518 +02:00] [Thread 3140] extDB2: SQL_CUSTOM_V2: Error: UniqueID: 1 Input String: insertMessage:Hi, this is your first text message, welcome to the Silver Lake Verizon network!:Dear Jason White:Verizon:76561198099425362
[20:44:39:104734 +02:00] [Thread 3140] extDB2: Stopping ...
