extDB2: Version: 71
extDB2: https://github.com/Torndeco/extDB2
extDB2: Windows Version
Message: All development for extDB2 is done on a Linux Dedicated Server
Message: If you would like to Donate to extDB2 Development
Message: https://www.paypal.com/cgi-bin/webscr?cmd=_s-xclick&hosted_button_id=2SUEFTGABTAM2
Message: Also leave a message if there is any particular feature you would like to see added.
Message: Thanks for all the people that have donated.
Message: Torndeco: 20/02/15


extDB2: Found extdb-conf.ini
extDB2: Detected 8 Cores, Setting up 6 Worker Threads


[20:48:55:975515 +02:00] [Thread 5440] extDB2: Database Type: MySQL
[20:48:55:985715 +02:00] [Thread 5440] extDB2: Database Session Pool Started
[20:48:55:986050 +02:00] [Thread 5440] extDB2: SQL_CUSTOM_V2: Loading Template Filename: C:\Program Files (x86)\Steam\steamapps\common\Arma 3\@extDBNP\extDB\sql_custom_v2\rpframework.ini
[20:48:55:986078 +02:00] [Thread 5440] extDB2: SQL_CUSTOM_V2: Version 10 Detected, Latest Version 12 Available
[20:48:56:232251 +02:00] [Thread 5384] extDB2: SQL_CUSTOM_V2: Error No Custom Call Not Found: Input String getMayor:2
[20:48:56:232267 +02:00] [Thread 5384] extDB2: SQL_CUSTOM_V2: Error No Custom Call Not Found: Callname getMayor
[20:48:56:232285 +02:00] [Thread 5384] extDB2: SQL_CUSTOM_V2: Error No Custom Call Not Found: Input String racetimes:1
[20:48:56:232289 +02:00] [Thread 5384] extDB2: SQL_CUSTOM_V2: Error No Custom Call Not Found: Callname racetimes
[20:48:56:232322 +02:00] [Thread 5384] extDB2: SQL_CUSTOM_V2: Error No Custom Call Not Found: Input String rallyracetimes:1
[20:48:56:232326 +02:00] [Thread 5384] extDB2: SQL_CUSTOM_V2: Error No Custom Call Not Found: Callname rallyracetimes
[20:48:56:232353 +02:00] [Thread 5384] extDB2: SQL_CUSTOM_V2: Error No Custom Call Not Found: Input String mafiaBank:1
[20:48:56:232357 +02:00] [Thread 5384] extDB2: SQL_CUSTOM_V2: Error No Custom Call Not Found: Callname mafiaBank
[20:48:56:589136 +02:00] [Thread 5384] extDB2: SQL_CUSTOM_V2: Error No Custom Call Not Found: Input String racetimes:2
[20:48:56:589155 +02:00] [Thread 5384] extDB2: SQL_CUSTOM_V2: Error No Custom Call Not Found: Callname racetimes
[20:48:56:589214 +02:00] [Thread 5384] extDB2: SQL_CUSTOM_V2: Error No Custom Call Not Found: Input String rallyracetimes:2
[20:48:56:589223 +02:00] [Thread 5384] extDB2: SQL_CUSTOM_V2: Error No Custom Call Not Found: Callname rallyracetimes
[20:48:58:172770 +02:00] [Thread 5384] extDB2: SQL_CUSTOM_V2: Error No Custom Call Not Found: Input String racetimes:3
[20:48:58:172787 +02:00] [Thread 5384] extDB2: SQL_CUSTOM_V2: Error No Custom Call Not Found: Callname racetimes
[20:48:58:172847 +02:00] [Thread 5384] extDB2: SQL_CUSTOM_V2: Error No Custom Call Not Found: Input String rallyracetimes:3
[20:48:58:172856 +02:00] [Thread 5384] extDB2: SQL_CUSTOM_V2: Error No Custom Call Not Found: Callname rallyracetimes
[20:50:50:460598 +02:00] [Thread 5440] extDB2: Stopping ...
