extDB2: Version: 71
extDB2: https://github.com/Torndeco/extDB2
extDB2: Windows Version
Message: All development for extDB2 is done on a Linux Dedicated Server
Message: If you would like to Donate to extDB2 Development
Message: https://www.paypal.com/cgi-bin/webscr?cmd=_s-xclick&hosted_button_id=2SUEFTGABTAM2
Message: Also leave a message if there is any particular feature you would like to see added.
Message: Thanks for all the people that have donated.
Message: Torndeco: 20/02/15


extDB2: Found extdb-conf.ini
extDB2: Detected 8 Cores, Setting up 6 Worker Threads


[20:51:35:393987 +02:00] [Thread 10652] extDB2: Database Type: MySQL
[20:51:35:406098 +02:00] [Thread 10652] extDB2: Database Session Pool Started
[20:51:35:406440 +02:00] [Thread 10652] extDB2: SQL_CUSTOM_V2: Loading Template Filename: C:\Program Files (x86)\Steam\steamapps\common\Arma 3\@extDBNP\extDB\sql_custom_v2\rpframework.ini
[20:51:35:406468 +02:00] [Thread 10652] extDB2: SQL_CUSTOM_V2: Version 10 Detected, Latest Version 12 Available
[20:51:35:652997 +02:00] [Thread 4940] extDB2: SQL_CUSTOM_V2: Error No Custom Call Not Found: Input String getMayor:2
[20:51:35:653013 +02:00] [Thread 4940] extDB2: SQL_CUSTOM_V2: Error No Custom Call Not Found: Callname getMayor
[20:51:35:653064 +02:00] [Thread 4940] extDB2: SQL_CUSTOM_V2: Error No Custom Call Not Found: Input String racetimes:1
[20:51:35:653070 +02:00] [Thread 4940] extDB2: SQL_CUSTOM_V2: Error No Custom Call Not Found: Callname racetimes
[20:51:35:653120 +02:00] [Thread 4940] extDB2: SQL_CUSTOM_V2: Error No Custom Call Not Found: Input String rallyracetimes:1
[20:51:35:653126 +02:00] [Thread 4940] extDB2: SQL_CUSTOM_V2: Error No Custom Call Not Found: Callname rallyracetimes
[20:51:35:653173 +02:00] [Thread 4940] extDB2: SQL_CUSTOM_V2: Error No Custom Call Not Found: Input String mafiaBank:1
[20:51:35:653179 +02:00] [Thread 4940] extDB2: SQL_CUSTOM_V2: Error No Custom Call Not Found: Callname mafiaBank
[20:51:36:007679 +02:00] [Thread 4940] extDB2: SQL_CUSTOM_V2: Error No Custom Call Not Found: Input String racetimes:2
[20:51:36:007697 +02:00] [Thread 4940] extDB2: SQL_CUSTOM_V2: Error No Custom Call Not Found: Callname racetimes
[20:51:36:007759 +02:00] [Thread 4940] extDB2: SQL_CUSTOM_V2: Error No Custom Call Not Found: Input String rallyracetimes:2
[20:51:36:007768 +02:00] [Thread 4940] extDB2: SQL_CUSTOM_V2: Error No Custom Call Not Found: Callname rallyracetimes
[20:51:37:614892 +02:00] [Thread 4940] extDB2: SQL_CUSTOM_V2: Error No Custom Call Not Found: Input String racetimes:3
[20:51:37:614908 +02:00] [Thread 4940] extDB2: SQL_CUSTOM_V2: Error No Custom Call Not Found: Callname racetimes
[20:51:37:614972 +02:00] [Thread 4940] extDB2: SQL_CUSTOM_V2: Error No Custom Call Not Found: Input String rallyracetimes:3
[20:51:37:614981 +02:00] [Thread 4940] extDB2: SQL_CUSTOM_V2: Error No Custom Call Not Found: Callname rallyracetimes
[20:59:33:680568 +02:00] [Thread 10652] extDB2: Stopping ...
