extDB2: Version: 71
extDB2: https://github.com/Torndeco/extDB2
extDB2: Windows Version
Message: All development for extDB2 is done on a Linux Dedicated Server
Message: If you would like to Donate to extDB2 Development
Message: https://www.paypal.com/cgi-bin/webscr?cmd=_s-xclick&hosted_button_id=2SUEFTGABTAM2
Message: Also leave a message if there is any particular feature you would like to see added.
Message: Thanks for all the people that have donated.
Message: Torndeco: 20/02/15


extDB2: Found extdb-conf.ini
extDB2: Detected 8 Cores, Setting up 6 Worker Threads


[21:43:46:931643 +02:00] [Thread 9160] extDB2: Database Type: MySQL
[21:43:46:932666 +02:00] [Thread 9160] extDB2: Database Session Pool Started
[21:43:46:933026 +02:00] [Thread 9160] extDB2: SQL_CUSTOM_V2: Loading Template Filename: C:\Program Files (x86)\Steam\steamapps\common\Arma 3\@extDBNP\extDB\sql_custom_v2\rpframework.ini
[21:43:46:933055 +02:00] [Thread 9160] extDB2: SQL_CUSTOM_V2: Version 10 Detected, Latest Version 12 Available
[21:43:47:093374 +02:00] [Thread 12512] extDB2: SQL_CUSTOM_V2: Error No Custom Call Not Found: Input String getMayor:2
[21:43:47:093390 +02:00] [Thread 12512] extDB2: SQL_CUSTOM_V2: Error No Custom Call Not Found: Callname getMayor
[21:43:47:093418 +02:00] [Thread 12512] extDB2: SQL_CUSTOM_V2: Error No Custom Call Not Found: Input String racetimes:1
[21:43:47:093431 +02:00] [Thread 12512] extDB2: SQL_CUSTOM_V2: Error No Custom Call Not Found: Callname racetimes
[21:43:47:093464 +02:00] [Thread 12512] extDB2: SQL_CUSTOM_V2: Error No Custom Call Not Found: Input String rallyracetimes:1
[21:43:47:093468 +02:00] [Thread 12512] extDB2: SQL_CUSTOM_V2: Error No Custom Call Not Found: Callname rallyracetimes
[21:43:47:093496 +02:00] [Thread 12512] extDB2: SQL_CUSTOM_V2: Error No Custom Call Not Found: Input String mafiaBank:1
[21:43:47:093528 +02:00] [Thread 12512] extDB2: SQL_CUSTOM_V2: Error No Custom Call Not Found: Callname mafiaBank
[21:43:47:097660 +02:00] [Thread 12512] extDB2: SQL_CUSTOM_V2: Error No Custom Call Not Found: Input String racetimes:2
[21:43:47:097672 +02:00] [Thread 12512] extDB2: SQL_CUSTOM_V2: Error No Custom Call Not Found: Callname racetimes
[21:43:47:097717 +02:00] [Thread 12512] extDB2: SQL_CUSTOM_V2: Error No Custom Call Not Found: Input String rallyracetimes:2
[21:43:47:097721 +02:00] [Thread 12512] extDB2: SQL_CUSTOM_V2: Error No Custom Call Not Found: Callname rallyracetimes
[21:43:47:275961 +02:00] [Thread 12512] extDB2: SQL_CUSTOM_V2: Error No Custom Call Not Found: Input String racetimes:3
[21:43:47:275992 +02:00] [Thread 12512] extDB2: SQL_CUSTOM_V2: Error No Custom Call Not Found: Callname racetimes
[21:43:47:276074 +02:00] [Thread 12512] extDB2: SQL_CUSTOM_V2: Error No Custom Call Not Found: Input String rallyracetimes:3
[21:43:47:276084 +02:00] [Thread 12512] extDB2: SQL_CUSTOM_V2: Error No Custom Call Not Found: Callname rallyracetimes
[21:46:57:463457 +02:00] [Thread 9160] extDB2: SQL_CUSTOM_V2: Error StatementException: MySQL: [MySQL]: [Comment]: mysql_stmt_execute error	[mysql_stmt_error]: Data too long for column 'message' at row 1	[mysql_stmt_errno]: 1406	[mysql_stmt_sqlstate]: 22001	[statemnt]: INSERT INTO mail (message, title, sender, receiver) VALUES (?,?,?,?)
[21:46:57:463506 +02:00] [Thread 9160] extDB2: SQL_CUSTOM_V2: Wiping Statements + Session
[21:46:57:463516 +02:00] [Thread 9160] extDB2: SQL_CUSTOM_V2: Error: UniqueID: 1 Input String: insertMail:Hi, this is your first mail message, welcome to Silver Lake!:Dear John Ferrari:Silver Lake Government:76561198105460465
[21:46:57:617336 +02:00] [Thread 9160] extDB2: SQL_CUSTOM_V2: Error StatementException: MySQL: [MySQL]: [Comment]: mysql_stmt_execute error	[mysql_stmt_error]: Data too long for column 'message' at row 1	[mysql_stmt_errno]: 1406	[mysql_stmt_sqlstate]: 22001	[statemnt]: INSERT INTO messages (message, title, sender, receiver) VALUES (?,?,?,?)
[21:46:57:617378 +02:00] [Thread 9160] extDB2: SQL_CUSTOM_V2: Wiping Statements + Session
[21:46:57:617397 +02:00] [Thread 9160] extDB2: SQL_CUSTOM_V2: Error: UniqueID: 1 Input String: insertMessage:Hi, this is your first text message, welcome to the Silver Lake Verizon network!:Dear John Ferrari:Verizon:76561198105460465
[21:46:59:956827 +02:00] [Thread 9160] extDB2: SQL_CUSTOM_V2: Error StatementException: MySQL: [MySQL]: [Comment]: mysql_stmt_execute error	[mysql_stmt_error]: Data too long for column 'message' at row 1	[mysql_stmt_errno]: 1406	[mysql_stmt_sqlstate]: 22001	[statemnt]: INSERT INTO mail (message, title, sender, receiver) VALUES (?,?,?,?)
[21:46:59:956863 +02:00] [Thread 9160] extDB2: SQL_CUSTOM_V2: Wiping Statements + Session
[21:46:59:956872 +02:00] [Thread 9160] extDB2: SQL_CUSTOM_V2: Error: UniqueID: 1 Input String: insertMail:Hi, this is your first mail message, welcome to Silver Lake!:Dear Henio Haj:Silver Lake Government:76561198311832263
[21:47:00:111192 +02:00] [Thread 9160] extDB2: SQL_CUSTOM_V2: Error StatementException: MySQL: [MySQL]: [Comment]: mysql_stmt_execute error	[mysql_stmt_error]: Data too long for column 'message' at row 1	[mysql_stmt_errno]: 1406	[mysql_stmt_sqlstate]: 22001	[statemnt]: INSERT INTO messages (message, title, sender, receiver) VALUES (?,?,?,?)
[21:47:00:111248 +02:00] [Thread 9160] extDB2: SQL_CUSTOM_V2: Wiping Statements + Session
[21:47:00:111259 +02:00] [Thread 9160] extDB2: SQL_CUSTOM_V2: Error: UniqueID: 1 Input String: insertMessage:Hi, this is your first text message, welcome to the Silver Lake Verizon network!:Dear Henio Haj:Verizon:76561198311832263
[21:47:51:880750 +02:00] [Thread 9160] extDB2: SQL_CUSTOM_V2: Error StatementException: MySQL: [MySQL]: [Comment]: mysql_stmt_execute error	[mysql_stmt_error]: Data too long for column 'message' at row 1	[mysql_stmt_errno]: 1406	[mysql_stmt_sqlstate]: 22001	[statemnt]: INSERT INTO mail (message, title, sender, receiver) VALUES (?,?,?,?)
[21:47:51:880794 +02:00] [Thread 9160] extDB2: SQL_CUSTOM_V2: Wiping Statements + Session
[21:47:51:880802 +02:00] [Thread 9160] extDB2: SQL_CUSTOM_V2: Error: UniqueID: 1 Input String: insertMail:Hi, this is your first mail message, welcome to Silver Lake!:Dear Minato Namikaze:Silver Lake Government:76561198022719943
[21:47:52:033687 +02:00] [Thread 9160] extDB2: SQL_CUSTOM_V2: Error StatementException: MySQL: [MySQL]: [Comment]: mysql_stmt_execute error	[mysql_stmt_error]: Data too long for column 'message' at row 1	[mysql_stmt_errno]: 1406	[mysql_stmt_sqlstate]: 22001	[statemnt]: INSERT INTO messages (message, title, sender, receiver) VALUES (?,?,?,?)
[21:47:52:033719 +02:00] [Thread 9160] extDB2: SQL_CUSTOM_V2: Wiping Statements + Session
[21:47:52:033728 +02:00] [Thread 9160] extDB2: SQL_CUSTOM_V2: Error: UniqueID: 1 Input String: insertMessage:Hi, this is your first text message, welcome to the Silver Lake Verizon network!:Dear Minato Namikaze:Verizon:76561198022719943
[21:48:05:621009 +02:00] [Thread 9160] extDB2: Stopping ...
