extDB2: Version: 71
extDB2: https://github.com/Torndeco/extDB2
extDB2: Windows Version
Message: All development for extDB2 is done on a Linux Dedicated Server
Message: If you would like to Donate to extDB2 Development
Message: https://www.paypal.com/cgi-bin/webscr?cmd=_s-xclick&hosted_button_id=2SUEFTGABTAM2
Message: Also leave a message if there is any particular feature you would like to see added.
Message: Thanks for all the people that have donated.
Message: Torndeco: 20/02/15


extDB2: Found extdb-conf.ini
extDB2: Detected 8 Cores, Setting up 6 Worker Threads


[22:14:06:794650 +02:00] [Thread 12004] extDB2: Database Type: MySQL
[22:14:06:805806 +02:00] [Thread 12004] extDB2: Database Session Pool Started
[22:14:06:806168 +02:00] [Thread 12004] extDB2: SQL_CUSTOM_V2: Loading Template Filename: C:\Program Files (x86)\Steam\steamapps\common\Arma 3\@extDBNP\extDB\sql_custom_v2\rpframework.ini
[22:14:06:806200 +02:00] [Thread 12004] extDB2: SQL_CUSTOM_V2: Version 10 Detected, Latest Version 12 Available
[22:14:07:082923 +02:00] [Thread 9228] extDB2: SQL_CUSTOM_V2: Error No Custom Call Not Found: Input String getMayor:2
[22:14:07:082940 +02:00] [Thread 9228] extDB2: SQL_CUSTOM_V2: Error No Custom Call Not Found: Callname getMayor
[22:14:07:082976 +02:00] [Thread 9512] extDB2: SQL_CUSTOM_V2: Error No Custom Call Not Found: Input String racetimes:1
[22:14:07:082986 +02:00] [Thread 9512] extDB2: SQL_CUSTOM_V2: Error No Custom Call Not Found: Callname racetimes
[22:14:07:083009 +02:00] [Thread 9512] extDB2: SQL_CUSTOM_V2: Error No Custom Call Not Found: Input String rallyracetimes:1
[22:14:07:083014 +02:00] [Thread 9512] extDB2: SQL_CUSTOM_V2: Error No Custom Call Not Found: Callname rallyracetimes
[22:14:07:083056 +02:00] [Thread 9512] extDB2: SQL_CUSTOM_V2: Error No Custom Call Not Found: Input String mafiaBank:1
[22:14:07:083061 +02:00] [Thread 9512] extDB2: SQL_CUSTOM_V2: Error No Custom Call Not Found: Callname mafiaBank
[22:14:07:219045 +02:00] [Thread 9512] extDB2: SQL_CUSTOM_V2: Error No Custom Call Not Found: Input String racetimes:2
[22:14:07:219061 +02:00] [Thread 9512] extDB2: SQL_CUSTOM_V2: Error No Custom Call Not Found: Callname racetimes
[22:14:07:219103 +02:00] [Thread 9512] extDB2: SQL_CUSTOM_V2: Error No Custom Call Not Found: Input String rallyracetimes:2
[22:14:07:219107 +02:00] [Thread 9512] extDB2: SQL_CUSTOM_V2: Error No Custom Call Not Found: Callname rallyracetimes
[22:14:08:945605 +02:00] [Thread 9512] extDB2: SQL_CUSTOM_V2: Error No Custom Call Not Found: Input String rallyracetimes:3
[22:14:08:945622 +02:00] [Thread 9512] extDB2: SQL_CUSTOM_V2: Error No Custom Call Not Found: Callname rallyracetimes
[22:14:08:945667 +02:00] [Thread 9512] extDB2: SQL_CUSTOM_V2: Error No Custom Call Not Found: Input String racetimes:3
[22:14:08:945673 +02:00] [Thread 9512] extDB2: SQL_CUSTOM_V2: Error No Custom Call Not Found: Callname racetimes
[22:17:31:075638 +02:00] [Thread 12004] extDB2: SQL_CUSTOM_V2: Error StatementException: MySQL: [MySQL]: [Comment]: mysql_stmt_execute error	[mysql_stmt_error]: Data too long for column 'message' at row 1	[mysql_stmt_errno]: 1406	[mysql_stmt_sqlstate]: 22001	[statemnt]: INSERT INTO mail (message, title, sender, receiver) VALUES (?,?,?,?)
[22:17:31:075685 +02:00] [Thread 12004] extDB2: SQL_CUSTOM_V2: Wiping Statements + Session
[22:17:31:075694 +02:00] [Thread 12004] extDB2: SQL_CUSTOM_V2: Error: UniqueID: 1 Input String: insertMail:Hi, this is your first mail message, welcome to Silver Lake!:Dear Michal Dalbym:Silver Lake Government:76561198120593910
[22:17:31:227448 +02:00] [Thread 12004] extDB2: SQL_CUSTOM_V2: Error StatementException: MySQL: [MySQL]: [Comment]: mysql_stmt_execute error	[mysql_stmt_error]: Data too long for column 'message' at row 1	[mysql_stmt_errno]: 1406	[mysql_stmt_sqlstate]: 22001	[statemnt]: INSERT INTO messages (message, title, sender, receiver) VALUES (?,?,?,?)
[22:17:31:227489 +02:00] [Thread 12004] extDB2: SQL_CUSTOM_V2: Wiping Statements + Session
[22:17:31:227498 +02:00] [Thread 12004] extDB2: SQL_CUSTOM_V2: Error: UniqueID: 1 Input String: insertMessage:Hi, this is your first text message, welcome to the Silver Lake Verizon network!:Dear Michal Dalbym:Verizon:76561198120593910
[22:36:13:310146 +02:00] [Thread 12004] extDB2: SQL_CUSTOM_V2: Error StatementException: MySQL: [MySQL]: [Comment]: mysql_stmt_execute error	[mysql_stmt_error]: Data too long for column 'message' at row 1	[mysql_stmt_errno]: 1406	[mysql_stmt_sqlstate]: 22001	[statemnt]: INSERT INTO mail (message, title, sender, receiver) VALUES (?,?,?,?)
[22:36:13:310195 +02:00] [Thread 12004] extDB2: SQL_CUSTOM_V2: Wiping Statements + Session
[22:36:13:310205 +02:00] [Thread 12004] extDB2: SQL_CUSTOM_V2: Error: UniqueID: 1 Input String: insertMail:Hi, this is your first mail message, welcome to Silver Lake!:Dear Marian Odlamkowy [600]:Silver Lake Government:76561198131854921
[22:36:13:462697 +02:00] [Thread 12004] extDB2: SQL_CUSTOM_V2: Error StatementException: MySQL: [MySQL]: [Comment]: mysql_stmt_execute error	[mysql_stmt_error]: Data too long for column 'message' at row 1	[mysql_stmt_errno]: 1406	[mysql_stmt_sqlstate]: 22001	[statemnt]: INSERT INTO messages (message, title, sender, receiver) VALUES (?,?,?,?)
[22:36:13:462741 +02:00] [Thread 12004] extDB2: SQL_CUSTOM_V2: Wiping Statements + Session
[22:36:13:462750 +02:00] [Thread 12004] extDB2: SQL_CUSTOM_V2: Error: UniqueID: 1 Input String: insertMessage:Hi, this is your first text message, welcome to the Silver Lake Verizon network!:Dear Marian Odlamkowy [600]:Verizon:76561198131854921
[22:36:17:930092 +02:00] [Thread 12004] extDB2: SQL_CUSTOM_V2: Error StatementException: MySQL: [MySQL]: [Comment]: mysql_stmt_execute error	[mysql_stmt_error]: Data too long for column 'message' at row 1	[mysql_stmt_errno]: 1406	[mysql_stmt_sqlstate]: 22001	[statemnt]: INSERT INTO mail (message, title, sender, receiver) VALUES (?,?,?,?)
[22:36:17:930136 +02:00] [Thread 12004] extDB2: SQL_CUSTOM_V2: Wiping Statements + Session
[22:36:17:930146 +02:00] [Thread 12004] extDB2: SQL_CUSTOM_V2: Error: UniqueID: 1 Input String: insertMail:Hi, this is your first mail message, welcome to Silver Lake!:Dear Irek  Dobosz:Silver Lake Government:76561198073379532
[22:36:18:085628 +02:00] [Thread 12004] extDB2: SQL_CUSTOM_V2: Error StatementException: MySQL: [MySQL]: [Comment]: mysql_stmt_execute error	[mysql_stmt_error]: Data too long for column 'message' at row 1	[mysql_stmt_errno]: 1406	[mysql_stmt_sqlstate]: 22001	[statemnt]: INSERT INTO messages (message, title, sender, receiver) VALUES (?,?,?,?)
[22:36:18:085669 +02:00] [Thread 12004] extDB2: SQL_CUSTOM_V2: Wiping Statements + Session
[22:36:18:085679 +02:00] [Thread 12004] extDB2: SQL_CUSTOM_V2: Error: UniqueID: 1 Input String: insertMessage:Hi, this is your first text message, welcome to the Silver Lake Verizon network!:Dear Irek  Dobosz:Verizon:76561198073379532
[22:38:47:991344 +02:00] [Thread 12004] extDB2: SQL_CUSTOM_V2: Error StatementException: MySQL: [MySQL]: [Comment]: mysql_stmt_execute error	[mysql_stmt_error]: Data too long for column 'message' at row 1	[mysql_stmt_errno]: 1406	[mysql_stmt_sqlstate]: 22001	[statemnt]: INSERT INTO mail (message, title, sender, receiver) VALUES (?,?,?,?)
[22:38:47:991385 +02:00] [Thread 12004] extDB2: SQL_CUSTOM_V2: Wiping Statements + Session
[22:38:47:991393 +02:00] [Thread 12004] extDB2: SQL_CUSTOM_V2: Error: UniqueID: 1 Input String: insertMail:Hi, this is your first mail message, welcome to Silver Lake!:Dear Kamil Durszlok:Silver Lake Government:76561198305103970
[22:38:48:143647 +02:00] [Thread 12004] extDB2: SQL_CUSTOM_V2: Error StatementException: MySQL: [MySQL]: [Comment]: mysql_stmt_execute error	[mysql_stmt_error]: Data too long for column 'message' at row 1	[mysql_stmt_errno]: 1406	[mysql_stmt_sqlstate]: 22001	[statemnt]: INSERT INTO messages (message, title, sender, receiver) VALUES (?,?,?,?)
[22:38:48:143704 +02:00] [Thread 12004] extDB2: SQL_CUSTOM_V2: Wiping Statements + Session
[22:38:48:143713 +02:00] [Thread 12004] extDB2: SQL_CUSTOM_V2: Error: UniqueID: 1 Input String: insertMessage:Hi, this is your first text message, welcome to the Silver Lake Verizon network!:Dear Kamil Durszlok:Verizon:76561198305103970
[22:39:24:487789 +02:00] [Thread 12004] extDB2: SQL_CUSTOM_V2: Error StatementException: MySQL: [MySQL]: [Comment]: mysql_stmt_execute error	[mysql_stmt_error]: Data too long for column 'message' at row 1	[mysql_stmt_errno]: 1406	[mysql_stmt_sqlstate]: 22001	[statemnt]: INSERT INTO mail (message, title, sender, receiver) VALUES (?,?,?,?)
[22:39:24:487832 +02:00] [Thread 12004] extDB2: SQL_CUSTOM_V2: Wiping Statements + Session
[22:39:24:487840 +02:00] [Thread 12004] extDB2: SQL_CUSTOM_V2: Error: UniqueID: 1 Input String: insertMail:Hi, this is your first mail message, welcome to Silver Lake!:Dear Arthur James [501]:Silver Lake Government:76561198028980508
[22:39:24:637958 +02:00] [Thread 12004] extDB2: SQL_CUSTOM_V2: Error StatementException: MySQL: [MySQL]: [Comment]: mysql_stmt_execute error	[mysql_stmt_error]: Data too long for column 'message' at row 1	[mysql_stmt_errno]: 1406	[mysql_stmt_sqlstate]: 22001	[statemnt]: INSERT INTO messages (message, title, sender, receiver) VALUES (?,?,?,?)
[22:39:24:637992 +02:00] [Thread 12004] extDB2: SQL_CUSTOM_V2: Wiping Statements + Session
[22:39:24:638001 +02:00] [Thread 12004] extDB2: SQL_CUSTOM_V2: Error: UniqueID: 1 Input String: insertMessage:Hi, this is your first text message, welcome to the Silver Lake Verizon network!:Dear Arthur James [501]:Verizon:76561198028980508
[22:43:26:372612 +02:00] [Thread 12004] extDB2: SQL_CUSTOM_V2: Error StatementException: MySQL: [MySQL]: [Comment]: mysql_stmt_execute error	[mysql_stmt_error]: Data too long for column 'message' at row 1	[mysql_stmt_errno]: 1406	[mysql_stmt_sqlstate]: 22001	[statemnt]: INSERT INTO mail (message, title, sender, receiver) VALUES (?,?,?,?)
[22:43:26:372651 +02:00] [Thread 12004] extDB2: SQL_CUSTOM_V2: Wiping Statements + Session
[22:43:26:372660 +02:00] [Thread 12004] extDB2: SQL_CUSTOM_V2: Error: UniqueID: 1 Input String: insertMail:Hi, this is your first mail message, welcome to Silver Lake!:Dear Jim Black:Silver Lake Government:76561198036707060
[22:43:26:526931 +02:00] [Thread 12004] extDB2: SQL_CUSTOM_V2: Error StatementException: MySQL: [MySQL]: [Comment]: mysql_stmt_execute error	[mysql_stmt_error]: Data too long for column 'message' at row 1	[mysql_stmt_errno]: 1406	[mysql_stmt_sqlstate]: 22001	[statemnt]: INSERT INTO messages (message, title, sender, receiver) VALUES (?,?,?,?)
[22:43:26:526967 +02:00] [Thread 12004] extDB2: SQL_CUSTOM_V2: Wiping Statements + Session
[22:43:26:526975 +02:00] [Thread 12004] extDB2: SQL_CUSTOM_V2: Error: UniqueID: 1 Input String: insertMessage:Hi, this is your first text message, welcome to the Silver Lake Verizon network!:Dear Jim Black:Verizon:76561198036707060
[22:50:52:047616 +02:00] [Thread 12004] extDB2: SQL_CUSTOM_V2: Error StatementException: MySQL: [MySQL]: [Comment]: mysql_stmt_execute error	[mysql_stmt_error]: Data too long for column 'message' at row 1	[mysql_stmt_errno]: 1406	[mysql_stmt_sqlstate]: 22001	[statemnt]: INSERT INTO mail (message, title, sender, receiver) VALUES (?,?,?,?)
[22:50:52:047653 +02:00] [Thread 12004] extDB2: SQL_CUSTOM_V2: Wiping Statements + Session
[22:50:52:047662 +02:00] [Thread 12004] extDB2: SQL_CUSTOM_V2: Error: UniqueID: 1 Input String: insertMail:Hi, this is your first mail message, welcome to Silver Lake!:Dear Hugh Shaw:Silver Lake Government:76561198015862132
[22:50:52:219100 +02:00] [Thread 12004] extDB2: SQL_CUSTOM_V2: Error StatementException: MySQL: [MySQL]: [Comment]: mysql_stmt_execute error	[mysql_stmt_error]: Data too long for column 'message' at row 1	[mysql_stmt_errno]: 1406	[mysql_stmt_sqlstate]: 22001	[statemnt]: INSERT INTO messages (message, title, sender, receiver) VALUES (?,?,?,?)
[22:50:52:219134 +02:00] [Thread 12004] extDB2: SQL_CUSTOM_V2: Wiping Statements + Session
[22:50:52:219145 +02:00] [Thread 12004] extDB2: SQL_CUSTOM_V2: Error: UniqueID: 1 Input String: insertMessage:Hi, this is your first text message, welcome to the Silver Lake Verizon network!:Dear Hugh Shaw:Verizon:76561198015862132
[22:54:09:702279 +02:00] [Thread 12004] extDB2: SQL_CUSTOM_V2: Error StatementException: MySQL: [MySQL]: [Comment]: mysql_stmt_execute error	[mysql_stmt_error]: Data too long for column 'message' at row 1	[mysql_stmt_errno]: 1406	[mysql_stmt_sqlstate]: 22001	[statemnt]: INSERT INTO mail (message, title, sender, receiver) VALUES (?,?,?,?)
[22:54:09:702339 +02:00] [Thread 12004] extDB2: SQL_CUSTOM_V2: Wiping Statements + Session
[22:54:09:702348 +02:00] [Thread 12004] extDB2: SQL_CUSTOM_V2: Error: UniqueID: 1 Input String: insertMail:Hi, this is your first mail message, welcome to Silver Lake!:Dear Paulina Shepherd:Silver Lake Government:76561198020630952
[22:54:09:855404 +02:00] [Thread 12004] extDB2: SQL_CUSTOM_V2: Error StatementException: MySQL: [MySQL]: [Comment]: mysql_stmt_execute error	[mysql_stmt_error]: Data too long for column 'message' at row 1	[mysql_stmt_errno]: 1406	[mysql_stmt_sqlstate]: 22001	[statemnt]: INSERT INTO messages (message, title, sender, receiver) VALUES (?,?,?,?)
[22:54:09:855459 +02:00] [Thread 12004] extDB2: SQL_CUSTOM_V2: Wiping Statements + Session
[22:54:09:855478 +02:00] [Thread 12004] extDB2: SQL_CUSTOM_V2: Error: UniqueID: 1 Input String: insertMessage:Hi, this is your first text message, welcome to the Silver Lake Verizon network!:Dear Paulina Shepherd:Verizon:76561198020630952
[22:56:47:863889 +02:00] [Thread 12004] extDB2: SQL_CUSTOM_V2: Error No Custom Call Not Found: Input String updateShop:[[[],[],[]],[[],[],[]],[[],[],[]],[[],[],[]]]:76561198065872579
[22:56:47:863907 +02:00] [Thread 12004] extDB2: SQL_CUSTOM_V2: Error No Custom Call Not Found: Callname updateShop
[22:56:50:105886 +02:00] [Thread 12004] extDB2: SQL_CUSTOM_V2: Error No Custom Call Not Found: Input String updateShop:[[[],[],[]],[[],[],[]],[[],[],[]],[[],[],[]]]:76561198065872579
[22:56:50:105900 +02:00] [Thread 12004] extDB2: SQL_CUSTOM_V2: Error No Custom Call Not Found: Callname updateShop
[22:57:52:030557 +02:00] [Thread 12004] extDB2: SQL_CUSTOM_V2: Error StatementException: MySQL: [MySQL]: [Comment]: mysql_stmt_execute error	[mysql_stmt_error]: Data too long for column 'message' at row 1	[mysql_stmt_errno]: 1406	[mysql_stmt_sqlstate]: 22001	[statemnt]: INSERT INTO mail (message, title, sender, receiver) VALUES (?,?,?,?)
[22:57:52:030592 +02:00] [Thread 12004] extDB2: SQL_CUSTOM_V2: Wiping Statements + Session
[22:57:52:030600 +02:00] [Thread 12004] extDB2: SQL_CUSTOM_V2: Error: UniqueID: 1 Input String: insertMail:Hi, this is your first mail message, welcome to Silver Lake!:Dear Easy Smith:Silver Lake Government:76561198161472762
[22:57:52:181612 +02:00] [Thread 12004] extDB2: SQL_CUSTOM_V2: Error StatementException: MySQL: [MySQL]: [Comment]: mysql_stmt_execute error	[mysql_stmt_error]: Data too long for column 'message' at row 1	[mysql_stmt_errno]: 1406	[mysql_stmt_sqlstate]: 22001	[statemnt]: INSERT INTO messages (message, title, sender, receiver) VALUES (?,?,?,?)
[22:57:52:181656 +02:00] [Thread 12004] extDB2: SQL_CUSTOM_V2: Wiping Statements + Session
[22:57:52:181665 +02:00] [Thread 12004] extDB2: SQL_CUSTOM_V2: Error: UniqueID: 1 Input String: insertMessage:Hi, this is your first text message, welcome to the Silver Lake Verizon network!:Dear Easy Smith:Verizon:76561198161472762
[22:58:40:809517 +02:00] [Thread 12004] extDB2: SQL_CUSTOM_V2: Error No Custom Call Not Found: Input String updateShop:[[[],[],[]],[[],[],[]],[[],[],[]],[[],[],[]]]:76561198065872579
[22:58:40:809536 +02:00] [Thread 12004] extDB2: SQL_CUSTOM_V2: Error No Custom Call Not Found: Callname updateShop
[22:58:41:749160 +02:00] [Thread 12004] extDB2: SQL_CUSTOM_V2: Error No Custom Call Not Found: Input String updateShop:[[[],[],[]],[[],[],[]],[[],[],[]],[[],[],[]]]:76561198065872579
[22:58:41:749174 +02:00] [Thread 12004] extDB2: SQL_CUSTOM_V2: Error No Custom Call Not Found: Callname updateShop
[23:01:37:296018 +02:00] [Thread 12004] extDB2: SQL_CUSTOM_V2: Error StatementException: MySQL: [MySQL]: [Comment]: mysql_stmt_execute error	[mysql_stmt_error]: Data too long for column 'message' at row 1	[mysql_stmt_errno]: 1406	[mysql_stmt_sqlstate]: 22001	[statemnt]: INSERT INTO mail (message, title, sender, receiver) VALUES (?,?,?,?)
[23:01:37:296105 +02:00] [Thread 12004] extDB2: SQL_CUSTOM_V2: Wiping Statements + Session
[23:01:37:296116 +02:00] [Thread 12004] extDB2: SQL_CUSTOM_V2: Error: UniqueID: 1 Input String: insertMail:Hi, this is your first mail message, welcome to Silver Lake!:Dear Pola Hess:Silver Lake Government:76561198083214498
[23:01:37:453280 +02:00] [Thread 12004] extDB2: SQL_CUSTOM_V2: Error StatementException: MySQL: [MySQL]: [Comment]: mysql_stmt_execute error	[mysql_stmt_error]: Data too long for column 'message' at row 1	[mysql_stmt_errno]: 1406	[mysql_stmt_sqlstate]: 22001	[statemnt]: INSERT INTO messages (message, title, sender, receiver) VALUES (?,?,?,?)
[23:01:37:453324 +02:00] [Thread 12004] extDB2: SQL_CUSTOM_V2: Wiping Statements + Session
[23:01:37:453334 +02:00] [Thread 12004] extDB2: SQL_CUSTOM_V2: Error: UniqueID: 1 Input String: insertMessage:Hi, this is your first text message, welcome to the Silver Lake Verizon network!:Dear Pola Hess:Verizon:76561198083214498
[23:02:27:608692 +02:00] [Thread 12004] extDB2: SQL_CUSTOM_V2: Error No Custom Call Not Found: Input String updateEMS:7:76561198033424286
[23:02:27:608712 +02:00] [Thread 12004] extDB2: SQL_CUSTOM_V2: Error No Custom Call Not Found: Callname updateEMS
[23:04:20:512813 +02:00] [Thread 12004] extDB2: SQL_CUSTOM_V2: Error StatementException: MySQL: [MySQL]: [Comment]: mysql_stmt_execute error	[mysql_stmt_error]: Data too long for column 'message' at row 1	[mysql_stmt_errno]: 1406	[mysql_stmt_sqlstate]: 22001	[statemnt]: INSERT INTO mail (message, title, sender, receiver) VALUES (?,?,?,?)
[23:04:20:512869 +02:00] [Thread 12004] extDB2: SQL_CUSTOM_V2: Wiping Statements + Session
[23:04:20:512890 +02:00] [Thread 12004] extDB2: SQL_CUSTOM_V2: Error: UniqueID: 1 Input String: insertMail:Hi, this is your first mail message, welcome to Silver Lake!:Dear Tomasz Schmidt:Silver Lake Government:76561198013757235
[23:04:20:663766 +02:00] [Thread 12004] extDB2: SQL_CUSTOM_V2: Error StatementException: MySQL: [MySQL]: [Comment]: mysql_stmt_execute error	[mysql_stmt_error]: Data too long for column 'message' at row 1	[mysql_stmt_errno]: 1406	[mysql_stmt_sqlstate]: 22001	[statemnt]: INSERT INTO messages (message, title, sender, receiver) VALUES (?,?,?,?)
[23:04:20:663802 +02:00] [Thread 12004] extDB2: SQL_CUSTOM_V2: Wiping Statements + Session
[23:04:20:663811 +02:00] [Thread 12004] extDB2: SQL_CUSTOM_V2: Error: UniqueID: 1 Input String: insertMessage:Hi, this is your first text message, welcome to the Silver Lake Verizon network!:Dear Tomasz Schmidt:Verizon:76561198013757235
[23:05:51:768531 +02:00] [Thread 12004] extDB2: SQL_CUSTOM_V2: Error StatementException: MySQL: [MySQL]: [Comment]: mysql_stmt_execute error	[mysql_stmt_error]: Data too long for column 'message' at row 1	[mysql_stmt_errno]: 1406	[mysql_stmt_sqlstate]: 22001	[statemnt]: INSERT INTO mail (message, title, sender, receiver) VALUES (?,?,?,?)
[23:05:51:768568 +02:00] [Thread 12004] extDB2: SQL_CUSTOM_V2: Wiping Statements + Session
[23:05:51:768577 +02:00] [Thread 12004] extDB2: SQL_CUSTOM_V2: Error: UniqueID: 1 Input String: insertMail:Hi, this is your first mail message, welcome to Silver Lake!:Dear Denzel Curry:Silver Lake Government:76561197966736556
[23:05:51:944767 +02:00] [Thread 12004] extDB2: SQL_CUSTOM_V2: Error StatementException: MySQL: [MySQL]: [Comment]: mysql_stmt_execute error	[mysql_stmt_error]: Data too long for column 'message' at row 1	[mysql_stmt_errno]: 1406	[mysql_stmt_sqlstate]: 22001	[statemnt]: INSERT INTO messages (message, title, sender, receiver) VALUES (?,?,?,?)
[23:05:51:944812 +02:00] [Thread 12004] extDB2: SQL_CUSTOM_V2: Wiping Statements + Session
[23:05:51:944821 +02:00] [Thread 12004] extDB2: SQL_CUSTOM_V2: Error: UniqueID: 1 Input String: insertMessage:Hi, this is your first text message, welcome to the Silver Lake Verizon network!:Dear Denzel Curry:Verizon:76561197966736556
[23:08:38:659940 +02:00] [Thread 12004] extDB2: SQL_CUSTOM_V2: Error StatementException: MySQL: [MySQL]: [Comment]: mysql_stmt_execute error	[mysql_stmt_error]: Data too long for column 'message' at row 1	[mysql_stmt_errno]: 1406	[mysql_stmt_sqlstate]: 22001	[statemnt]: INSERT INTO mail (message, title, sender, receiver) VALUES (?,?,?,?)
[23:08:38:659982 +02:00] [Thread 12004] extDB2: SQL_CUSTOM_V2: Wiping Statements + Session
[23:08:38:659992 +02:00] [Thread 12004] extDB2: SQL_CUSTOM_V2: Error: UniqueID: 1 Input String: insertMail:Hi, this is your first mail message, welcome to Silver Lake!:Dear Dorian Lych 2:Silver Lake Government:76561198253273755
[23:08:38:835855 +02:00] [Thread 12004] extDB2: SQL_CUSTOM_V2: Error StatementException: MySQL: [MySQL]: [Comment]: mysql_stmt_execute error	[mysql_stmt_error]: Data too long for column 'message' at row 1	[mysql_stmt_errno]: 1406	[mysql_stmt_sqlstate]: 22001	[statemnt]: INSERT INTO messages (message, title, sender, receiver) VALUES (?,?,?,?)
[23:08:38:835900 +02:00] [Thread 12004] extDB2: SQL_CUSTOM_V2: Wiping Statements + Session
[23:08:38:835908 +02:00] [Thread 12004] extDB2: SQL_CUSTOM_V2: Error: UniqueID: 1 Input String: insertMessage:Hi, this is your first text message, welcome to the Silver Lake Verizon network!:Dear Dorian Lych 2:Verizon:76561198253273755
[23:11:01:021260 +02:00] [Thread 12004] extDB2: SQL_CUSTOM_V2: Error StatementException: MySQL: [MySQL]: [Comment]: mysql_stmt_execute error	[mysql_stmt_error]: Data too long for column 'message' at row 1	[mysql_stmt_errno]: 1406	[mysql_stmt_sqlstate]: 22001	[statemnt]: INSERT INTO mail (message, title, sender, receiver) VALUES (?,?,?,?)
[23:11:01:021308 +02:00] [Thread 12004] extDB2: SQL_CUSTOM_V2: Wiping Statements + Session
[23:11:01:021329 +02:00] [Thread 12004] extDB2: SQL_CUSTOM_V2: Error: UniqueID: 1 Input String: insertMail:Hi, this is your first mail message, welcome to Silver Lake!:Dear Hieronim kazimierowski:Silver Lake Government:76561198325288325
[23:11:01:175882 +02:00] [Thread 12004] extDB2: SQL_CUSTOM_V2: Error StatementException: MySQL: [MySQL]: [Comment]: mysql_stmt_execute error	[mysql_stmt_error]: Data too long for column 'message' at row 1	[mysql_stmt_errno]: 1406	[mysql_stmt_sqlstate]: 22001	[statemnt]: INSERT INTO messages (message, title, sender, receiver) VALUES (?,?,?,?)
[23:11:01:175952 +02:00] [Thread 12004] extDB2: SQL_CUSTOM_V2: Wiping Statements + Session
[23:11:01:175971 +02:00] [Thread 12004] extDB2: SQL_CUSTOM_V2: Error: UniqueID: 1 Input String: insertMessage:Hi, this is your first text message, welcome to the Silver Lake Verizon network!:Dear Hieronim kazimierowski:Verizon:76561198325288325
[23:11:27:272045 +02:00] [Thread 12004] extDB2: SQL_CUSTOM_V2: Error StatementException: MySQL: [MySQL]: [Comment]: mysql_stmt_execute error	[mysql_stmt_error]: Data too long for column 'message' at row 1	[mysql_stmt_errno]: 1406	[mysql_stmt_sqlstate]: 22001	[statemnt]: INSERT INTO mail (message, title, sender, receiver) VALUES (?,?,?,?)
[23:11:27:272093 +02:00] [Thread 12004] extDB2: SQL_CUSTOM_V2: Wiping Statements + Session
[23:11:27:272102 +02:00] [Thread 12004] extDB2: SQL_CUSTOM_V2: Error: UniqueID: 1 Input String: insertMail:Hi, this is your first mail message, welcome to Silver Lake!:Dear Gabrysia Nawrocka:Silver Lake Government:76561198085846101
[23:11:27:426562 +02:00] [Thread 12004] extDB2: SQL_CUSTOM_V2: Error StatementException: MySQL: [MySQL]: [Comment]: mysql_stmt_execute error	[mysql_stmt_error]: Data too long for column 'message' at row 1	[mysql_stmt_errno]: 1406	[mysql_stmt_sqlstate]: 22001	[statemnt]: INSERT INTO messages (message, title, sender, receiver) VALUES (?,?,?,?)
[23:11:27:426606 +02:00] [Thread 12004] extDB2: SQL_CUSTOM_V2: Wiping Statements + Session
[23:11:27:426615 +02:00] [Thread 12004] extDB2: SQL_CUSTOM_V2: Error: UniqueID: 1 Input String: insertMessage:Hi, this is your first text message, welcome to the Silver Lake Verizon network!:Dear Gabrysia Nawrocka:Verizon:76561198085846101
[23:14:35:735693 +02:00] [Thread 12004] extDB2: SQL_CUSTOM_V2: Error StatementException: MySQL: [MySQL]: [Comment]: mysql_stmt_execute error	[mysql_stmt_error]: Data too long for column 'message' at row 1	[mysql_stmt_errno]: 1406	[mysql_stmt_sqlstate]: 22001	[statemnt]: INSERT INTO mail (message, title, sender, receiver) VALUES (?,?,?,?)
[23:14:35:735745 +02:00] [Thread 12004] extDB2: SQL_CUSTOM_V2: Wiping Statements + Session
[23:14:35:735756 +02:00] [Thread 12004] extDB2: SQL_CUSTOM_V2: Error: UniqueID: 1 Input String: insertMail:Hi, this is your first mail message, welcome to Silver Lake!:Dear Anna Grodzka:Silver Lake Government:76561198076636870
[23:14:35:912143 +02:00] [Thread 12004] extDB2: SQL_CUSTOM_V2: Error StatementException: MySQL: [MySQL]: [Comment]: mysql_stmt_execute error	[mysql_stmt_error]: Data too long for column 'message' at row 1	[mysql_stmt_errno]: 1406	[mysql_stmt_sqlstate]: 22001	[statemnt]: INSERT INTO messages (message, title, sender, receiver) VALUES (?,?,?,?)
[23:14:35:912205 +02:00] [Thread 12004] extDB2: SQL_CUSTOM_V2: Wiping Statements + Session
[23:14:35:912215 +02:00] [Thread 12004] extDB2: SQL_CUSTOM_V2: Error: UniqueID: 1 Input String: insertMessage:Hi, this is your first text message, welcome to the Silver Lake Verizon network!:Dear Anna Grodzka:Verizon:76561198076636870
[23:16:58:736962 +02:00] [Thread 12004] extDB2: SQL_CUSTOM_V2: Error No Custom Call Not Found: Input String updateCop:9:76561197982469013
[23:16:58:736987 +02:00] [Thread 12004] extDB2: SQL_CUSTOM_V2: Error No Custom Call Not Found: Callname updateCop
[23:17:17:356551 +02:00] [Thread 12004] extDB2: SQL_CUSTOM_V2: Error No Custom Call Not Found: Input String updateCop:2:76561198313193846
[23:17:17:356574 +02:00] [Thread 12004] extDB2: SQL_CUSTOM_V2: Error No Custom Call Not Found: Callname updateCop
[23:17:32:702046 +02:00] [Thread 12004] extDB2: SQL_CUSTOM_V2: Error No Custom Call Not Found: Input String updateCop:5:76561198007690584
[23:17:32:702065 +02:00] [Thread 12004] extDB2: SQL_CUSTOM_V2: Error No Custom Call Not Found: Callname updateCop
[23:17:43:957904 +02:00] [Thread 12004] extDB2: SQL_CUSTOM_V2: Error No Custom Call Not Found: Input String updateCop:4:76561198007690584
[23:17:43:957923 +02:00] [Thread 12004] extDB2: SQL_CUSTOM_V2: Error No Custom Call Not Found: Callname updateCop
[23:17:57:607991 +02:00] [Thread 12004] extDB2: SQL_CUSTOM_V2: Error No Custom Call Not Found: Input String updateCop:3:76561198007690584
[23:17:57:608010 +02:00] [Thread 12004] extDB2: SQL_CUSTOM_V2: Error No Custom Call Not Found: Callname updateCop
[23:18:11:770804 +02:00] [Thread 12004] extDB2: SQL_CUSTOM_V2: Error No Custom Call Not Found: Input String updateCop:9:76561198058102360
[23:18:11:770824 +02:00] [Thread 12004] extDB2: SQL_CUSTOM_V2: Error No Custom Call Not Found: Callname updateCop
[23:18:22:124606 +02:00] [Thread 12004] extDB2: SQL_CUSTOM_V2: Error No Custom Call Not Found: Input String updateCop:3:76561198020117617
[23:18:22:124639 +02:00] [Thread 12004] extDB2: SQL_CUSTOM_V2: Error No Custom Call Not Found: Callname updateCop
[23:18:29:873916 +02:00] [Thread 12004] extDB2: SQL_CUSTOM_V2: Error No Custom Call Not Found: Input String updateCop:3:76561198161472762
[23:18:29:873935 +02:00] [Thread 12004] extDB2: SQL_CUSTOM_V2: Error No Custom Call Not Found: Callname updateCop
[23:18:32:875351 +02:00] [Thread 12004] extDB2: SQL_CUSTOM_V2: Error StatementException: MySQL: [MySQL]: [Comment]: mysql_stmt_execute error	[mysql_stmt_error]: Data too long for column 'message' at row 1	[mysql_stmt_errno]: 1406	[mysql_stmt_sqlstate]: 22001	[statemnt]: INSERT INTO mail (message, title, sender, receiver) VALUES (?,?,?,?)
[23:18:32:875390 +02:00] [Thread 12004] extDB2: SQL_CUSTOM_V2: Wiping Statements + Session
[23:18:32:875405 +02:00] [Thread 12004] extDB2: SQL_CUSTOM_V2: Error: UniqueID: 1 Input String: insertMail:Hi, this is your first mail message, welcome to Silver Lake!:Dear Donald Donaldowski[215]:Silver Lake Government:76561198023332238
[23:18:33:050706 +02:00] [Thread 12004] extDB2: SQL_CUSTOM_V2: Error StatementException: MySQL: [MySQL]: [Comment]: mysql_stmt_execute error	[mysql_stmt_error]: Data too long for column 'message' at row 1	[mysql_stmt_errno]: 1406	[mysql_stmt_sqlstate]: 22001	[statemnt]: INSERT INTO messages (message, title, sender, receiver) VALUES (?,?,?,?)
[23:18:33:050752 +02:00] [Thread 12004] extDB2: SQL_CUSTOM_V2: Wiping Statements + Session
[23:18:33:050772 +02:00] [Thread 12004] extDB2: SQL_CUSTOM_V2: Error: UniqueID: 1 Input String: insertMessage:Hi, this is your first text message, welcome to the Silver Lake Verizon network!:Dear Donald Donaldowski[215]:Verizon:76561198023332238
[23:18:38:430298 +02:00] [Thread 12004] extDB2: SQL_CUSTOM_V2: Error No Custom Call Not Found: Input String updateCop:3:76561198069879263
[23:18:38:430316 +02:00] [Thread 12004] extDB2: SQL_CUSTOM_V2: Error No Custom Call Not Found: Callname updateCop
[23:19:15:206318 +02:00] [Thread 12004] extDB2: SQL_CUSTOM_V2: Error No Custom Call Not Found: Input String updateCop:3:76561198030912509
[23:19:15:206339 +02:00] [Thread 12004] extDB2: SQL_CUSTOM_V2: Error No Custom Call Not Found: Callname updateCop
[23:19:24:137919 +02:00] [Thread 12004] extDB2: SQL_CUSTOM_V2: Error No Custom Call Not Found: Input String updateCop:3:76561198131355976
[23:19:24:137939 +02:00] [Thread 12004] extDB2: SQL_CUSTOM_V2: Error No Custom Call Not Found: Callname updateCop
[23:21:45:840476 +02:00] [Thread 12004] extDB2: SQL_CUSTOM_V2: Error StatementException: MySQL: [MySQL]: [Comment]: mysql_stmt_execute error	[mysql_stmt_error]: Data too long for column 'message' at row 1	[mysql_stmt_errno]: 1406	[mysql_stmt_sqlstate]: 22001	[statemnt]: INSERT INTO mail (message, title, sender, receiver) VALUES (?,?,?,?)
[23:21:45:840514 +02:00] [Thread 12004] extDB2: SQL_CUSTOM_V2: Wiping Statements + Session
[23:21:45:840532 +02:00] [Thread 12004] extDB2: SQL_CUSTOM_V2: Error: UniqueID: 1 Input String: insertMail:Hi, this is your first mail message, welcome to Silver Lake!:Dear Sebastian Gumis:Silver Lake Government:76561198064974837
[23:21:45:995318 +02:00] [Thread 12004] extDB2: SQL_CUSTOM_V2: Error StatementException: MySQL: [MySQL]: [Comment]: mysql_stmt_execute error	[mysql_stmt_error]: Data too long for column 'message' at row 1	[mysql_stmt_errno]: 1406	[mysql_stmt_sqlstate]: 22001	[statemnt]: INSERT INTO messages (message, title, sender, receiver) VALUES (?,?,?,?)
[23:21:45:995360 +02:00] [Thread 12004] extDB2: SQL_CUSTOM_V2: Wiping Statements + Session
[23:21:45:995380 +02:00] [Thread 12004] extDB2: SQL_CUSTOM_V2: Error: UniqueID: 1 Input String: insertMessage:Hi, this is your first text message, welcome to the Silver Lake Verizon network!:Dear Sebastian Gumis:Verizon:76561198064974837
[23:21:58:990973 +02:00] [Thread 12004] extDB2: SQL_CUSTOM_V2: Error No Custom Call Not Found: Input String updateCop:3:76561198076636870
[23:21:58:991014 +02:00] [Thread 12004] extDB2: SQL_CUSTOM_V2: Error No Custom Call Not Found: Callname updateCop
[23:23:44:287578 +02:00] [Thread 12004] extDB2: SQL_CUSTOM_V2: Incorrect Number of Inputs: Input String insertMessage:odbierz od Tomasza :):SMS from Pola Hess:Pola Hess:76561198020630952
[23:23:44:287598 +02:00] [Thread 12004] extDB2: SQL_CUSTOM_V2: Incorrect Number of Inputs: Expected: 4 Got: 5
[23:25:26:352436 +02:00] [Thread 12004] extDB2: SQL_CUSTOM_V2: Error StatementException: MySQL: [MySQL]: [Comment]: mysql_stmt_execute error	[mysql_stmt_error]: Incorrect string value: '\xC4\x85. Od...' for column 'message' at row 1	[mysql_stmt_errno]: 1366	[mysql_stmt_sqlstate]: HY000	[statemnt]: INSERT INTO messages (message, title, sender, receiver) VALUES (?,?,?,?)
[23:25:26:352474 +02:00] [Thread 12004] extDB2: SQL_CUSTOM_V2: Wiping Statements + Session
[23:25:26:352483 +02:00] [Thread 12004] extDB2: SQL_CUSTOM_V2: Error: UniqueID: 1 Input String: insertMessage:Jestem z Polą. Odbierz:SMS from Tomasz Schmidt:Tomasz Schmidt:76561198020630952
[23:25:55:738757 +02:00] [Thread 9512] extDB2: SQL_CUSTOM_V2: Error StatementException: MySQL: [MySQL]: [Comment]: mysql_stmt_prepare error	[mysql_stmt_error]: Unknown column 'caseID' in 'field list'	[mysql_stmt_errno]: 1054	[mysql_stmt_sqlstate]: 42S22	[statemnt]: SELECT caseID, officerGUID, charges, status, evidence FROM wanted WHERE status=?;
[23:25:55:738844 +02:00] [Thread 9512] extDB2: SQL_CUSTOM_V2: Wiping Statements + Session
[23:25:55:738856 +02:00] [Thread 9512] extDB2: SQL_CUSTOM_V2: Error: UniqueID: 324 Input String: getCrimeType:1
[23:26:22:584532 +02:00] [Thread 9512] extDB2: SQL_CUSTOM_V2: Error StatementException: MySQL: [MySQL]: [Comment]: mysql_stmt_prepare error	[mysql_stmt_error]: Unknown column 'caseID' in 'field list'	[mysql_stmt_errno]: 1054	[mysql_stmt_sqlstate]: 42S22	[statemnt]: SELECT caseID, officerGUID, charges, status, evidence FROM wanted WHERE status=?;
[23:26:22:584571 +02:00] [Thread 9512] extDB2: SQL_CUSTOM_V2: Wiping Statements + Session
[23:26:22:584588 +02:00] [Thread 9512] extDB2: SQL_CUSTOM_V2: Error: UniqueID: 325 Input String: getCrimeType:1
[23:28:02:366855 +02:00] [Thread 12004] extDB2: SQL_CUSTOM_V2: Error No Custom Call Not Found: Input String updateCop:9:76561198253273755
[23:28:02:366875 +02:00] [Thread 12004] extDB2: SQL_CUSTOM_V2: Error No Custom Call Not Found: Callname updateCop
[23:28:09:945342 +02:00] [Thread 12004] extDB2: SQL_CUSTOM_V2: Error No Custom Call Not Found: Input String updateCop:3:76561198131355976
[23:28:09:945377 +02:00] [Thread 12004] extDB2: SQL_CUSTOM_V2: Error No Custom Call Not Found: Callname updateCop
[23:28:23:099592 +02:00] [Thread 12004] extDB2: SQL_CUSTOM_V2: Error No Custom Call Not Found: Input String updateCop:2:76561198023332238
[23:28:23:099612 +02:00] [Thread 12004] extDB2: SQL_CUSTOM_V2: Error No Custom Call Not Found: Callname updateCop
[23:28:31:558570 +02:00] [Thread 12004] extDB2: SQL_CUSTOM_V2: Error No Custom Call Not Found: Input String updateCop:5:76561198022719943
[23:28:31:558590 +02:00] [Thread 12004] extDB2: SQL_CUSTOM_V2: Error No Custom Call Not Found: Callname updateCop
[23:30:07:184847 +02:00] [Thread 12004] extDB2: SQL_CUSTOM_V2: Error StatementException: MySQL: [MySQL]: [Comment]: mysql_stmt_execute error	[mysql_stmt_error]: Data too long for column 'message' at row 1	[mysql_stmt_errno]: 1406	[mysql_stmt_sqlstate]: 22001	[statemnt]: INSERT INTO mail (message, title, sender, receiver) VALUES (?,?,?,?)
[23:30:07:184885 +02:00] [Thread 12004] extDB2: SQL_CUSTOM_V2: Wiping Statements + Session
[23:30:07:184894 +02:00] [Thread 12004] extDB2: SQL_CUSTOM_V2: Error: UniqueID: 1 Input String: insertMail:Hi, this is your first mail message, welcome to Silver Lake!:Dear David Smith:Silver Lake Government:76561198312484966
[23:30:07:339350 +02:00] [Thread 12004] extDB2: SQL_CUSTOM_V2: Error StatementException: MySQL: [MySQL]: [Comment]: mysql_stmt_execute error	[mysql_stmt_error]: Data too long for column 'message' at row 1	[mysql_stmt_errno]: 1406	[mysql_stmt_sqlstate]: 22001	[statemnt]: INSERT INTO messages (message, title, sender, receiver) VALUES (?,?,?,?)
[23:30:07:339385 +02:00] [Thread 12004] extDB2: SQL_CUSTOM_V2: Wiping Statements + Session
[23:30:07:339394 +02:00] [Thread 12004] extDB2: SQL_CUSTOM_V2: Error: UniqueID: 1 Input String: insertMessage:Hi, this is your first text message, welcome to the Silver Lake Verizon network!:Dear David Smith:Verizon:76561198312484966
[23:34:15:581193 +02:00] [Thread 12004] extDB2: SQL_CUSTOM_V2: Incorrect Number of Inputs: Input String insertMessage:Jesteśmy przy Kungla. Czekamy :):SMS from Tomasz Schmidt:Tomasz Schmidt:76561198020630952
[23:34:15:581214 +02:00] [Thread 12004] extDB2: SQL_CUSTOM_V2: Incorrect Number of Inputs: Expected: 4 Got: 5
[23:40:42:861680 +02:00] [Thread 9512] extDB2: SQL_CUSTOM_V2: Error StatementException: MySQL: [MySQL]: [Comment]: mysql_stmt_prepare error	[mysql_stmt_error]: Unknown column 'caseID' in 'field list'	[mysql_stmt_errno]: 1054	[mysql_stmt_sqlstate]: 42S22	[statemnt]: SELECT caseID, officerGUID, charges, status, evidence FROM wanted WHERE status=?;
[23:40:42:861705 +02:00] [Thread 9512] extDB2: SQL_CUSTOM_V2: Wiping Statements + Session
[23:40:42:861713 +02:00] [Thread 9512] extDB2: SQL_CUSTOM_V2: Error: UniqueID: 334 Input String: getCrimeType:1
[23:40:50:520276 +02:00] [Thread 9512] extDB2: SQL_CUSTOM_V2: Error StatementException: MySQL: [MySQL]: [Comment]: mysql_stmt_prepare error	[mysql_stmt_error]: Unknown column 'caseID' in 'field list'	[mysql_stmt_errno]: 1054	[mysql_stmt_sqlstate]: 42S22	[statemnt]: SELECT caseID, officerGUID, charges, status, evidence FROM wanted WHERE status=?;
[23:40:50:520315 +02:00] [Thread 9512] extDB2: SQL_CUSTOM_V2: Wiping Statements + Session
[23:40:50:520326 +02:00] [Thread 9512] extDB2: SQL_CUSTOM_V2: Error: UniqueID: 335 Input String: getCrimeType:1
[23:40:52:493140 +02:00] [Thread 9512] extDB2: SQL_CUSTOM_V2: Error StatementException: MySQL: [MySQL]: [Comment]: mysql_stmt_prepare error	[mysql_stmt_error]: Unknown column 'caseID' in 'field list'	[mysql_stmt_errno]: 1054	[mysql_stmt_sqlstate]: 42S22	[statemnt]: SELECT caseID, officerGUID, charges, status, evidence FROM wanted WHERE status=?;
[23:40:52:493170 +02:00] [Thread 9512] extDB2: SQL_CUSTOM_V2: Wiping Statements + Session
[23:40:52:493178 +02:00] [Thread 9512] extDB2: SQL_CUSTOM_V2: Error: UniqueID: 336 Input String: getCrimeType:1
[23:41:03:220557 +02:00] [Thread 9512] extDB2: SQL_CUSTOM_V2: Error StatementException: MySQL: [MySQL]: [Comment]: mysql_stmt_prepare error	[mysql_stmt_error]: Unknown column 'caseID' in 'field list'	[mysql_stmt_errno]: 1054	[mysql_stmt_sqlstate]: 42S22	[statemnt]: SELECT caseID, officerGUID, charges, status, evidence FROM wanted WHERE status=?;
[23:41:03:220598 +02:00] [Thread 9512] extDB2: SQL_CUSTOM_V2: Wiping Statements + Session
[23:41:03:220608 +02:00] [Thread 9512] extDB2: SQL_CUSTOM_V2: Error: UniqueID: 337 Input String: getCrimeType:1
[23:41:09:797541 +02:00] [Thread 9512] extDB2: SQL_CUSTOM_V2: Error StatementException: MySQL: [MySQL]: [Comment]: mysql_stmt_prepare error	[mysql_stmt_error]: Unknown column 'caseID' in 'field list'	[mysql_stmt_errno]: 1054	[mysql_stmt_sqlstate]: 42S22	[statemnt]: SELECT caseID, officerGUID, charges, status, evidence FROM wanted WHERE status=?;
[23:41:09:797576 +02:00] [Thread 9512] extDB2: SQL_CUSTOM_V2: Wiping Statements + Session
[23:41:09:797585 +02:00] [Thread 9512] extDB2: SQL_CUSTOM_V2: Error: UniqueID: 338 Input String: getCrimeType:1
[23:41:19:346109 +02:00] [Thread 9512] extDB2: SQL_CUSTOM_V2: Error StatementException: MySQL: [MySQL]: [Comment]: mysql_stmt_prepare error	[mysql_stmt_error]: Unknown column 'caseID' in 'field list'	[mysql_stmt_errno]: 1054	[mysql_stmt_sqlstate]: 42S22	[statemnt]: SELECT caseID, officerGUID, charges, status, evidence FROM wanted WHERE status=?;
[23:41:19:346152 +02:00] [Thread 9512] extDB2: SQL_CUSTOM_V2: Wiping Statements + Session
[23:41:19:346161 +02:00] [Thread 9512] extDB2: SQL_CUSTOM_V2: Error: UniqueID: 339 Input String: getCrimeType:1
[23:44:01:261649 +02:00] [Thread 12004] extDB2: SQL_CUSTOM_V2: Error No Custom Call Not Found: Input String updateShop:[[[],[],[]],[["NP_Wood","sharp_swing"],[37,9],[0,0]],[[],[],[]],[[],[],[]]]:76561198065872579
[23:44:01:261668 +02:00] [Thread 12004] extDB2: SQL_CUSTOM_V2: Error No Custom Call Not Found: Callname updateShop
[23:44:03:465091 +02:00] [Thread 12004] extDB2: SQL_CUSTOM_V2: Error No Custom Call Not Found: Input String updateShop:[[[],[],[]],[["NP_Wood","sharp_swing"],[37,9],[0,0]],[[],[],[]],[[],[],[]]]:76561198065872579
[23:44:03:465106 +02:00] [Thread 12004] extDB2: SQL_CUSTOM_V2: Error No Custom Call Not Found: Callname updateShop
[23:44:47:319371 +02:00] [Thread 12004] extDB2: SQL_CUSTOM_V2: Error No Custom Call Not Found: Input String updateShop:[[[],[],[]],[["NP_Wood","sharp_swing"],[63,9],[0,0]],[[],[],[]],[[],[],[]]]:76561198065872579
[23:44:47:319413 +02:00] [Thread 12004] extDB2: SQL_CUSTOM_V2: Error No Custom Call Not Found: Callname updateShop
[23:45:13:759075 +02:00] [Thread 12004] extDB2: SQL_CUSTOM_V2: Error No Custom Call Not Found: Input String updateShop:[[[],[],[]],[["NP_Wood","sharp_swing"],[63,9],[70,0]],[[],[],[]],[[],[],[]]]:76561198065872579
[23:45:13:759093 +02:00] [Thread 12004] extDB2: SQL_CUSTOM_V2: Error No Custom Call Not Found: Callname updateShop
[23:45:33:512426 +02:00] [Thread 12004] extDB2: SQL_CUSTOM_V2: Error No Custom Call Not Found: Input String updateShop:[[[],[],[]],[["NP_Wood","sharp_swing"],[63,9],[70,0]],[[],[],[]],[[],[],[]]]:76561198065872579
[23:45:33:512446 +02:00] [Thread 12004] extDB2: SQL_CUSTOM_V2: Error No Custom Call Not Found: Callname updateShop
[23:45:41:423317 +02:00] [Thread 12004] extDB2: SQL_CUSTOM_V2: Error No Custom Call Not Found: Input String updateShop:[[[],[],[]],[["NP_Wood","sharp_swing"],[63,9],[70,8]],[[],[],[]],[[],[],[]]]:76561198065872579
[23:45:41:423334 +02:00] [Thread 12004] extDB2: SQL_CUSTOM_V2: Error No Custom Call Not Found: Callname updateShop
[23:45:46:922067 +02:00] [Thread 12004] extDB2: SQL_CUSTOM_V2: Error No Custom Call Not Found: Input String updateShop:[[[],[],[]],[["NP_Wood","sharp_swing"],[63,9],[70,8]],[[],[],[]],[[],[],[]]]:76561198065872579
[23:45:46:922084 +02:00] [Thread 12004] extDB2: SQL_CUSTOM_V2: Error No Custom Call Not Found: Callname updateShop
[23:45:51:991197 +02:00] [Thread 12004] extDB2: SQL_CUSTOM_V2: Error No Custom Call Not Found: Input String updateShop:[[[],[],[]],[["NP_Wood","sharp_swing"],[63,9],[70,8]],[[],[],[]],[[],[],[]]]:76561198065872579
[23:45:51:991214 +02:00] [Thread 12004] extDB2: SQL_CUSTOM_V2: Error No Custom Call Not Found: Callname updateShop
[23:46:07:985272 +02:00] [Thread 12004] extDB2: SQL_CUSTOM_V2: Error StatementException: MySQL: [MySQL]: [Comment]: mysql_stmt_execute error	[mysql_stmt_error]: Data too long for column 'message' at row 1	[mysql_stmt_errno]: 1406	[mysql_stmt_sqlstate]: 22001	[statemnt]: INSERT INTO mail (message, title, sender, receiver) VALUES (?,?,?,?)
[23:46:07:985313 +02:00] [Thread 12004] extDB2: SQL_CUSTOM_V2: Wiping Statements + Session
[23:46:07:985326 +02:00] [Thread 12004] extDB2: SQL_CUSTOM_V2: Error: UniqueID: 1 Input String: insertMail:Hi, this is your first mail message, welcome to Silver Lake!:Dear Naburo Katsu:Silver Lake Government:76561197979530109
[23:46:08:139740 +02:00] [Thread 12004] extDB2: SQL_CUSTOM_V2: Error StatementException: MySQL: [MySQL]: [Comment]: mysql_stmt_execute error	[mysql_stmt_error]: Data too long for column 'message' at row 1	[mysql_stmt_errno]: 1406	[mysql_stmt_sqlstate]: 22001	[statemnt]: INSERT INTO messages (message, title, sender, receiver) VALUES (?,?,?,?)
[23:46:08:139776 +02:00] [Thread 12004] extDB2: SQL_CUSTOM_V2: Wiping Statements + Session
[23:46:08:139785 +02:00] [Thread 12004] extDB2: SQL_CUSTOM_V2: Error: UniqueID: 1 Input String: insertMessage:Hi, this is your first text message, welcome to the Silver Lake Verizon network!:Dear Naburo Katsu:Verizon:76561197979530109
[23:47:48:805517 +02:00] [Thread 12004] extDB2: SQL_CUSTOM_V2: Error StatementException: MySQL: [MySQL]: [Comment]: mysql_stmt_execute error	[mysql_stmt_error]: Data too long for column 'title' at row 1	[mysql_stmt_errno]: 1406	[mysql_stmt_sqlstate]: 22001	[statemnt]: INSERT INTO mail (message, title, sender, receiver) VALUES (?,?,?,?)
[23:47:48:805585 +02:00] [Thread 12004] extDB2: SQL_CUSTOM_V2: Wiping Statements + Session
[23:47:48:805595 +02:00] [Thread 12004] extDB2: SQL_CUSTOM_V2: Error: UniqueID: 1 Input String: insertMail:Gdzie pieniadze za las!?:Personal Mail from Kamil Durszlok:Kamil Durszlok:76561198036707060
[23:49:06:987030 +02:00] [Thread 12004] extDB2: SQL_CUSTOM_V2: Error No Custom Call Not Found: Input String updateShop:[[[],[],[]],[["NP_Wood","sharp_swing"],[63,9],[70,8]],[[],[],[]],[[],[],[]]]:76561198065872579
[23:49:06:987050 +02:00] [Thread 12004] extDB2: SQL_CUSTOM_V2: Error No Custom Call Not Found: Callname updateShop
[23:49:22:515148 +02:00] [Thread 12004] extDB2: SQL_CUSTOM_V2: Error No Custom Call Not Found: Input String updateShop:[[[],[],[]],[["NP_Wood","sharp_swing"],[63,9],[70,8]],[[],[],[]],[[],[],[]]]:76561198065872579
[23:49:22:515170 +02:00] [Thread 12004] extDB2: SQL_CUSTOM_V2: Error No Custom Call Not Found: Callname updateShop
[23:51:24:637291 +02:00] [Thread 12004] extDB2: SQL_CUSTOM_V2: Error No Custom Call Not Found: Input String updateShop:[[[],[],[]],[["NP_Wood","sharp_swing"],[63,9],[70,8]],[[],[],[]],[[],[],[]]]:76561198065872579
[23:51:24:637313 +02:00] [Thread 12004] extDB2: SQL_CUSTOM_V2: Error No Custom Call Not Found: Callname updateShop
[23:52:47:166828 +02:00] [Thread 12004] extDB2: SQL_CUSTOM_V2: Error No Custom Call Not Found: Input String updateShop:[[[],[],[]],[["NP_Wood","sharp_swing"],[63,9],[70,8]],[[],[],[]],[[],[],[]]]:76561198065872579
[23:52:47:166847 +02:00] [Thread 12004] extDB2: SQL_CUSTOM_V2: Error No Custom Call Not Found: Callname updateShop
[23:53:27:546789 +02:00] [Thread 12004] extDB2: SQL_CUSTOM_V2: Error No Custom Call Not Found: Input String updateShop:[[[],[],[]],[["NP_Wood","sharp_swing"],[63,9],[70,8]],[[],[],[]],[[],[],[]]]:76561198065872579
[23:53:27:546806 +02:00] [Thread 12004] extDB2: SQL_CUSTOM_V2: Error No Custom Call Not Found: Callname updateShop
[23:58:01:001356 +02:00] [Thread 9512] extDB2: SQL_CUSTOM_V2: Error StatementException: MySQL: [MySQL]: [Comment]: mysql_stmt_prepare error	[mysql_stmt_error]: Unknown column 'caseID' in 'field list'	[mysql_stmt_errno]: 1054	[mysql_stmt_sqlstate]: 42S22	[statemnt]: SELECT caseID, officerGUID, charges, status, evidence FROM wanted WHERE status=?;
[23:58:01:001390 +02:00] [Thread 9512] extDB2: SQL_CUSTOM_V2: Wiping Statements + Session
[23:58:01:001399 +02:00] [Thread 9512] extDB2: SQL_CUSTOM_V2: Error: UniqueID: 348 Input String: getCrimeType:1
[23:58:07:191644 +02:00] [Thread 9512] extDB2: SQL_CUSTOM_V2: Error StatementException: MySQL: [MySQL]: [Comment]: mysql_stmt_prepare error	[mysql_stmt_error]: Unknown column 'caseID' in 'field list'	[mysql_stmt_errno]: 1054	[mysql_stmt_sqlstate]: 42S22	[statemnt]: SELECT caseID, officerGUID, charges, status, evidence FROM wanted WHERE status=?;
[23:58:07:191675 +02:00] [Thread 9512] extDB2: SQL_CUSTOM_V2: Wiping Statements + Session
[23:58:07:191683 +02:00] [Thread 9512] extDB2: SQL_CUSTOM_V2: Error: UniqueID: 349 Input String: getCrimeType:1
[23:58:10:199393 +02:00] [Thread 9512] extDB2: SQL_CUSTOM_V2: Error StatementException: MySQL: [MySQL]: [Comment]: mysql_stmt_prepare error	[mysql_stmt_error]: Unknown column 'caseID' in 'field list'	[mysql_stmt_errno]: 1054	[mysql_stmt_sqlstate]: 42S22	[statemnt]: SELECT caseID, officerGUID, charges, status, evidence FROM wanted WHERE status=?;
[23:58:10:199431 +02:00] [Thread 9512] extDB2: SQL_CUSTOM_V2: Wiping Statements + Session
[23:58:10:199449 +02:00] [Thread 9512] extDB2: SQL_CUSTOM_V2: Error: UniqueID: 350 Input String: getCrimeType:0
[23:58:40:876409 +02:00] [Thread 12004] extDB2: SQL_CUSTOM_V2: Error No Custom Call Not Found: Input String updateCop:4:76561197979530109
[23:58:40:876428 +02:00] [Thread 12004] extDB2: SQL_CUSTOM_V2: Error No Custom Call Not Found: Callname updateCop
[00:01:03:546630 +02:00] [Thread 12004] extDB2: Stopping ...
