extDB2: Version: 71
extDB2: https://github.com/Torndeco/extDB2
extDB2: Windows Version
Message: All development for extDB2 is done on a Linux Dedicated Server
Message: If you would like to Donate to extDB2 Development
Message: https://www.paypal.com/cgi-bin/webscr?cmd=_s-xclick&hosted_button_id=2SUEFTGABTAM2
Message: Also leave a message if there is any particular feature you would like to see added.
Message: Thanks for all the people that have donated.
Message: Torndeco: 20/02/15


extDB2: Found extdb-conf.ini
extDB2: Detected 8 Cores, Setting up 6 Worker Threads


[00:11:19:290334 +02:00] [Thread 12304] extDB2: Database Type: MySQL
[00:11:19:291524 +02:00] [Thread 12304] extDB2: Database Session Pool Started
[00:11:19:291877 +02:00] [Thread 12304] extDB2: SQL_CUSTOM_V2: Loading Template Filename: C:\Program Files (x86)\Steam\steamapps\common\Arma 3\@extDBNP\extDB\sql_custom_v2\rpframework.ini
[00:11:19:291905 +02:00] [Thread 12304] extDB2: SQL_CUSTOM_V2: Version 10 Detected, Latest Version 12 Available
[00:11:19:605038 +02:00] [Thread 11024] extDB2: SQL_CUSTOM_V2: Error No Custom Call Not Found: Input String getMayor:2
[00:11:19:605055 +02:00] [Thread 11024] extDB2: SQL_CUSTOM_V2: Error No Custom Call Not Found: Callname getMayor
[00:11:19:605081 +02:00] [Thread 11892] extDB2: SQL_CUSTOM_V2: Error No Custom Call Not Found: Input String racetimes:1
[00:11:19:605100 +02:00] [Thread 11892] extDB2: SQL_CUSTOM_V2: Error No Custom Call Not Found: Callname racetimes
[00:11:19:605120 +02:00] [Thread 11892] extDB2: SQL_CUSTOM_V2: Error No Custom Call Not Found: Input String rallyracetimes:1
[00:11:19:605124 +02:00] [Thread 11892] extDB2: SQL_CUSTOM_V2: Error No Custom Call Not Found: Callname rallyracetimes
[00:11:19:605176 +02:00] [Thread 11892] extDB2: SQL_CUSTOM_V2: Error No Custom Call Not Found: Input String mafiaBank:1
[00:11:19:605185 +02:00] [Thread 11892] extDB2: SQL_CUSTOM_V2: Error No Custom Call Not Found: Callname mafiaBank
[00:11:19:983763 +02:00] [Thread 11892] extDB2: SQL_CUSTOM_V2: Error No Custom Call Not Found: Input String racetimes:2
[00:11:19:983781 +02:00] [Thread 11892] extDB2: SQL_CUSTOM_V2: Error No Custom Call Not Found: Callname racetimes
[00:11:19:983826 +02:00] [Thread 11892] extDB2: SQL_CUSTOM_V2: Error No Custom Call Not Found: Input String rallyracetimes:2
[00:11:19:983830 +02:00] [Thread 11892] extDB2: SQL_CUSTOM_V2: Error No Custom Call Not Found: Callname rallyracetimes
[00:11:21:476832 +02:00] [Thread 11892] extDB2: SQL_CUSTOM_V2: Error No Custom Call Not Found: Input String racetimes:3
[00:11:21:476848 +02:00] [Thread 11892] extDB2: SQL_CUSTOM_V2: Error No Custom Call Not Found: Callname racetimes
[00:11:21:476922 +02:00] [Thread 11892] extDB2: SQL_CUSTOM_V2: Error No Custom Call Not Found: Input String rallyracetimes:3
[00:11:21:476934 +02:00] [Thread 11892] extDB2: SQL_CUSTOM_V2: Error No Custom Call Not Found: Callname rallyracetimes
[00:14:35:004383 +02:00] [Thread 12304] extDB2: Stopping ...
