extDB2: Version: 71
extDB2: https://github.com/Torndeco/extDB2
extDB2: Windows Version
Message: All development for extDB2 is done on a Linux Dedicated Server
Message: If you would like to Donate to extDB2 Development
Message: https://www.paypal.com/cgi-bin/webscr?cmd=_s-xclick&hosted_button_id=2SUEFTGABTAM2
Message: Also leave a message if there is any particular feature you would like to see added.
Message: Thanks for all the people that have donated.
Message: Torndeco: 20/02/15


extDB2: Found extdb-conf.ini
extDB2: Detected 8 Cores, Setting up 6 Worker Threads


[00:17:48:982265 +02:00] [Thread 13296] extDB2: Database Type: MySQL
[00:17:48:983446 +02:00] [Thread 13296] extDB2: Database Session Pool Started
[00:17:48:983781 +02:00] [Thread 13296] extDB2: SQL_CUSTOM_V2: Loading Template Filename: C:\Program Files (x86)\Steam\steamapps\common\Arma 3\@extDBNP\extDB\sql_custom_v2\rpframework.ini
[00:17:48:983810 +02:00] [Thread 13296] extDB2: SQL_CUSTOM_V2: Version 10 Detected, Latest Version 12 Available
[00:17:49:260990 +02:00] [Thread 12120] extDB2: SQL_CUSTOM_V2: Error No Custom Call Not Found: Input String getMayor:2
[00:17:49:261008 +02:00] [Thread 12120] extDB2: SQL_CUSTOM_V2: Error No Custom Call Not Found: Callname getMayor
[00:17:49:261056 +02:00] [Thread 12120] extDB2: SQL_CUSTOM_V2: Error No Custom Call Not Found: Input String racetimes:1
[00:17:49:261061 +02:00] [Thread 12120] extDB2: SQL_CUSTOM_V2: Error No Custom Call Not Found: Callname racetimes
[00:17:49:261107 +02:00] [Thread 12120] extDB2: SQL_CUSTOM_V2: Error No Custom Call Not Found: Input String rallyracetimes:1
[00:17:49:261112 +02:00] [Thread 12120] extDB2: SQL_CUSTOM_V2: Error No Custom Call Not Found: Callname rallyracetimes
[00:17:49:261156 +02:00] [Thread 12120] extDB2: SQL_CUSTOM_V2: Error No Custom Call Not Found: Input String mafiaBank:1
[00:17:49:261161 +02:00] [Thread 12120] extDB2: SQL_CUSTOM_V2: Error No Custom Call Not Found: Callname mafiaBank
[00:17:49:378895 +02:00] [Thread 12120] extDB2: SQL_CUSTOM_V2: Error No Custom Call Not Found: Input String racetimes:2
[00:17:49:378912 +02:00] [Thread 12120] extDB2: SQL_CUSTOM_V2: Error No Custom Call Not Found: Callname racetimes
[00:17:49:378968 +02:00] [Thread 12120] extDB2: SQL_CUSTOM_V2: Error No Custom Call Not Found: Input String rallyracetimes:2
[00:17:49:378978 +02:00] [Thread 12120] extDB2: SQL_CUSTOM_V2: Error No Custom Call Not Found: Callname rallyracetimes
[00:17:51:121024 +02:00] [Thread 12120] extDB2: SQL_CUSTOM_V2: Error No Custom Call Not Found: Input String racetimes:3
[00:17:51:121041 +02:00] [Thread 12120] extDB2: SQL_CUSTOM_V2: Error No Custom Call Not Found: Callname racetimes
[00:17:51:121084 +02:00] [Thread 12120] extDB2: SQL_CUSTOM_V2: Error No Custom Call Not Found: Input String rallyracetimes:3
[00:17:51:121088 +02:00] [Thread 12120] extDB2: SQL_CUSTOM_V2: Error No Custom Call Not Found: Callname rallyracetimes
[00:32:12:139070 +02:00] [Thread 13296] extDB2: SQL_CUSTOM_V2: Error No Custom Call Not Found: Input String updateCop:2:76561198313193846
[00:32:12:139089 +02:00] [Thread 13296] extDB2: SQL_CUSTOM_V2: Error No Custom Call Not Found: Callname updateCop
[00:35:03:782110 +02:00] [Thread 13296] extDB2: SQL_CUSTOM_V2: Error No Custom Call Not Found: Input String updateCop:4:76561198161472762
[00:35:03:782128 +02:00] [Thread 13296] extDB2: SQL_CUSTOM_V2: Error No Custom Call Not Found: Callname updateCop
[00:41:42:121343 +02:00] [Thread 13296] extDB2: SQL_CUSTOM_V2: Incorrect Number of Inputs: Input String insertMessage:fajnie ze zostaam sama bez auta :( :SMS from Pola Hess:Pola Hess:76561198020630952
[00:41:42:121362 +02:00] [Thread 13296] extDB2: SQL_CUSTOM_V2: Incorrect Number of Inputs: Expected: 4 Got: 5
[00:55:50:870654 +02:00] [Thread 13296] extDB2: SQL_CUSTOM_V2: Error StatementException: MySQL: [MySQL]: [Comment]: mysql_stmt_execute error	[mysql_stmt_error]: Data too long for column 'message' at row 1	[mysql_stmt_errno]: 1406	[mysql_stmt_sqlstate]: 22001	[statemnt]: INSERT INTO mail (message, title, sender, receiver) VALUES (?,?,?,?)
[00:55:50:870722 +02:00] [Thread 13296] extDB2: SQL_CUSTOM_V2: Wiping Statements + Session
[00:55:50:870734 +02:00] [Thread 13296] extDB2: SQL_CUSTOM_V2: Error: UniqueID: 1 Input String: insertMail:Hi, this is your first mail message, welcome to Silver Lake!:Dear Mamut Khalidov:Silver Lake Government:76561198015569587
[00:55:51:067082 +02:00] [Thread 13296] extDB2: SQL_CUSTOM_V2: Error StatementException: MySQL: [MySQL]: [Comment]: mysql_stmt_execute error	[mysql_stmt_error]: Data too long for column 'message' at row 1	[mysql_stmt_errno]: 1406	[mysql_stmt_sqlstate]: 22001	[statemnt]: INSERT INTO messages (message, title, sender, receiver) VALUES (?,?,?,?)
[00:55:51:067117 +02:00] [Thread 13296] extDB2: SQL_CUSTOM_V2: Wiping Statements + Session
[00:55:51:067144 +02:00] [Thread 13296] extDB2: SQL_CUSTOM_V2: Error: UniqueID: 1 Input String: insertMessage:Hi, this is your first text message, welcome to the Silver Lake Verizon network!:Dear Mamut Khalidov:Verizon:76561198015569587
[01:04:43:202247 +02:00] [Thread 13296] extDB2: SQL_CUSTOM_V2: Error No Custom Call Not Found: Input String updateCop:2:76561197982469013
[01:04:43:202266 +02:00] [Thread 13296] extDB2: SQL_CUSTOM_V2: Error No Custom Call Not Found: Callname updateCop
[01:05:07:782864 +02:00] [Thread 13296] extDB2: SQL_CUSTOM_V2: Error No Custom Call Not Found: Input String updateCop:7:76561197982469013
[01:05:07:782885 +02:00] [Thread 13296] extDB2: SQL_CUSTOM_V2: Error No Custom Call Not Found: Callname updateCop
[01:16:24:407635 +02:00] [Thread 13296] extDB2: SQL_CUSTOM_V2: Error StatementException: MySQL: [MySQL]: [Comment]: mysql_stmt_execute error	[mysql_stmt_error]: Incorrect string value: '\xC5\x9B cie...' for column 'message' at row 1	[mysql_stmt_errno]: 1366	[mysql_stmt_sqlstate]: HY000	[statemnt]: INSERT INTO messages (message, title, sender, receiver) VALUES (?,?,?,?)
[01:16:24:407680 +02:00] [Thread 13296] extDB2: SQL_CUSTOM_V2: Wiping Statements + Session
[01:16:24:407688 +02:00] [Thread 13296] extDB2: SQL_CUSTOM_V2: Error: UniqueID: 1 Input String: insertMessage:Hej, robicie coś ciekawego? Bo w sumie nudzi nam się z Pauliną i mogłybyśmy dołączyć ;) :SMS from Pola Hess:Pola Hess:76561198022486899
[01:17:00:402297 +02:00] [Thread 13296] extDB2: SQL_CUSTOM_V2: Error StatementException: MySQL: [MySQL]: [Comment]: mysql_stmt_execute error	[mysql_stmt_error]: Data too long for column 'message' at row 1	[mysql_stmt_errno]: 1406	[mysql_stmt_sqlstate]: 22001	[statemnt]: INSERT INTO messages (message, title, sender, receiver) VALUES (?,?,?,?)
[01:17:00:402345 +02:00] [Thread 13296] extDB2: SQL_CUSTOM_V2: Wiping Statements + Session
[01:17:00:402354 +02:00] [Thread 13296] extDB2: SQL_CUSTOM_V2: Error: UniqueID: 1 Input String: insertMessage:Jestesmy na polu roponosnym, nie wiem jak dacie rade tu dojechac z kilofami to zapraszam xD:SMS from Richard Hess:Richard Hess:76561198083214498
[01:17:58:370010 +02:00] [Thread 13296] extDB2: SQL_CUSTOM_V2: Incorrect Number of Inputs: Input String insertMessage:Jak Paulina się nie rozbije to dojedziemy :P :SMS from Pola Hess:Pola Hess:76561198022486899
[01:17:58:370030 +02:00] [Thread 13296] extDB2: SQL_CUSTOM_V2: Incorrect Number of Inputs: Expected: 4 Got: 5
