extDB2: Version: 71
extDB2: https://github.com/Torndeco/extDB2
extDB2: Windows Version
Message: All development for extDB2 is done on a Linux Dedicated Server
Message: If you would like to Donate to extDB2 Development
Message: https://www.paypal.com/cgi-bin/webscr?cmd=_s-xclick&hosted_button_id=2SUEFTGABTAM2
Message: Also leave a message if there is any particular feature you would like to see added.
Message: Thanks for all the people that have donated.
Message: Torndeco: 20/02/15


extDB2: Found extdb-conf.ini
extDB2: Detected 8 Cores, Setting up 6 Worker Threads


[01:28:40:533973 +02:00] [Thread 6796] extDB2: Database Type: MySQL
[01:28:40:545149 +02:00] [Thread 6796] extDB2: Database Session Pool Started
[01:28:40:545471 +02:00] [Thread 6796] extDB2: SQL_CUSTOM_V2: Loading Template Filename: C:\Program Files (x86)\Steam\steamapps\common\Arma 3\@extDBNP\extDB\sql_custom_v2\rpframework.ini
[01:28:40:545499 +02:00] [Thread 6796] extDB2: SQL_CUSTOM_V2: Version 10 Detected, Latest Version 12 Available
[01:28:40:813909 +02:00] [Thread 10188] extDB2: SQL_CUSTOM_V2: Error No Custom Call Not Found: Input String getMayor:2
[01:28:40:813928 +02:00] [Thread 10188] extDB2: SQL_CUSTOM_V2: Error No Custom Call Not Found: Callname getMayor
[01:28:40:813944 +02:00] [Thread 10188] extDB2: SQL_CUSTOM_V2: Error No Custom Call Not Found: Input String racetimes:1
[01:28:40:813948 +02:00] [Thread 10188] extDB2: SQL_CUSTOM_V2: Error No Custom Call Not Found: Callname racetimes
[01:28:40:813982 +02:00] [Thread 10188] extDB2: SQL_CUSTOM_V2: Error No Custom Call Not Found: Input String rallyracetimes:1
[01:28:40:813986 +02:00] [Thread 10188] extDB2: SQL_CUSTOM_V2: Error No Custom Call Not Found: Callname rallyracetimes
[01:28:40:814014 +02:00] [Thread 10188] extDB2: SQL_CUSTOM_V2: Error No Custom Call Not Found: Input String mafiaBank:1
[01:28:40:814017 +02:00] [Thread 10188] extDB2: SQL_CUSTOM_V2: Error No Custom Call Not Found: Callname mafiaBank
[01:28:40:938374 +02:00] [Thread 10188] extDB2: SQL_CUSTOM_V2: Error No Custom Call Not Found: Input String racetimes:2
[01:28:40:938391 +02:00] [Thread 10188] extDB2: SQL_CUSTOM_V2: Error No Custom Call Not Found: Callname racetimes
[01:28:40:938430 +02:00] [Thread 10188] extDB2: SQL_CUSTOM_V2: Error No Custom Call Not Found: Input String rallyracetimes:2
[01:28:40:938434 +02:00] [Thread 10188] extDB2: SQL_CUSTOM_V2: Error No Custom Call Not Found: Callname rallyracetimes
[01:28:42:641053 +02:00] [Thread 10188] extDB2: SQL_CUSTOM_V2: Error No Custom Call Not Found: Input String rallyracetimes:3
[01:28:42:641069 +02:00] [Thread 10188] extDB2: SQL_CUSTOM_V2: Error No Custom Call Not Found: Callname rallyracetimes
[01:28:42:641130 +02:00] [Thread 10188] extDB2: SQL_CUSTOM_V2: Error No Custom Call Not Found: Input String racetimes:3
[01:28:42:641139 +02:00] [Thread 10188] extDB2: SQL_CUSTOM_V2: Error No Custom Call Not Found: Callname racetimes
[01:30:58:620931 +02:00] [Thread 6796] extDB2: SQL_CUSTOM_V2: Error StatementException: MySQL: [MySQL]: [Comment]: mysql_stmt_execute error	[mysql_stmt_error]: Data too long for column 'message' at row 1	[mysql_stmt_errno]: 1406	[mysql_stmt_sqlstate]: 22001	[statemnt]: INSERT INTO mail (message, title, sender, receiver) VALUES (?,?,?,?)
[01:30:58:620968 +02:00] [Thread 6796] extDB2: SQL_CUSTOM_V2: Wiping Statements + Session
[01:30:58:620976 +02:00] [Thread 6796] extDB2: SQL_CUSTOM_V2: Error: UniqueID: 1 Input String: insertMail:Hi, this is your first mail message, welcome to Silver Lake!:Dear Mefiu Ramzeski:Silver Lake Government:76561198040574460
[01:30:58:773048 +02:00] [Thread 6796] extDB2: SQL_CUSTOM_V2: Error StatementException: MySQL: [MySQL]: [Comment]: mysql_stmt_execute error	[mysql_stmt_error]: Data too long for column 'message' at row 1	[mysql_stmt_errno]: 1406	[mysql_stmt_sqlstate]: 22001	[statemnt]: INSERT INTO messages (message, title, sender, receiver) VALUES (?,?,?,?)
[01:30:58:773083 +02:00] [Thread 6796] extDB2: SQL_CUSTOM_V2: Wiping Statements + Session
[01:30:58:773091 +02:00] [Thread 6796] extDB2: SQL_CUSTOM_V2: Error: UniqueID: 1 Input String: insertMessage:Hi, this is your first text message, welcome to the Silver Lake Verizon network!:Dear Mefiu Ramzeski:Verizon:76561198040574460
[01:32:19:681577 +02:00] [Thread 6796] extDB2: SQL_CUSTOM_V2: Error StatementException: MySQL: [MySQL]: [Comment]: mysql_stmt_execute error	[mysql_stmt_error]: Data too long for column 'message' at row 1	[mysql_stmt_errno]: 1406	[mysql_stmt_sqlstate]: 22001	[statemnt]: INSERT INTO mail (message, title, sender, receiver) VALUES (?,?,?,?)
[01:32:19:681617 +02:00] [Thread 6796] extDB2: SQL_CUSTOM_V2: Wiping Statements + Session
[01:32:19:681626 +02:00] [Thread 6796] extDB2: SQL_CUSTOM_V2: Error: UniqueID: 1 Input String: insertMail:Hi, this is your first mail message, welcome to Silver Lake!:Dear Michal Kaminski:Silver Lake Government:76561198201987250
[01:32:19:834346 +02:00] [Thread 6796] extDB2: SQL_CUSTOM_V2: Error StatementException: MySQL: [MySQL]: [Comment]: mysql_stmt_execute error	[mysql_stmt_error]: Data too long for column 'message' at row 1	[mysql_stmt_errno]: 1406	[mysql_stmt_sqlstate]: 22001	[statemnt]: INSERT INTO messages (message, title, sender, receiver) VALUES (?,?,?,?)
[01:32:19:834381 +02:00] [Thread 6796] extDB2: SQL_CUSTOM_V2: Wiping Statements + Session
[01:32:19:834390 +02:00] [Thread 6796] extDB2: SQL_CUSTOM_V2: Error: UniqueID: 1 Input String: insertMessage:Hi, this is your first text message, welcome to the Silver Lake Verizon network!:Dear Michal Kaminski:Verizon:76561198201987250
[01:53:38:130044 +02:00] [Thread 6796] extDB2: SQL_CUSTOM_V2: Error StatementException: MySQL: [MySQL]: [Comment]: mysql_stmt_execute error	[mysql_stmt_error]: Data too long for column 'message' at row 1	[mysql_stmt_errno]: 1406	[mysql_stmt_sqlstate]: 22001	[statemnt]: INSERT INTO mail (message, title, sender, receiver) VALUES (?,?,?,?)
[01:53:38:130082 +02:00] [Thread 6796] extDB2: SQL_CUSTOM_V2: Wiping Statements + Session
[01:53:38:130090 +02:00] [Thread 6796] extDB2: SQL_CUSTOM_V2: Error: UniqueID: 1 Input String: insertMail:Hi, this is your first mail message, welcome to Silver Lake!:Dear Wasali Klyczko:Silver Lake Government:76561198200562769
[01:53:38:283611 +02:00] [Thread 6796] extDB2: SQL_CUSTOM_V2: Error StatementException: MySQL: [MySQL]: [Comment]: mysql_stmt_execute error	[mysql_stmt_error]: Data too long for column 'message' at row 1	[mysql_stmt_errno]: 1406	[mysql_stmt_sqlstate]: 22001	[statemnt]: INSERT INTO messages (message, title, sender, receiver) VALUES (?,?,?,?)
[01:53:38:283653 +02:00] [Thread 6796] extDB2: SQL_CUSTOM_V2: Wiping Statements + Session
[01:53:38:283662 +02:00] [Thread 6796] extDB2: SQL_CUSTOM_V2: Error: UniqueID: 1 Input String: insertMessage:Hi, this is your first text message, welcome to the Silver Lake Verizon network!:Dear Wasali Klyczko:Verizon:76561198200562769
[03:00:03:487163 +02:00] [Thread 6796] extDB2: Stopping ...
