extDB2: Version: 71
extDB2: https://github.com/Torndeco/extDB2
extDB2: Windows Version
Message: All development for extDB2 is done on a Linux Dedicated Server
Message: If you would like to Donate to extDB2 Development
Message: https://www.paypal.com/cgi-bin/webscr?cmd=_s-xclick&hosted_button_id=2SUEFTGABTAM2
Message: Also leave a message if there is any particular feature you would like to see added.
Message: Thanks for all the people that have donated.
Message: Torndeco: 20/02/15


extDB2: Found extdb-conf.ini
extDB2: Detected 8 Cores, Setting up 6 Worker Threads


[03:00:58:093281 +02:00] [Thread 6012] extDB2: Database Type: MySQL
[03:00:58:103970 +02:00] [Thread 6012] extDB2: Database Session Pool Started
[03:00:58:104300 +02:00] [Thread 6012] extDB2: SQL_CUSTOM_V2: Loading Template Filename: C:\Program Files (x86)\Steam\steamapps\common\Arma 3\@extDBNP\extDB\sql_custom_v2\rpframework.ini
[03:00:58:104328 +02:00] [Thread 6012] extDB2: SQL_CUSTOM_V2: Version 10 Detected, Latest Version 12 Available
[03:00:58:372189 +02:00] [Thread 7748] extDB2: SQL_CUSTOM_V2: Error No Custom Call Not Found: Input String getMayor:2
[03:00:58:372205 +02:00] [Thread 7748] extDB2: SQL_CUSTOM_V2: Error No Custom Call Not Found: Callname getMayor
[03:00:58:372229 +02:00] [Thread 8136] extDB2: SQL_CUSTOM_V2: Error No Custom Call Not Found: Input String racetimes:1
[03:00:58:372239 +02:00] [Thread 8136] extDB2: SQL_CUSTOM_V2: Error No Custom Call Not Found: Callname racetimes
[03:00:58:372260 +02:00] [Thread 7748] extDB2: SQL_CUSTOM_V2: Error No Custom Call Not Found: Input String rallyracetimes:1
[03:00:58:372269 +02:00] [Thread 7748] extDB2: SQL_CUSTOM_V2: Error No Custom Call Not Found: Callname rallyracetimes
[03:00:58:372289 +02:00] [Thread 8136] extDB2: SQL_CUSTOM_V2: Error No Custom Call Not Found: Input String mafiaBank:1
[03:00:58:372298 +02:00] [Thread 8136] extDB2: SQL_CUSTOM_V2: Error No Custom Call Not Found: Callname mafiaBank
[03:00:58:497549 +02:00] [Thread 8136] extDB2: SQL_CUSTOM_V2: Error No Custom Call Not Found: Input String racetimes:2
[03:00:58:497568 +02:00] [Thread 8136] extDB2: SQL_CUSTOM_V2: Error No Custom Call Not Found: Callname racetimes
[03:00:58:497636 +02:00] [Thread 8136] extDB2: SQL_CUSTOM_V2: Error No Custom Call Not Found: Input String rallyracetimes:2
[03:00:58:497646 +02:00] [Thread 8136] extDB2: SQL_CUSTOM_V2: Error No Custom Call Not Found: Callname rallyracetimes
[03:01:00:205035 +02:00] [Thread 8136] extDB2: SQL_CUSTOM_V2: Error No Custom Call Not Found: Input String rallyracetimes:3
[03:01:00:205051 +02:00] [Thread 8136] extDB2: SQL_CUSTOM_V2: Error No Custom Call Not Found: Callname rallyracetimes
[03:01:00:205094 +02:00] [Thread 8136] extDB2: SQL_CUSTOM_V2: Error No Custom Call Not Found: Input String racetimes:3
[03:01:00:205098 +02:00] [Thread 8136] extDB2: SQL_CUSTOM_V2: Error No Custom Call Not Found: Callname racetimes
[04:04:05:694297 +02:00] [Thread 6012] extDB2: SQL_CUSTOM_V2: Error StatementException: MySQL: [MySQL]: [Comment]: mysql_stmt_execute error	[mysql_stmt_error]: Data too long for column 'message' at row 1	[mysql_stmt_errno]: 1406	[mysql_stmt_sqlstate]: 22001	[statemnt]: INSERT INTO mail (message, title, sender, receiver) VALUES (?,?,?,?)
[04:04:05:694335 +02:00] [Thread 6012] extDB2: SQL_CUSTOM_V2: Wiping Statements + Session
[04:04:05:694344 +02:00] [Thread 6012] extDB2: SQL_CUSTOM_V2: Error: UniqueID: 1 Input String: insertMail:Hi, this is your first mail message, welcome to Silver Lake!:Dear Trevor Wolf:Silver Lake Government:76561198033155963
[04:04:05:848796 +02:00] [Thread 6012] extDB2: SQL_CUSTOM_V2: Error StatementException: MySQL: [MySQL]: [Comment]: mysql_stmt_execute error	[mysql_stmt_error]: Data too long for column 'message' at row 1	[mysql_stmt_errno]: 1406	[mysql_stmt_sqlstate]: 22001	[statemnt]: INSERT INTO messages (message, title, sender, receiver) VALUES (?,?,?,?)
[04:04:05:848832 +02:00] [Thread 6012] extDB2: SQL_CUSTOM_V2: Wiping Statements + Session
[04:04:05:848841 +02:00] [Thread 6012] extDB2: SQL_CUSTOM_V2: Error: UniqueID: 1 Input String: insertMessage:Hi, this is your first text message, welcome to the Silver Lake Verizon network!:Dear Trevor Wolf:Verizon:76561198033155963
[07:06:45:866937 +02:00] [Thread 6012] extDB2: SQL_CUSTOM_V2: Error StatementException: MySQL: [MySQL]: [Comment]: mysql_stmt_execute error	[mysql_stmt_error]: Data too long for column 'message' at row 1	[mysql_stmt_errno]: 1406	[mysql_stmt_sqlstate]: 22001	[statemnt]: INSERT INTO mail (message, title, sender, receiver) VALUES (?,?,?,?)
[07:06:45:866985 +02:00] [Thread 6012] extDB2: SQL_CUSTOM_V2: Wiping Statements + Session
[07:06:45:867007 +02:00] [Thread 6012] extDB2: SQL_CUSTOM_V2: Error: UniqueID: 1 Input String: insertMail:Hi, this is your first mail message, welcome to Silver Lake!:Dear Mieczyslaw Psikuta:Silver Lake Government:76561198110529035
[07:06:46:021283 +02:00] [Thread 6012] extDB2: SQL_CUSTOM_V2: Error StatementException: MySQL: [MySQL]: [Comment]: mysql_stmt_execute error	[mysql_stmt_error]: Data too long for column 'message' at row 1	[mysql_stmt_errno]: 1406	[mysql_stmt_sqlstate]: 22001	[statemnt]: INSERT INTO messages (message, title, sender, receiver) VALUES (?,?,?,?)
[07:06:46:021317 +02:00] [Thread 6012] extDB2: SQL_CUSTOM_V2: Wiping Statements + Session
[07:06:46:021326 +02:00] [Thread 6012] extDB2: SQL_CUSTOM_V2: Error: UniqueID: 1 Input String: insertMessage:Hi, this is your first text message, welcome to the Silver Lake Verizon network!:Dear Mieczyslaw Psikuta:Verizon:76561198110529035
[07:23:45:063291 +02:00] [Thread 6012] extDB2: SQL_CUSTOM_V2: Error StatementException: MySQL: [MySQL]: [Comment]: mysql_stmt_execute error	[mysql_stmt_error]: Data too long for column 'message' at row 1	[mysql_stmt_errno]: 1406	[mysql_stmt_sqlstate]: 22001	[statemnt]: INSERT INTO mail (message, title, sender, receiver) VALUES (?,?,?,?)
[07:23:45:063363 +02:00] [Thread 6012] extDB2: SQL_CUSTOM_V2: Wiping Statements + Session
[07:23:45:063381 +02:00] [Thread 6012] extDB2: SQL_CUSTOM_V2: Error: UniqueID: 1 Input String: insertMail:Hi, this is your first mail message, welcome to Silver Lake!:Dear Roman Cieslak:Silver Lake Government:76561198294464292
[07:23:45:216382 +02:00] [Thread 6012] extDB2: SQL_CUSTOM_V2: Error StatementException: MySQL: [MySQL]: [Comment]: mysql_stmt_execute error	[mysql_stmt_error]: Data too long for column 'message' at row 1	[mysql_stmt_errno]: 1406	[mysql_stmt_sqlstate]: 22001	[statemnt]: INSERT INTO messages (message, title, sender, receiver) VALUES (?,?,?,?)
[07:23:45:216416 +02:00] [Thread 6012] extDB2: SQL_CUSTOM_V2: Wiping Statements + Session
[07:23:45:216425 +02:00] [Thread 6012] extDB2: SQL_CUSTOM_V2: Error: UniqueID: 1 Input String: insertMessage:Hi, this is your first text message, welcome to the Silver Lake Verizon network!:Dear Roman Cieslak:Verizon:76561198294464292
[07:58:05:137400 +02:00] [Thread 6012] extDB2: SQL_CUSTOM_V2: Error StatementException: MySQL: [MySQL]: [Comment]: mysql_stmt_execute error	[mysql_stmt_error]: Data too long for column 'message' at row 1	[mysql_stmt_errno]: 1406	[mysql_stmt_sqlstate]: 22001	[statemnt]: INSERT INTO mail (message, title, sender, receiver) VALUES (?,?,?,?)
[07:58:05:137437 +02:00] [Thread 6012] extDB2: SQL_CUSTOM_V2: Wiping Statements + Session
[07:58:05:137446 +02:00] [Thread 6012] extDB2: SQL_CUSTOM_V2: Error: UniqueID: 1 Input String: insertMail:Hi, this is your first mail message, welcome to Silver Lake!:Dear Martin Slepy:Silver Lake Government:76561198020165579
[07:58:05:290904 +02:00] [Thread 6012] extDB2: SQL_CUSTOM_V2: Error StatementException: MySQL: [MySQL]: [Comment]: mysql_stmt_execute error	[mysql_stmt_error]: Data too long for column 'message' at row 1	[mysql_stmt_errno]: 1406	[mysql_stmt_sqlstate]: 22001	[statemnt]: INSERT INTO messages (message, title, sender, receiver) VALUES (?,?,?,?)
[07:58:05:290937 +02:00] [Thread 6012] extDB2: SQL_CUSTOM_V2: Wiping Statements + Session
[07:58:05:290946 +02:00] [Thread 6012] extDB2: SQL_CUSTOM_V2: Error: UniqueID: 1 Input String: insertMessage:Hi, this is your first text message, welcome to the Silver Lake Verizon network!:Dear Martin Slepy:Verizon:76561198020165579
[09:33:53:174917 +02:00] [Thread 6012] extDB2: SQL_CUSTOM_V2: Error StatementException: MySQL: [MySQL]: [Comment]: mysql_stmt_execute error	[mysql_stmt_error]: Data too long for column 'message' at row 1	[mysql_stmt_errno]: 1406	[mysql_stmt_sqlstate]: 22001	[statemnt]: INSERT INTO mail (message, title, sender, receiver) VALUES (?,?,?,?)
[09:33:53:174958 +02:00] [Thread 6012] extDB2: SQL_CUSTOM_V2: Wiping Statements + Session
[09:33:53:174967 +02:00] [Thread 6012] extDB2: SQL_CUSTOM_V2: Error: UniqueID: 1 Input String: insertMail:Hi, this is your first mail message, welcome to Silver Lake!:Dear Weronus:Silver Lake Government:76561198059872208
[09:33:53:329226 +02:00] [Thread 6012] extDB2: SQL_CUSTOM_V2: Error StatementException: MySQL: [MySQL]: [Comment]: mysql_stmt_execute error	[mysql_stmt_error]: Data too long for column 'message' at row 1	[mysql_stmt_errno]: 1406	[mysql_stmt_sqlstate]: 22001	[statemnt]: INSERT INTO messages (message, title, sender, receiver) VALUES (?,?,?,?)
[09:33:53:329261 +02:00] [Thread 6012] extDB2: SQL_CUSTOM_V2: Wiping Statements + Session
[09:33:53:329269 +02:00] [Thread 6012] extDB2: SQL_CUSTOM_V2: Error: UniqueID: 1 Input String: insertMessage:Hi, this is your first text message, welcome to the Silver Lake Verizon network!:Dear Weronus:Verizon:76561198059872208
[10:21:58:854731 +02:00] [Thread 6012] extDB2: SQL_CUSTOM_V2: Error StatementException: MySQL: [MySQL]: [Comment]: mysql_stmt_execute error	[mysql_stmt_error]: Data too long for column 'message' at row 1	[mysql_stmt_errno]: 1406	[mysql_stmt_sqlstate]: 22001	[statemnt]: INSERT INTO mail (message, title, sender, receiver) VALUES (?,?,?,?)
[10:21:58:854767 +02:00] [Thread 6012] extDB2: SQL_CUSTOM_V2: Wiping Statements + Session
[10:21:58:854776 +02:00] [Thread 6012] extDB2: SQL_CUSTOM_V2: Error: UniqueID: 1 Input String: insertMail:Hi, this is your first mail message, welcome to Silver Lake!:Dear Peter Sklodowki Curie:Silver Lake Government:76561198189832415
[10:21:59:007707 +02:00] [Thread 6012] extDB2: SQL_CUSTOM_V2: Error StatementException: MySQL: [MySQL]: [Comment]: mysql_stmt_execute error	[mysql_stmt_error]: Data too long for column 'message' at row 1	[mysql_stmt_errno]: 1406	[mysql_stmt_sqlstate]: 22001	[statemnt]: INSERT INTO messages (message, title, sender, receiver) VALUES (?,?,?,?)
[10:21:59:007741 +02:00] [Thread 6012] extDB2: SQL_CUSTOM_V2: Wiping Statements + Session
[10:21:59:007750 +02:00] [Thread 6012] extDB2: SQL_CUSTOM_V2: Error: UniqueID: 1 Input String: insertMessage:Hi, this is your first text message, welcome to the Silver Lake Verizon network!:Dear Peter Sklodowki Curie:Verizon:76561198189832415
[10:23:05:047370 +02:00] [Thread 6012] extDB2: SQL_CUSTOM_V2: Error StatementException: MySQL: [MySQL]: [Comment]: mysql_stmt_execute error	[mysql_stmt_error]: Data too long for column 'message' at row 1	[mysql_stmt_errno]: 1406	[mysql_stmt_sqlstate]: 22001	[statemnt]: INSERT INTO mail (message, title, sender, receiver) VALUES (?,?,?,?)
[10:23:05:047408 +02:00] [Thread 6012] extDB2: SQL_CUSTOM_V2: Wiping Statements + Session
[10:23:05:047417 +02:00] [Thread 6012] extDB2: SQL_CUSTOM_V2: Error: UniqueID: 1 Input String: insertMail:Hi, this is your first mail message, welcome to Silver Lake!:Dear Jasiu Bomba:Silver Lake Government:76561198155816585
[10:23:05:200572 +02:00] [Thread 6012] extDB2: SQL_CUSTOM_V2: Error StatementException: MySQL: [MySQL]: [Comment]: mysql_stmt_execute error	[mysql_stmt_error]: Data too long for column 'message' at row 1	[mysql_stmt_errno]: 1406	[mysql_stmt_sqlstate]: 22001	[statemnt]: INSERT INTO messages (message, title, sender, receiver) VALUES (?,?,?,?)
[10:23:05:200607 +02:00] [Thread 6012] extDB2: SQL_CUSTOM_V2: Wiping Statements + Session
[10:23:05:200615 +02:00] [Thread 6012] extDB2: SQL_CUSTOM_V2: Error: UniqueID: 1 Input String: insertMessage:Hi, this is your first text message, welcome to the Silver Lake Verizon network!:Dear Jasiu Bomba:Verizon:76561198155816585
[10:48:48:903722 +02:00] [Thread 6012] extDB2: SQL_CUSTOM_V2: Error StatementException: MySQL: [MySQL]: [Comment]: mysql_stmt_execute error	[mysql_stmt_error]: Data too long for column 'message' at row 1	[mysql_stmt_errno]: 1406	[mysql_stmt_sqlstate]: 22001	[statemnt]: INSERT INTO mail (message, title, sender, receiver) VALUES (?,?,?,?)
[10:48:48:903761 +02:00] [Thread 6012] extDB2: SQL_CUSTOM_V2: Wiping Statements + Session
[10:48:48:903771 +02:00] [Thread 6012] extDB2: SQL_CUSTOM_V2: Error: UniqueID: 1 Input String: insertMail:Hi, this is your first mail message, welcome to Silver Lake!:Dear Bartek Khalifa:Silver Lake Government:76561198172702653
[10:48:49:055856 +02:00] [Thread 6012] extDB2: SQL_CUSTOM_V2: Error StatementException: MySQL: [MySQL]: [Comment]: mysql_stmt_execute error	[mysql_stmt_error]: Data too long for column 'message' at row 1	[mysql_stmt_errno]: 1406	[mysql_stmt_sqlstate]: 22001	[statemnt]: INSERT INTO messages (message, title, sender, receiver) VALUES (?,?,?,?)
[10:48:49:055889 +02:00] [Thread 6012] extDB2: SQL_CUSTOM_V2: Wiping Statements + Session
[10:48:49:055897 +02:00] [Thread 6012] extDB2: SQL_CUSTOM_V2: Error: UniqueID: 1 Input String: insertMessage:Hi, this is your first text message, welcome to the Silver Lake Verizon network!:Dear Bartek Khalifa:Verizon:76561198172702653
[11:08:05:868779 +02:00] [Thread 6012] extDB2: SQL_CUSTOM_V2: Error No Custom Call Not Found: Input String updateCop:9:76561197982469013
[11:08:05:868798 +02:00] [Thread 6012] extDB2: SQL_CUSTOM_V2: Error No Custom Call Not Found: Callname updateCop
[11:18:55:990850 +02:00] [Thread 6012] extDB2: SQL_CUSTOM_V2: Error StatementException: MySQL: [MySQL]: [Comment]: mysql_stmt_execute error	[mysql_stmt_error]: Data too long for column 'message' at row 1	[mysql_stmt_errno]: 1406	[mysql_stmt_sqlstate]: 22001	[statemnt]: INSERT INTO mail (message, title, sender, receiver) VALUES (?,?,?,?)
[11:18:55:990889 +02:00] [Thread 6012] extDB2: SQL_CUSTOM_V2: Wiping Statements + Session
[11:18:55:990897 +02:00] [Thread 6012] extDB2: SQL_CUSTOM_V2: Error: UniqueID: 1 Input String: insertMail:Hi, this is your first mail message, welcome to Silver Lake!:Dear Matias Ptasiorowski:Silver Lake Government:76561198083248272
[11:18:56:145355 +02:00] [Thread 6012] extDB2: SQL_CUSTOM_V2: Error StatementException: MySQL: [MySQL]: [Comment]: mysql_stmt_execute error	[mysql_stmt_error]: Data too long for column 'message' at row 1	[mysql_stmt_errno]: 1406	[mysql_stmt_sqlstate]: 22001	[statemnt]: INSERT INTO messages (message, title, sender, receiver) VALUES (?,?,?,?)
[11:18:56:145401 +02:00] [Thread 6012] extDB2: SQL_CUSTOM_V2: Wiping Statements + Session
[11:18:56:145409 +02:00] [Thread 6012] extDB2: SQL_CUSTOM_V2: Error: UniqueID: 1 Input String: insertMessage:Hi, this is your first text message, welcome to the Silver Lake Verizon network!:Dear Matias Ptasiorowski:Verizon:76561198083248272
[11:23:28:901072 +02:00] [Thread 6012] extDB2: SQL_CUSTOM_V2: Error No Custom Call Not Found: Input String updatePrison:10:76561197982469013
[11:23:28:901089 +02:00] [Thread 6012] extDB2: SQL_CUSTOM_V2: Error No Custom Call Not Found: Callname updatePrison
[11:23:28:901163 +02:00] [Thread 6012] extDB2: SQL_CUSTOM_V2: Error No Custom Call Not Found: Input String updatePrisonReason:Bo tak:76561197982469013
[11:23:28:901178 +02:00] [Thread 6012] extDB2: SQL_CUSTOM_V2: Error No Custom Call Not Found: Callname updatePrisonReason
[11:28:32:893023 +02:00] [Thread 6012] extDB2: SQL_CUSTOM_V2: Error No Custom Call Not Found: Input String updatePrison:5:76561197982469013
[11:28:32:893042 +02:00] [Thread 6012] extDB2: SQL_CUSTOM_V2: Error No Custom Call Not Found: Callname updatePrison
[11:28:32:893102 +02:00] [Thread 6012] extDB2: SQL_CUSTOM_V2: Error No Custom Call Not Found: Input String updatePrisonReason:Bo tak:76561197982469013
[11:28:32:893107 +02:00] [Thread 6012] extDB2: SQL_CUSTOM_V2: Error No Custom Call Not Found: Callname updatePrisonReason
[11:59:17:796100 +02:00] [Thread 6012] extDB2: SQL_CUSTOM_V2: Error StatementException: MySQL: [MySQL]: [Comment]: mysql_stmt_execute error	[mysql_stmt_error]: Data too long for column 'message' at row 1	[mysql_stmt_errno]: 1406	[mysql_stmt_sqlstate]: 22001	[statemnt]: INSERT INTO mail (message, title, sender, receiver) VALUES (?,?,?,?)
[11:59:17:796166 +02:00] [Thread 6012] extDB2: SQL_CUSTOM_V2: Wiping Statements + Session
[11:59:17:796177 +02:00] [Thread 6012] extDB2: SQL_CUSTOM_V2: Error: UniqueID: 1 Input String: insertMail:Hi, this is your first mail message, welcome to Silver Lake!:Dear Jakub Lis:Silver Lake Government:76561198062360142
[11:59:17:949610 +02:00] [Thread 6012] extDB2: SQL_CUSTOM_V2: Error StatementException: MySQL: [MySQL]: [Comment]: mysql_stmt_execute error	[mysql_stmt_error]: Data too long for column 'message' at row 1	[mysql_stmt_errno]: 1406	[mysql_stmt_sqlstate]: 22001	[statemnt]: INSERT INTO messages (message, title, sender, receiver) VALUES (?,?,?,?)
[11:59:17:949654 +02:00] [Thread 6012] extDB2: SQL_CUSTOM_V2: Wiping Statements + Session
[11:59:17:949662 +02:00] [Thread 6012] extDB2: SQL_CUSTOM_V2: Error: UniqueID: 1 Input String: insertMessage:Hi, this is your first text message, welcome to the Silver Lake Verizon network!:Dear Jakub Lis:Verizon:76561198062360142
[12:00:46:732315 +02:00] [Thread 6012] extDB2: Stopping ...
