extDB2: Version: 71
extDB2: https://github.com/Torndeco/extDB2
extDB2: Windows Version
Message: All development for extDB2 is done on a Linux Dedicated Server
Message: If you would like to Donate to extDB2 Development
Message: https://www.paypal.com/cgi-bin/webscr?cmd=_s-xclick&hosted_button_id=2SUEFTGABTAM2
Message: Also leave a message if there is any particular feature you would like to see added.
Message: Thanks for all the people that have donated.
Message: Torndeco: 20/02/15


extDB2: Found extdb-conf.ini
extDB2: Detected 8 Cores, Setting up 6 Worker Threads


[12:17:21:039948 +02:00] [Thread 9828] extDB2: Database Type: MySQL
[12:17:21:050862 +02:00] [Thread 9828] extDB2: Database Session Pool Started
[12:17:21:051199 +02:00] [Thread 9828] extDB2: SQL_CUSTOM_V2: Loading Template Filename: C:\Program Files (x86)\Steam\steamapps\common\Arma 3\@extDBNP\extDB\sql_custom_v2\rpframework.ini
[12:17:21:051228 +02:00] [Thread 9828] extDB2: SQL_CUSTOM_V2: Version 10 Detected, Latest Version 12 Available
[12:17:21:322013 +02:00] [Thread 3772] extDB2: SQL_CUSTOM_V2: Error No Custom Call Not Found: Input String getMayor:2
[12:17:21:322030 +02:00] [Thread 3772] extDB2: SQL_CUSTOM_V2: Error No Custom Call Not Found: Callname getMayor
[12:17:21:322051 +02:00] [Thread 3380] extDB2: SQL_CUSTOM_V2: Error No Custom Call Not Found: Input String racetimes:1
[12:17:21:322061 +02:00] [Thread 3380] extDB2: SQL_CUSTOM_V2: Error No Custom Call Not Found: Callname racetimes
[12:17:21:322081 +02:00] [Thread 3772] extDB2: SQL_CUSTOM_V2: Error No Custom Call Not Found: Input String rallyracetimes:1
[12:17:21:322090 +02:00] [Thread 3772] extDB2: SQL_CUSTOM_V2: Error No Custom Call Not Found: Callname rallyracetimes
[12:17:21:322108 +02:00] [Thread 3380] extDB2: SQL_CUSTOM_V2: Error No Custom Call Not Found: Input String mafiaBank:1
[12:17:21:322118 +02:00] [Thread 3380] extDB2: SQL_CUSTOM_V2: Error No Custom Call Not Found: Callname mafiaBank
[12:17:21:451565 +02:00] [Thread 3380] extDB2: SQL_CUSTOM_V2: Error No Custom Call Not Found: Input String racetimes:2
[12:17:21:451581 +02:00] [Thread 3380] extDB2: SQL_CUSTOM_V2: Error No Custom Call Not Found: Callname racetimes
[12:17:21:451649 +02:00] [Thread 3380] extDB2: SQL_CUSTOM_V2: Error No Custom Call Not Found: Input String rallyracetimes:2
[12:17:21:451658 +02:00] [Thread 3380] extDB2: SQL_CUSTOM_V2: Error No Custom Call Not Found: Callname rallyracetimes
[12:17:23:156566 +02:00] [Thread 3380] extDB2: SQL_CUSTOM_V2: Error No Custom Call Not Found: Input String rallyracetimes:3
[12:17:23:156583 +02:00] [Thread 3380] extDB2: SQL_CUSTOM_V2: Error No Custom Call Not Found: Callname rallyracetimes
[12:17:23:156621 +02:00] [Thread 3380] extDB2: SQL_CUSTOM_V2: Error No Custom Call Not Found: Input String racetimes:3
[12:17:23:156625 +02:00] [Thread 3380] extDB2: SQL_CUSTOM_V2: Error No Custom Call Not Found: Callname racetimes
[12:18:51:080550 +02:00] [Thread 9828] extDB2: SQL_CUSTOM_V2: Error StatementException: MySQL: [MySQL]: [Comment]: mysql_stmt_execute error	[mysql_stmt_error]: Data too long for column 'message' at row 1	[mysql_stmt_errno]: 1406	[mysql_stmt_sqlstate]: 22001	[statemnt]: INSERT INTO mail (message, title, sender, receiver) VALUES (?,?,?,?)
[12:18:51:080585 +02:00] [Thread 9828] extDB2: SQL_CUSTOM_V2: Wiping Statements + Session
[12:18:51:080594 +02:00] [Thread 9828] extDB2: SQL_CUSTOM_V2: Error: UniqueID: 1 Input String: insertMail:Hi, this is your first mail message, welcome to Silver Lake!:Dear Jerzy Kiler:Silver Lake Government:76561198014785114
[12:18:51:233071 +02:00] [Thread 9828] extDB2: SQL_CUSTOM_V2: Error StatementException: MySQL: [MySQL]: [Comment]: mysql_stmt_execute error	[mysql_stmt_error]: Data too long for column 'message' at row 1	[mysql_stmt_errno]: 1406	[mysql_stmt_sqlstate]: 22001	[statemnt]: INSERT INTO messages (message, title, sender, receiver) VALUES (?,?,?,?)
[12:18:51:233103 +02:00] [Thread 9828] extDB2: SQL_CUSTOM_V2: Wiping Statements + Session
[12:18:51:233112 +02:00] [Thread 9828] extDB2: SQL_CUSTOM_V2: Error: UniqueID: 1 Input String: insertMessage:Hi, this is your first text message, welcome to the Silver Lake Verizon network!:Dear Jerzy Kiler:Verizon:76561198014785114
[12:22:34:437079 +02:00] [Thread 9828] extDB2: SQL_CUSTOM_V2: Error StatementException: MySQL: [MySQL]: [Comment]: mysql_stmt_execute error	[mysql_stmt_error]: Data too long for column 'message' at row 1	[mysql_stmt_errno]: 1406	[mysql_stmt_sqlstate]: 22001	[statemnt]: INSERT INTO mail (message, title, sender, receiver) VALUES (?,?,?,?)
[12:22:34:437112 +02:00] [Thread 9828] extDB2: SQL_CUSTOM_V2: Wiping Statements + Session
[12:22:34:437121 +02:00] [Thread 9828] extDB2: SQL_CUSTOM_V2: Error: UniqueID: 1 Input String: insertMail:Hi, this is your first mail message, welcome to Silver Lake!:Dear Rodzo Szczepanski:Silver Lake Government:76561197999686574
[12:22:34:588241 +02:00] [Thread 9828] extDB2: SQL_CUSTOM_V2: Error StatementException: MySQL: [MySQL]: [Comment]: mysql_stmt_execute error	[mysql_stmt_error]: Data too long for column 'message' at row 1	[mysql_stmt_errno]: 1406	[mysql_stmt_sqlstate]: 22001	[statemnt]: INSERT INTO messages (message, title, sender, receiver) VALUES (?,?,?,?)
[12:22:34:588272 +02:00] [Thread 9828] extDB2: SQL_CUSTOM_V2: Wiping Statements + Session
[12:22:34:588298 +02:00] [Thread 9828] extDB2: SQL_CUSTOM_V2: Error: UniqueID: 1 Input String: insertMessage:Hi, this is your first text message, welcome to the Silver Lake Verizon network!:Dear Rodzo Szczepanski:Verizon:76561197999686574
[12:23:10:637195 +02:00] [Thread 9828] extDB2: SQL_CUSTOM_V2: Error StatementException: MySQL: [MySQL]: [Comment]: mysql_stmt_execute error	[mysql_stmt_error]: Data too long for column 'message' at row 1	[mysql_stmt_errno]: 1406	[mysql_stmt_sqlstate]: 22001	[statemnt]: INSERT INTO mail (message, title, sender, receiver) VALUES (?,?,?,?)
[12:23:10:637230 +02:00] [Thread 9828] extDB2: SQL_CUSTOM_V2: Wiping Statements + Session
[12:23:10:637238 +02:00] [Thread 9828] extDB2: SQL_CUSTOM_V2: Error: UniqueID: 1 Input String: insertMail:Hi, this is your first mail message, welcome to Silver Lake!:Dear Konrad Fisher:Silver Lake Government:76561198100676714
[12:23:10:789106 +02:00] [Thread 9828] extDB2: SQL_CUSTOM_V2: Error StatementException: MySQL: [MySQL]: [Comment]: mysql_stmt_execute error	[mysql_stmt_error]: Data too long for column 'message' at row 1	[mysql_stmt_errno]: 1406	[mysql_stmt_sqlstate]: 22001	[statemnt]: INSERT INTO messages (message, title, sender, receiver) VALUES (?,?,?,?)
[12:23:10:789137 +02:00] [Thread 9828] extDB2: SQL_CUSTOM_V2: Wiping Statements + Session
[12:23:10:789145 +02:00] [Thread 9828] extDB2: SQL_CUSTOM_V2: Error: UniqueID: 1 Input String: insertMessage:Hi, this is your first text message, welcome to the Silver Lake Verizon network!:Dear Konrad Fisher:Verizon:76561198100676714
[12:26:39:100633 +02:00] [Thread 9828] extDB2: SQL_CUSTOM_V2: Error StatementException: MySQL: [MySQL]: [Comment]: mysql_stmt_execute error	[mysql_stmt_error]: Data too long for column 'message' at row 1	[mysql_stmt_errno]: 1406	[mysql_stmt_sqlstate]: 22001	[statemnt]: INSERT INTO mail (message, title, sender, receiver) VALUES (?,?,?,?)
[12:26:39:100668 +02:00] [Thread 9828] extDB2: SQL_CUSTOM_V2: Wiping Statements + Session
[12:26:39:100676 +02:00] [Thread 9828] extDB2: SQL_CUSTOM_V2: Error: UniqueID: 1 Input String: insertMail:Hi, this is your first mail message, welcome to Silver Lake!:Dear Oskar Grade:Silver Lake Government:76561198060296065
[12:26:39:254802 +02:00] [Thread 9828] extDB2: SQL_CUSTOM_V2: Error StatementException: MySQL: [MySQL]: [Comment]: mysql_stmt_execute error	[mysql_stmt_error]: Data too long for column 'message' at row 1	[mysql_stmt_errno]: 1406	[mysql_stmt_sqlstate]: 22001	[statemnt]: INSERT INTO messages (message, title, sender, receiver) VALUES (?,?,?,?)
[12:26:39:254831 +02:00] [Thread 9828] extDB2: SQL_CUSTOM_V2: Wiping Statements + Session
[12:26:39:254838 +02:00] [Thread 9828] extDB2: SQL_CUSTOM_V2: Error: UniqueID: 1 Input String: insertMessage:Hi, this is your first text message, welcome to the Silver Lake Verizon network!:Dear Oskar Grade:Verizon:76561198060296065
[12:35:23:695034 +02:00] [Thread 9828] extDB2: SQL_CUSTOM_V2: Error StatementException: MySQL: [MySQL]: [Comment]: mysql_stmt_execute error	[mysql_stmt_error]: Data too long for column 'message' at row 1	[mysql_stmt_errno]: 1406	[mysql_stmt_sqlstate]: 22001	[statemnt]: INSERT INTO mail (message, title, sender, receiver) VALUES (?,?,?,?)
[12:35:23:695066 +02:00] [Thread 9828] extDB2: SQL_CUSTOM_V2: Wiping Statements + Session
[12:35:23:695074 +02:00] [Thread 9828] extDB2: SQL_CUSTOM_V2: Error: UniqueID: 1 Input String: insertMail:Hi, this is your first mail message, welcome to Silver Lake!:Dear William McCarthy:Silver Lake Government:76561198048536218
[12:35:23:848227 +02:00] [Thread 9828] extDB2: SQL_CUSTOM_V2: Error StatementException: MySQL: [MySQL]: [Comment]: mysql_stmt_execute error	[mysql_stmt_error]: Data too long for column 'message' at row 1	[mysql_stmt_errno]: 1406	[mysql_stmt_sqlstate]: 22001	[statemnt]: INSERT INTO messages (message, title, sender, receiver) VALUES (?,?,?,?)
[12:35:23:848259 +02:00] [Thread 9828] extDB2: SQL_CUSTOM_V2: Wiping Statements + Session
[12:35:23:848267 +02:00] [Thread 9828] extDB2: SQL_CUSTOM_V2: Error: UniqueID: 1 Input String: insertMessage:Hi, this is your first text message, welcome to the Silver Lake Verizon network!:Dear William McCarthy:Verizon:76561198048536218
[12:40:12:258519 +02:00] [Thread 9828] extDB2: SQL_CUSTOM_V2: Error StatementException: MySQL: [MySQL]: [Comment]: mysql_stmt_execute error	[mysql_stmt_error]: Data too long for column 'message' at row 1	[mysql_stmt_errno]: 1406	[mysql_stmt_sqlstate]: 22001	[statemnt]: INSERT INTO mail (message, title, sender, receiver) VALUES (?,?,?,?)
[12:40:12:258554 +02:00] [Thread 9828] extDB2: SQL_CUSTOM_V2: Wiping Statements + Session
[12:40:12:258562 +02:00] [Thread 9828] extDB2: SQL_CUSTOM_V2: Error: UniqueID: 1 Input String: insertMail:Hi, this is your first mail message, welcome to Silver Lake!:Dear Franklin Clinton:Silver Lake Government:76561198134075203
[12:40:12:409130 +02:00] [Thread 9828] extDB2: SQL_CUSTOM_V2: Error StatementException: MySQL: [MySQL]: [Comment]: mysql_stmt_execute error	[mysql_stmt_error]: Data too long for column 'message' at row 1	[mysql_stmt_errno]: 1406	[mysql_stmt_sqlstate]: 22001	[statemnt]: INSERT INTO messages (message, title, sender, receiver) VALUES (?,?,?,?)
[12:40:12:409169 +02:00] [Thread 9828] extDB2: SQL_CUSTOM_V2: Wiping Statements + Session
[12:40:12:409177 +02:00] [Thread 9828] extDB2: SQL_CUSTOM_V2: Error: UniqueID: 1 Input String: insertMessage:Hi, this is your first text message, welcome to the Silver Lake Verizon network!:Dear Franklin Clinton:Verizon:76561198134075203
[12:44:53:482941 +02:00] [Thread 9828] extDB2: SQL_CUSTOM_V2: Error No Custom Call Not Found: Input String updateShop:[[[],[],[]],[[],[],[]],[[],[],[]],[[],[],[]]]:76561198060296065
[12:44:53:482961 +02:00] [Thread 9828] extDB2: SQL_CUSTOM_V2: Error No Custom Call Not Found: Callname updateShop
[12:44:57:255144 +02:00] [Thread 9828] extDB2: SQL_CUSTOM_V2: Error No Custom Call Not Found: Input String updateShop:[[[],[],[]],[[],[],[]],[[],[],[]],[[],[],[]]]:76561198060296065
[12:44:57:255161 +02:00] [Thread 9828] extDB2: SQL_CUSTOM_V2: Error No Custom Call Not Found: Callname updateShop
[12:48:07:347929 +02:00] [Thread 9828] extDB2: SQL_CUSTOM_V2: Error No Custom Call Not Found: Input String update2:76561198033424286:EMS
[12:48:07:347949 +02:00] [Thread 9828] extDB2: SQL_CUSTOM_V2: Error No Custom Call Not Found: Callname update2
[12:50:05:390009 +02:00] [Thread 9828] extDB2: SQL_CUSTOM_V2: Error No Custom Call Not Found: Input String update2:76561198015862132:Cop
[12:50:05:390028 +02:00] [Thread 9828] extDB2: SQL_CUSTOM_V2: Error No Custom Call Not Found: Callname update2
[12:50:23:287071 +02:00] [Thread 9828] extDB2: SQL_CUSTOM_V2: Error No Custom Call Not Found: Input String update2:76561198015862132:Cop
[12:50:23:287090 +02:00] [Thread 9828] extDB2: SQL_CUSTOM_V2: Error No Custom Call Not Found: Callname update2
[12:50:23:441629 +02:00] [Thread 9828] extDB2: SQL_CUSTOM_V2: Error No Custom Call Not Found: Input String update2:76561198015862132:Cop
[12:50:23:441648 +02:00] [Thread 9828] extDB2: SQL_CUSTOM_V2: Error No Custom Call Not Found: Callname update2
[12:50:23:572360 +02:00] [Thread 9828] extDB2: SQL_CUSTOM_V2: Error No Custom Call Not Found: Input String update2:76561198015862132:Cop
[12:50:23:572376 +02:00] [Thread 9828] extDB2: SQL_CUSTOM_V2: Error No Custom Call Not Found: Callname update2
[12:50:38:624185 +02:00] [Thread 9828] extDB2: SQL_CUSTOM_V2: Error No Custom Call Not Found: Input String update5:76561198015862132:Cop
[12:50:38:624205 +02:00] [Thread 9828] extDB2: SQL_CUSTOM_V2: Error No Custom Call Not Found: Callname update5
[12:50:38:777969 +02:00] [Thread 9828] extDB2: SQL_CUSTOM_V2: Error No Custom Call Not Found: Input String update5:76561198015862132:Cop
[12:50:38:777984 +02:00] [Thread 9828] extDB2: SQL_CUSTOM_V2: Error No Custom Call Not Found: Callname update5
[12:50:46:067555 +02:00] [Thread 9828] extDB2: SQL_CUSTOM_V2: Error No Custom Call Not Found: Input String update2:76561198015862132:Cop
[12:50:46:067586 +02:00] [Thread 9828] extDB2: SQL_CUSTOM_V2: Error No Custom Call Not Found: Callname update2
[12:53:15:045365 +02:00] [Thread 9828] extDB2: SQL_CUSTOM_V2: Error No Custom Call Not Found: Input String update2:76561198058284094:EMS
[12:53:15:045383 +02:00] [Thread 9828] extDB2: SQL_CUSTOM_V2: Error No Custom Call Not Found: Callname update2
[12:53:35:888514 +02:00] [Thread 9828] extDB2: SQL_CUSTOM_V2: Error StatementException: MySQL: [MySQL]: [Comment]: mysql_stmt_execute error	[mysql_stmt_error]: Data too long for column 'message' at row 1	[mysql_stmt_errno]: 1406	[mysql_stmt_sqlstate]: 22001	[statemnt]: INSERT INTO mail (message, title, sender, receiver) VALUES (?,?,?,?)
[12:53:35:888559 +02:00] [Thread 9828] extDB2: SQL_CUSTOM_V2: Wiping Statements + Session
[12:53:35:888566 +02:00] [Thread 9828] extDB2: SQL_CUSTOM_V2: Error: UniqueID: 1 Input String: insertMail:Hi, this is your first mail message, welcome to Silver Lake!:Dear Simon Jlogowski  []:Silver Lake Government:76561198121087807
[12:53:36:064278 +02:00] [Thread 9828] extDB2: SQL_CUSTOM_V2: Error StatementException: MySQL: [MySQL]: [Comment]: mysql_stmt_execute error	[mysql_stmt_error]: Data too long for column 'message' at row 1	[mysql_stmt_errno]: 1406	[mysql_stmt_sqlstate]: 22001	[statemnt]: INSERT INTO messages (message, title, sender, receiver) VALUES (?,?,?,?)
[12:53:36:064319 +02:00] [Thread 9828] extDB2: SQL_CUSTOM_V2: Wiping Statements + Session
[12:53:36:064327 +02:00] [Thread 9828] extDB2: SQL_CUSTOM_V2: Error: UniqueID: 1 Input String: insertMessage:Hi, this is your first text message, welcome to the Silver Lake Verizon network!:Dear Simon Jlogowski  []:Verizon:76561198121087807
[12:55:40:330519 +02:00] [Thread 9828] extDB2: SQL_CUSTOM_V2: Error No Custom Call Not Found: Input String update2:76561198015862132:Cop
[12:55:40:330538 +02:00] [Thread 9828] extDB2: SQL_CUSTOM_V2: Error No Custom Call Not Found: Callname update2
[13:01:11:112627 +02:00] [Thread 9828] extDB2: SQL_CUSTOM_V2: Error StatementException: MySQL: [MySQL]: [Comment]: mysql_stmt_execute error	[mysql_stmt_error]: Data too long for column 'message' at row 1	[mysql_stmt_errno]: 1406	[mysql_stmt_sqlstate]: 22001	[statemnt]: INSERT INTO mail (message, title, sender, receiver) VALUES (?,?,?,?)
[13:01:11:112663 +02:00] [Thread 9828] extDB2: SQL_CUSTOM_V2: Wiping Statements + Session
[13:01:11:112671 +02:00] [Thread 9828] extDB2: SQL_CUSTOM_V2: Error: UniqueID: 1 Input String: insertMail:Hi, this is your first mail message, welcome to Silver Lake!:Dear Janusz Strasburgermaner:Silver Lake Government:76561198264234786
[13:01:11:267221 +02:00] [Thread 9828] extDB2: SQL_CUSTOM_V2: Error StatementException: MySQL: [MySQL]: [Comment]: mysql_stmt_execute error	[mysql_stmt_error]: Data too long for column 'message' at row 1	[mysql_stmt_errno]: 1406	[mysql_stmt_sqlstate]: 22001	[statemnt]: INSERT INTO messages (message, title, sender, receiver) VALUES (?,?,?,?)
[13:01:11:267262 +02:00] [Thread 9828] extDB2: SQL_CUSTOM_V2: Wiping Statements + Session
[13:01:11:267310 +02:00] [Thread 9828] extDB2: SQL_CUSTOM_V2: Error: UniqueID: 1 Input String: insertMessage:Hi, this is your first text message, welcome to the Silver Lake Verizon network!:Dear Janusz Strasburgermaner:Verizon:76561198264234786
[13:15:51:007887 +02:00] [Thread 3380] extDB2: SQL_CUSTOM_V2: Error StatementException: MySQL: [MySQL]: [Comment]: mysql_stmt_prepare error	[mysql_stmt_error]: Unknown column 'caseID' in 'field list'	[mysql_stmt_errno]: 1054	[mysql_stmt_sqlstate]: 42S22	[statemnt]: SELECT caseID, officerGUID, charges, status, evidence FROM wanted WHERE status=?;
[13:15:51:007917 +02:00] [Thread 3380] extDB2: SQL_CUSTOM_V2: Wiping Statements + Session
[13:15:51:007924 +02:00] [Thread 3380] extDB2: SQL_CUSTOM_V2: Error: UniqueID: 308 Input String: getCrimeType:1
[13:15:51:446405 +02:00] [Thread 9828] extDB2: SQL_CUSTOM_V2: Incorrect Number of Inputs: Input String insertMessage:Witam! Jak to wyglada z mozliwoscia wstapienia w Wasze szeregi, trzeba pisac podanie online na forum miasta czy zglosic sie na komendzie :):SMS from Iwan Bludow:Iwan Bludow:76561197991728220
[13:15:51:446431 +02:00] [Thread 9828] extDB2: SQL_CUSTOM_V2: Incorrect Number of Inputs: Expected: 4 Got: 5
[13:16:28:293469 +02:00] [Thread 9828] extDB2: SQL_CUSTOM_V2: Error No Custom Call Not Found: Input String update3:76561198131355976:Cop
[13:16:28:293487 +02:00] [Thread 9828] extDB2: SQL_CUSTOM_V2: Error No Custom Call Not Found: Callname update3
[13:17:06:831300 +02:00] [Thread 9828] extDB2: SQL_CUSTOM_V2: Error StatementException: MySQL: [MySQL]: [Comment]: mysql_stmt_execute error	[mysql_stmt_error]: Data too long for column 'message' at row 1	[mysql_stmt_errno]: 1406	[mysql_stmt_sqlstate]: 22001	[statemnt]: INSERT INTO mail (message, title, sender, receiver) VALUES (?,?,?,?)
[13:17:06:831347 +02:00] [Thread 9828] extDB2: SQL_CUSTOM_V2: Wiping Statements + Session
[13:17:06:831355 +02:00] [Thread 9828] extDB2: SQL_CUSTOM_V2: Error: UniqueID: 1 Input String: insertMail:Hi, this is your first mail message, welcome to Silver Lake!:Dear Mateo Topeczka:Silver Lake Government:76561198160990932
[13:17:06:985406 +02:00] [Thread 9828] extDB2: SQL_CUSTOM_V2: Error StatementException: MySQL: [MySQL]: [Comment]: mysql_stmt_execute error	[mysql_stmt_error]: Data too long for column 'message' at row 1	[mysql_stmt_errno]: 1406	[mysql_stmt_sqlstate]: 22001	[statemnt]: INSERT INTO messages (message, title, sender, receiver) VALUES (?,?,?,?)
[13:17:06:985447 +02:00] [Thread 9828] extDB2: SQL_CUSTOM_V2: Wiping Statements + Session
[13:17:06:985455 +02:00] [Thread 9828] extDB2: SQL_CUSTOM_V2: Error: UniqueID: 1 Input String: insertMessage:Hi, this is your first text message, welcome to the Silver Lake Verizon network!:Dear Mateo Topeczka:Verizon:76561198160990932
[13:20:06:274961 +02:00] [Thread 9828] extDB2: SQL_CUSTOM_V2: Error StatementException: MySQL: [MySQL]: [Comment]: mysql_stmt_execute error	[mysql_stmt_error]: Data too long for column 'message' at row 1	[mysql_stmt_errno]: 1406	[mysql_stmt_sqlstate]: 22001	[statemnt]: INSERT INTO mail (message, title, sender, receiver) VALUES (?,?,?,?)
[13:20:06:274996 +02:00] [Thread 9828] extDB2: SQL_CUSTOM_V2: Wiping Statements + Session
[13:20:06:275003 +02:00] [Thread 9828] extDB2: SQL_CUSTOM_V2: Error: UniqueID: 1 Input String: insertMail:Hi, this is your first mail message, welcome to Silver Lake!:Dear Florian Kimon:Silver Lake Government:76561198041714567
[13:20:06:429239 +02:00] [Thread 9828] extDB2: SQL_CUSTOM_V2: Error StatementException: MySQL: [MySQL]: [Comment]: mysql_stmt_execute error	[mysql_stmt_error]: Data too long for column 'message' at row 1	[mysql_stmt_errno]: 1406	[mysql_stmt_sqlstate]: 22001	[statemnt]: INSERT INTO messages (message, title, sender, receiver) VALUES (?,?,?,?)
[13:20:06:429281 +02:00] [Thread 9828] extDB2: SQL_CUSTOM_V2: Wiping Statements + Session
[13:20:06:429289 +02:00] [Thread 9828] extDB2: SQL_CUSTOM_V2: Error: UniqueID: 1 Input String: insertMessage:Hi, this is your first text message, welcome to the Silver Lake Verizon network!:Dear Florian Kimon:Verizon:76561198041714567
[13:22:51:350456 +02:00] [Thread 9828] extDB2: SQL_CUSTOM_V2: Error StatementException: MySQL: [MySQL]: [Comment]: mysql_stmt_execute error	[mysql_stmt_error]: Data too long for column 'message' at row 1	[mysql_stmt_errno]: 1406	[mysql_stmt_sqlstate]: 22001	[statemnt]: INSERT INTO mail (message, title, sender, receiver) VALUES (?,?,?,?)
[13:22:51:350490 +02:00] [Thread 9828] extDB2: SQL_CUSTOM_V2: Wiping Statements + Session
[13:22:51:350498 +02:00] [Thread 9828] extDB2: SQL_CUSTOM_V2: Error: UniqueID: 1 Input String: insertMail:Hi, this is your first mail message, welcome to Silver Lake!:Dear Kamil Stach [500[:Silver Lake Government:76561198059952505
[13:22:51:523558 +02:00] [Thread 9828] extDB2: SQL_CUSTOM_V2: Error StatementException: MySQL: [MySQL]: [Comment]: mysql_stmt_execute error	[mysql_stmt_error]: Data too long for column 'message' at row 1	[mysql_stmt_errno]: 1406	[mysql_stmt_sqlstate]: 22001	[statemnt]: INSERT INTO messages (message, title, sender, receiver) VALUES (?,?,?,?)
[13:22:51:523587 +02:00] [Thread 9828] extDB2: SQL_CUSTOM_V2: Wiping Statements + Session
[13:22:51:523595 +02:00] [Thread 9828] extDB2: SQL_CUSTOM_V2: Error: UniqueID: 1 Input String: insertMessage:Hi, this is your first text message, welcome to the Silver Lake Verizon network!:Dear Kamil Stach [500[:Verizon:76561198059952505
[13:23:43:882900 +02:00] [Thread 3380] extDB2: SQL_CUSTOM_V2: Error StatementException: MySQL: [MySQL]: [Comment]: mysql_stmt_prepare error	[mysql_stmt_error]: Unknown column 'caseID' in 'field list'	[mysql_stmt_errno]: 1054	[mysql_stmt_sqlstate]: 42S22	[statemnt]: SELECT caseID, officerGUID, charges, status, evidence FROM wanted WHERE status=?;
[13:23:43:882935 +02:00] [Thread 3380] extDB2: SQL_CUSTOM_V2: Wiping Statements + Session
[13:23:43:882942 +02:00] [Thread 3380] extDB2: SQL_CUSTOM_V2: Error: UniqueID: 325 Input String: getCrimeType:1
[13:24:03:516539 +02:00] [Thread 3380] extDB2: SQL_CUSTOM_V2: Error StatementException: MySQL: [MySQL]: [Comment]: mysql_stmt_prepare error	[mysql_stmt_error]: Unknown column 'caseID' in 'field list'	[mysql_stmt_errno]: 1054	[mysql_stmt_sqlstate]: 42S22	[statemnt]: SELECT caseID, officerGUID, charges, status, evidence FROM wanted WHERE status=?;
[13:24:03:516570 +02:00] [Thread 3380] extDB2: SQL_CUSTOM_V2: Wiping Statements + Session
[13:24:03:516577 +02:00] [Thread 3380] extDB2: SQL_CUSTOM_V2: Error: UniqueID: 326 Input String: getCrimeType:1
[13:27:50:811720 +02:00] [Thread 9828] extDB2: SQL_CUSTOM_V2: Error No Custom Call Not Found: Input String updateShop:[[[],[],[]],[["np_copperbar1","np_ironbar1","np_silverbar1"],[27,21,3],[0,0,0]],[[],[],[]],[[],[],[]]]:76561197999686574
[13:27:50:811740 +02:00] [Thread 9828] extDB2: SQL_CUSTOM_V2: Error No Custom Call Not Found: Callname updateShop
[13:28:04:100979 +02:00] [Thread 9828] extDB2: SQL_CUSTOM_V2: Error No Custom Call Not Found: Input String updateShop:[[[],[],[]],[["np_copperbar1","np_ironbar1","np_silverbar1"],[23,23,5],[0,0,0]],[[],[],[]],[[],[],[]]]:76561198062360142
[13:28:04:100998 +02:00] [Thread 9828] extDB2: SQL_CUSTOM_V2: Error No Custom Call Not Found: Callname updateShop
[13:28:05:487321 +02:00] [Thread 9828] extDB2: SQL_CUSTOM_V2: Error No Custom Call Not Found: Input String updateShop:[[[],[],[]],[["np_copperbar1","np_ironbar1","np_silverbar1"],[23,23,5],[0,0,0]],[[],[],[]],[[],[],[]]]:76561198062360142
[13:28:05:487335 +02:00] [Thread 9828] extDB2: SQL_CUSTOM_V2: Error No Custom Call Not Found: Callname updateShop
[13:29:45:740712 +02:00] [Thread 9828] extDB2: SQL_CUSTOM_V2: Error No Custom Call Not Found: Input String updateShop:[[[],[],[]],[["np_copperbar1","np_ironbar1","np_silverbar1"],[25,23,5],[0,0,0]],[[],[],[]],[[],[],[]]]:76561198062360142
[13:29:45:740732 +02:00] [Thread 9828] extDB2: SQL_CUSTOM_V2: Error No Custom Call Not Found: Callname updateShop
[13:29:46:985978 +02:00] [Thread 9828] extDB2: SQL_CUSTOM_V2: Error No Custom Call Not Found: Input String updateShop:[[[],[],[]],[["np_copperbar1","np_ironbar1","np_silverbar1"],[25,23,5],[0,0,0]],[[],[],[]],[[],[],[]]]:76561198062360142
[13:29:46:985997 +02:00] [Thread 9828] extDB2: SQL_CUSTOM_V2: Error No Custom Call Not Found: Callname updateShop
[13:32:38:467949 +02:00] [Thread 9828] extDB2: SQL_CUSTOM_V2: Error StatementException: MySQL: [MySQL]: [Comment]: mysql_stmt_execute error	[mysql_stmt_error]: Data too long for column 'message' at row 1	[mysql_stmt_errno]: 1406	[mysql_stmt_sqlstate]: 22001	[statemnt]: INSERT INTO mail (message, title, sender, receiver) VALUES (?,?,?,?)
[13:32:38:467981 +02:00] [Thread 9828] extDB2: SQL_CUSTOM_V2: Wiping Statements + Session
[13:32:38:467989 +02:00] [Thread 9828] extDB2: SQL_CUSTOM_V2: Error: UniqueID: 1 Input String: insertMail:Hi, this is your first mail message, welcome to Silver Lake!:Dear Jimmy Skurczyrak [514]:Silver Lake Government:76561198171609822
[13:32:38:623179 +02:00] [Thread 9828] extDB2: SQL_CUSTOM_V2: Error StatementException: MySQL: [MySQL]: [Comment]: mysql_stmt_execute error	[mysql_stmt_error]: Data too long for column 'message' at row 1	[mysql_stmt_errno]: 1406	[mysql_stmt_sqlstate]: 22001	[statemnt]: INSERT INTO messages (message, title, sender, receiver) VALUES (?,?,?,?)
[13:32:38:623212 +02:00] [Thread 9828] extDB2: SQL_CUSTOM_V2: Wiping Statements + Session
[13:32:38:623220 +02:00] [Thread 9828] extDB2: SQL_CUSTOM_V2: Error: UniqueID: 1 Input String: insertMessage:Hi, this is your first text message, welcome to the Silver Lake Verizon network!:Dear Jimmy Skurczyrak [514]:Verizon:76561198171609822
[13:33:29:208246 +02:00] [Thread 3380] extDB2: SQL_CUSTOM_V2: Error StatementException: MySQL: [MySQL]: [Comment]: mysql_stmt_prepare error	[mysql_stmt_error]: Unknown column 'caseID' in 'field list'	[mysql_stmt_errno]: 1054	[mysql_stmt_sqlstate]: 42S22	[statemnt]: SELECT caseID, officerGUID, charges, status, evidence FROM wanted WHERE status=?;
[13:33:29:208272 +02:00] [Thread 3380] extDB2: SQL_CUSTOM_V2: Wiping Statements + Session
[13:33:29:208279 +02:00] [Thread 3380] extDB2: SQL_CUSTOM_V2: Error: UniqueID: 343 Input String: getCrimeType:1
[13:36:17:484631 +02:00] [Thread 9828] extDB2: SQL_CUSTOM_V2: Error StatementException: MySQL: [MySQL]: [Comment]: mysql_stmt_execute error	[mysql_stmt_error]: Incorrect string value: '\xC5\xBCna p...' for column 'message' at row 1	[mysql_stmt_errno]: 1366	[mysql_stmt_sqlstate]: HY000	[statemnt]: INSERT INTO messages (message, title, sender, receiver) VALUES (?,?,?,?)
[13:36:17:484676 +02:00] [Thread 9828] extDB2: SQL_CUSTOM_V2: Wiping Statements + Session
[13:36:17:484684 +02:00] [Thread 9828] extDB2: SQL_CUSTOM_V2: Error: UniqueID: 1 Input String: insertMessage:Można panie komendancie prosić na komendę.:SMS from Lotar Luft:Lotar Luft:76561197991728220
[13:37:40:750106 +02:00] [Thread 9828] extDB2: SQL_CUSTOM_V2: Error StatementException: MySQL: [MySQL]: [Comment]: mysql_stmt_execute error	[mysql_stmt_error]: Incorrect string value: '\xC5\xBCna p...' for column 'message' at row 1	[mysql_stmt_errno]: 1366	[mysql_stmt_sqlstate]: HY000	[statemnt]: INSERT INTO messages (message, title, sender, receiver) VALUES (?,?,?,?)
[13:37:40:750169 +02:00] [Thread 9828] extDB2: SQL_CUSTOM_V2: Wiping Statements + Session
[13:37:40:750177 +02:00] [Thread 9828] extDB2: SQL_CUSTOM_V2: Error: UniqueID: 1 Input String: insertMessage:Panie szefyfie można prosić na komendę.:SMS from Lotar Luft:Lotar Luft:76561198253273755
[13:39:03:692932 +02:00] [Thread 9828] extDB2: SQL_CUSTOM_V2: Error No Custom Call Not Found: Input String update4:76561198058284094:EMS
[13:39:03:692952 +02:00] [Thread 9828] extDB2: SQL_CUSTOM_V2: Error No Custom Call Not Found: Callname update4
[13:40:20:087149 +02:00] [Thread 9828] extDB2: SQL_CUSTOM_V2: Error No Custom Call Not Found: Input String update7:76561198033424286:EMS
[13:40:20:087169 +02:00] [Thread 9828] extDB2: SQL_CUSTOM_V2: Error No Custom Call Not Found: Callname update7
[13:46:23:383135 +02:00] [Thread 9828] extDB2: SQL_CUSTOM_V2: Error StatementException: MySQL: [MySQL]: [Comment]: mysql_stmt_execute error	[mysql_stmt_error]: Data too long for column 'message' at row 1	[mysql_stmt_errno]: 1406	[mysql_stmt_sqlstate]: 22001	[statemnt]: INSERT INTO mail (message, title, sender, receiver) VALUES (?,?,?,?)
[13:46:23:383181 +02:00] [Thread 9828] extDB2: SQL_CUSTOM_V2: Wiping Statements + Session
[13:46:23:383190 +02:00] [Thread 9828] extDB2: SQL_CUSTOM_V2: Error: UniqueID: 1 Input String: insertMail:Hi, this is your first mail message, welcome to Silver Lake!:Dear Milosz Lell:Silver Lake Government:76561198123485894
[13:46:23:536686 +02:00] [Thread 9828] extDB2: SQL_CUSTOM_V2: Error StatementException: MySQL: [MySQL]: [Comment]: mysql_stmt_execute error	[mysql_stmt_error]: Data too long for column 'message' at row 1	[mysql_stmt_errno]: 1406	[mysql_stmt_sqlstate]: 22001	[statemnt]: INSERT INTO messages (message, title, sender, receiver) VALUES (?,?,?,?)
[13:46:23:536728 +02:00] [Thread 9828] extDB2: SQL_CUSTOM_V2: Wiping Statements + Session
[13:46:23:536736 +02:00] [Thread 9828] extDB2: SQL_CUSTOM_V2: Error: UniqueID: 1 Input String: insertMessage:Hi, this is your first text message, welcome to the Silver Lake Verizon network!:Dear Milosz Lell:Verizon:76561198123485894
[13:46:52:446531 +02:00] [Thread 9828] extDB2: SQL_CUSTOM_V2: Error StatementException: MySQL: [MySQL]: [Comment]: mysql_stmt_execute error	[mysql_stmt_error]: Data too long for column 'message' at row 1	[mysql_stmt_errno]: 1406	[mysql_stmt_sqlstate]: 22001	[statemnt]: INSERT INTO mail (message, title, sender, receiver) VALUES (?,?,?,?)
[13:46:52:446566 +02:00] [Thread 9828] extDB2: SQL_CUSTOM_V2: Wiping Statements + Session
[13:46:52:446574 +02:00] [Thread 9828] extDB2: SQL_CUSTOM_V2: Error: UniqueID: 1 Input String: insertMail:Hi, this is your first mail message, welcome to Silver Lake!:Dear Ka fei:Silver Lake Government:76561198138005011
[13:46:52:616310 +02:00] [Thread 9828] extDB2: SQL_CUSTOM_V2: Error StatementException: MySQL: [MySQL]: [Comment]: mysql_stmt_execute error	[mysql_stmt_error]: Data too long for column 'message' at row 1	[mysql_stmt_errno]: 1406	[mysql_stmt_sqlstate]: 22001	[statemnt]: INSERT INTO messages (message, title, sender, receiver) VALUES (?,?,?,?)
[13:46:52:616351 +02:00] [Thread 9828] extDB2: SQL_CUSTOM_V2: Wiping Statements + Session
[13:46:52:616359 +02:00] [Thread 9828] extDB2: SQL_CUSTOM_V2: Error: UniqueID: 1 Input String: insertMessage:Hi, this is your first text message, welcome to the Silver Lake Verizon network!:Dear Ka fei:Verizon:76561198138005011
[13:47:12:242708 +02:00] [Thread 3380] extDB2: SQL_CUSTOM_V2: Error StatementException: MySQL: [MySQL]: [Comment]: mysql_stmt_prepare error	[mysql_stmt_error]: Unknown column 'caseID' in 'field list'	[mysql_stmt_errno]: 1054	[mysql_stmt_sqlstate]: 42S22	[statemnt]: SELECT caseID, officerGUID, charges, status, evidence FROM wanted WHERE status=?;
[13:47:12:242734 +02:00] [Thread 3380] extDB2: SQL_CUSTOM_V2: Wiping Statements + Session
[13:47:12:242740 +02:00] [Thread 3380] extDB2: SQL_CUSTOM_V2: Error: UniqueID: 377 Input String: getCrimeType:1
[13:49:35:682419 +02:00] [Thread 9828] extDB2: SQL_CUSTOM_V2: Error No Custom Call Not Found: Input String update7:76561197982469013:Cop
[13:49:35:682440 +02:00] [Thread 9828] extDB2: SQL_CUSTOM_V2: Error No Custom Call Not Found: Callname update7
[13:49:49:495035 +02:00] [Thread 9828] extDB2: SQL_CUSTOM_V2: Error No Custom Call Not Found: Input String update2:76561198313193846:Cop
[13:49:49:495054 +02:00] [Thread 9828] extDB2: SQL_CUSTOM_V2: Error No Custom Call Not Found: Callname update2
[13:49:54:871076 +02:00] [Thread 9828] extDB2: SQL_CUSTOM_V2: Error No Custom Call Not Found: Input String update9:76561198041714567:Cop
[13:49:54:871096 +02:00] [Thread 9828] extDB2: SQL_CUSTOM_V2: Error No Custom Call Not Found: Callname update9
[13:51:13:853377 +02:00] [Thread 9828] extDB2: SQL_CUSTOM_V2: Error StatementException: MySQL: [MySQL]: [Comment]: mysql_stmt_execute error	[mysql_stmt_error]: Data too long for column 'message' at row 1	[mysql_stmt_errno]: 1406	[mysql_stmt_sqlstate]: 22001	[statemnt]: INSERT INTO mail (message, title, sender, receiver) VALUES (?,?,?,?)
[13:51:13:853454 +02:00] [Thread 9828] extDB2: SQL_CUSTOM_V2: Wiping Statements + Session
[13:51:13:853464 +02:00] [Thread 9828] extDB2: SQL_CUSTOM_V2: Error: UniqueID: 1 Input String: insertMail:Hi, this is your first mail message, welcome to Silver Lake!:Dear Mikolaj Werner:Silver Lake Government:76561198197461805
[13:51:14:008594 +02:00] [Thread 9828] extDB2: SQL_CUSTOM_V2: Error StatementException: MySQL: [MySQL]: [Comment]: mysql_stmt_execute error	[mysql_stmt_error]: Data too long for column 'message' at row 1	[mysql_stmt_errno]: 1406	[mysql_stmt_sqlstate]: 22001	[statemnt]: INSERT INTO messages (message, title, sender, receiver) VALUES (?,?,?,?)
[13:51:14:008634 +02:00] [Thread 9828] extDB2: SQL_CUSTOM_V2: Wiping Statements + Session
[13:51:14:008642 +02:00] [Thread 9828] extDB2: SQL_CUSTOM_V2: Error: UniqueID: 1 Input String: insertMessage:Hi, this is your first text message, welcome to the Silver Lake Verizon network!:Dear Mikolaj Werner:Verizon:76561198197461805
[14:00:56:764476 +02:00] [Thread 9828] extDB2: SQL_CUSTOM_V2: Error StatementException: MySQL: [MySQL]: [Comment]: mysql_stmt_execute error	[mysql_stmt_error]: Data too long for column 'message' at row 1	[mysql_stmt_errno]: 1406	[mysql_stmt_sqlstate]: 22001	[statemnt]: INSERT INTO messages (message, title, sender, receiver) VALUES (?,?,?,?)
[14:00:56:764509 +02:00] [Thread 9828] extDB2: SQL_CUSTOM_V2: Wiping Statements + Session
[14:00:56:764517 +02:00] [Thread 9828] extDB2: SQL_CUSTOM_V2: Error: UniqueID: 1 Input String: insertMessage:Witam! Jezeli chcialbym wstápic w Wasze szeregi to musze skladac podanie online czy przyjechac na komende na rozmowe? Pozdrawiam, Iwan Bludow:SMS from Iwan Bludow:Iwan Bludow:76561197991728220
[14:02:21:392124 +02:00] [Thread 9828] extDB2: SQL_CUSTOM_V2: Error No Custom Call Not Found: Input String update4:76561198171609822:EMS
[14:02:21:392179 +02:00] [Thread 9828] extDB2: SQL_CUSTOM_V2: Error No Custom Call Not Found: Callname update4
[14:03:35:483896 +02:00] [Thread 9828] extDB2: SQL_CUSTOM_V2: Error StatementException: MySQL: [MySQL]: [Comment]: mysql_stmt_execute error	[mysql_stmt_error]: Data too long for column 'message' at row 1	[mysql_stmt_errno]: 1406	[mysql_stmt_sqlstate]: 22001	[statemnt]: INSERT INTO mail (message, title, sender, receiver) VALUES (?,?,?,?)
[14:03:35:483941 +02:00] [Thread 9828] extDB2: SQL_CUSTOM_V2: Wiping Statements + Session
[14:03:35:483949 +02:00] [Thread 9828] extDB2: SQL_CUSTOM_V2: Error: UniqueID: 1 Input String: insertMail:Hi, this is your first mail message, welcome to Silver Lake!:Dear Filip Werner:Silver Lake Government:76561198063077798
[14:03:35:637646 +02:00] [Thread 9828] extDB2: SQL_CUSTOM_V2: Error StatementException: MySQL: [MySQL]: [Comment]: mysql_stmt_execute error	[mysql_stmt_error]: Data too long for column 'message' at row 1	[mysql_stmt_errno]: 1406	[mysql_stmt_sqlstate]: 22001	[statemnt]: INSERT INTO messages (message, title, sender, receiver) VALUES (?,?,?,?)
[14:03:35:637691 +02:00] [Thread 9828] extDB2: SQL_CUSTOM_V2: Wiping Statements + Session
[14:03:35:637710 +02:00] [Thread 9828] extDB2: SQL_CUSTOM_V2: Error: UniqueID: 1 Input String: insertMessage:Hi, this is your first text message, welcome to the Silver Lake Verizon network!:Dear Filip Werner:Verizon:76561198063077798
[14:06:26:711720 +02:00] [Thread 9828] extDB2: SQL_CUSTOM_V2: Error StatementException: MySQL: [MySQL]: [Comment]: mysql_stmt_execute error	[mysql_stmt_error]: Data too long for column 'message' at row 1	[mysql_stmt_errno]: 1406	[mysql_stmt_sqlstate]: 22001	[statemnt]: INSERT INTO mail (message, title, sender, receiver) VALUES (?,?,?,?)
[14:06:26:711754 +02:00] [Thread 9828] extDB2: SQL_CUSTOM_V2: Wiping Statements + Session
[14:06:26:711761 +02:00] [Thread 9828] extDB2: SQL_CUSTOM_V2: Error: UniqueID: 1 Input String: insertMail:Hi, this is your first mail message, welcome to Silver Lake!:Dear Matthew Al.Kashmir:Silver Lake Government:76561198030897439
[14:06:26:864428 +02:00] [Thread 9828] extDB2: SQL_CUSTOM_V2: Error StatementException: MySQL: [MySQL]: [Comment]: mysql_stmt_execute error	[mysql_stmt_error]: Data too long for column 'message' at row 1	[mysql_stmt_errno]: 1406	[mysql_stmt_sqlstate]: 22001	[statemnt]: INSERT INTO messages (message, title, sender, receiver) VALUES (?,?,?,?)
[14:06:26:864472 +02:00] [Thread 9828] extDB2: SQL_CUSTOM_V2: Wiping Statements + Session
[14:06:26:864482 +02:00] [Thread 9828] extDB2: SQL_CUSTOM_V2: Error: UniqueID: 1 Input String: insertMessage:Hi, this is your first text message, welcome to the Silver Lake Verizon network!:Dear Matthew Al.Kashmir:Verizon:76561198030897439
[14:16:33:054197 +02:00] [Thread 9828] extDB2: SQL_CUSTOM_V2: Error No Custom Call Not Found: Input String update4:76561198058102360:Cop
[14:16:33:054218 +02:00] [Thread 9828] extDB2: SQL_CUSTOM_V2: Error No Custom Call Not Found: Callname update4
[14:17:57:646552 +02:00] [Thread 9828] extDB2: SQL_CUSTOM_V2: Error No Custom Call Not Found: Input String update8:76561198009736042:EMS
[14:17:57:646572 +02:00] [Thread 9828] extDB2: SQL_CUSTOM_V2: Error No Custom Call Not Found: Callname update8
[14:22:50:907878 +02:00] [Thread 9828] extDB2: SQL_CUSTOM_V2: Error StatementException: MySQL: [MySQL]: [Comment]: mysql_stmt_execute error	[mysql_stmt_error]: Data too long for column 'message' at row 1	[mysql_stmt_errno]: 1406	[mysql_stmt_sqlstate]: 22001	[statemnt]: INSERT INTO mail (message, title, sender, receiver) VALUES (?,?,?,?)
[14:22:50:907912 +02:00] [Thread 9828] extDB2: SQL_CUSTOM_V2: Wiping Statements + Session
[14:22:50:907920 +02:00] [Thread 9828] extDB2: SQL_CUSTOM_V2: Error: UniqueID: 1 Input String: insertMail:Hi, this is your first mail message, welcome to Silver Lake!:Dear John Random:Silver Lake Government:76561198165879535
[14:22:51:064219 +02:00] [Thread 9828] extDB2: SQL_CUSTOM_V2: Error StatementException: MySQL: [MySQL]: [Comment]: mysql_stmt_execute error	[mysql_stmt_error]: Data too long for column 'message' at row 1	[mysql_stmt_errno]: 1406	[mysql_stmt_sqlstate]: 22001	[statemnt]: INSERT INTO messages (message, title, sender, receiver) VALUES (?,?,?,?)
[14:22:51:064260 +02:00] [Thread 9828] extDB2: SQL_CUSTOM_V2: Wiping Statements + Session
[14:22:51:064268 +02:00] [Thread 9828] extDB2: SQL_CUSTOM_V2: Error: UniqueID: 1 Input String: insertMessage:Hi, this is your first text message, welcome to the Silver Lake Verizon network!:Dear John Random:Verizon:76561198165879535
[14:23:54:544542 +02:00] [Thread 9828] extDB2: SQL_CUSTOM_V2: Error No Custom Call Not Found: Input String update3:76561198131355976:Cop
[14:23:54:544561 +02:00] [Thread 9828] extDB2: SQL_CUSTOM_V2: Error No Custom Call Not Found: Callname update3
[14:24:03:163405 +02:00] [Thread 9828] extDB2: SQL_CUSTOM_V2: Error No Custom Call Not Found: Input String update9:76561198058102360:Cop
[14:24:03:163425 +02:00] [Thread 9828] extDB2: SQL_CUSTOM_V2: Error No Custom Call Not Found: Callname update9
[14:28:31:018765 +02:00] [Thread 9828] extDB2: SQL_CUSTOM_V2: Error StatementException: MySQL: [MySQL]: [Comment]: mysql_stmt_execute error	[mysql_stmt_error]: Data too long for column 'message' at row 1	[mysql_stmt_errno]: 1406	[mysql_stmt_sqlstate]: 22001	[statemnt]: INSERT INTO messages (message, title, sender, receiver) VALUES (?,?,?,?)
[14:28:31:018796 +02:00] [Thread 9828] extDB2: SQL_CUSTOM_V2: Wiping Statements + Session
[14:28:31:018804 +02:00] [Thread 9828] extDB2: SQL_CUSTOM_V2: Error: UniqueID: 1 Input String: insertMessage:Derek, jeszcze raz musisz mi range nadac bo wyszedlem bo mialem problemy z matrixem i teraz gucio mam:SMS from Florian Kimon:Florian Kimon:76561197991728220
[14:40:25:337884 +02:00] [Thread 9828] extDB2: SQL_CUSTOM_V2: Error StatementException: MySQL: [MySQL]: [Comment]: mysql_stmt_execute error	[mysql_stmt_error]: Data too long for column 'message' at row 1	[mysql_stmt_errno]: 1406	[mysql_stmt_sqlstate]: 22001	[statemnt]: INSERT INTO mail (message, title, sender, receiver) VALUES (?,?,?,?)
[14:40:25:337939 +02:00] [Thread 9828] extDB2: SQL_CUSTOM_V2: Wiping Statements + Session
[14:40:25:337957 +02:00] [Thread 9828] extDB2: SQL_CUSTOM_V2: Error: UniqueID: 1 Input String: insertMail:Hi, this is your first mail message, welcome to Silver Lake!:Dear Zakij Zirgizi:Silver Lake Government:76561198177471359
[14:40:25:511832 +02:00] [Thread 9828] extDB2: SQL_CUSTOM_V2: Error StatementException: MySQL: [MySQL]: [Comment]: mysql_stmt_execute error	[mysql_stmt_error]: Data too long for column 'message' at row 1	[mysql_stmt_errno]: 1406	[mysql_stmt_sqlstate]: 22001	[statemnt]: INSERT INTO messages (message, title, sender, receiver) VALUES (?,?,?,?)
[14:40:25:511864 +02:00] [Thread 9828] extDB2: SQL_CUSTOM_V2: Wiping Statements + Session
[14:40:25:511872 +02:00] [Thread 9828] extDB2: SQL_CUSTOM_V2: Error: UniqueID: 1 Input String: insertMessage:Hi, this is your first text message, welcome to the Silver Lake Verizon network!:Dear Zakij Zirgizi:Verizon:76561198177471359
[14:42:10:431390 +02:00] [Thread 9828] extDB2: SQL_CUSTOM_V2: Error StatementException: MySQL: [MySQL]: [Comment]: mysql_stmt_execute error	[mysql_stmt_error]: Data too long for column 'message' at row 1	[mysql_stmt_errno]: 1406	[mysql_stmt_sqlstate]: 22001	[statemnt]: INSERT INTO mail (message, title, sender, receiver) VALUES (?,?,?,?)
[14:42:10:431424 +02:00] [Thread 9828] extDB2: SQL_CUSTOM_V2: Wiping Statements + Session
[14:42:10:431431 +02:00] [Thread 9828] extDB2: SQL_CUSTOM_V2: Error: UniqueID: 1 Input String: insertMail:Hi, this is your first mail message, welcome to Silver Lake!:Dear Saymon Bolec:Silver Lake Government:76561198036368429
[14:42:10:606107 +02:00] [Thread 9828] extDB2: SQL_CUSTOM_V2: Error StatementException: MySQL: [MySQL]: [Comment]: mysql_stmt_execute error	[mysql_stmt_error]: Data too long for column 'message' at row 1	[mysql_stmt_errno]: 1406	[mysql_stmt_sqlstate]: 22001	[statemnt]: INSERT INTO messages (message, title, sender, receiver) VALUES (?,?,?,?)
[14:42:10:606183 +02:00] [Thread 9828] extDB2: SQL_CUSTOM_V2: Wiping Statements + Session
[14:42:10:606191 +02:00] [Thread 9828] extDB2: SQL_CUSTOM_V2: Error: UniqueID: 1 Input String: insertMessage:Hi, this is your first text message, welcome to the Silver Lake Verizon network!:Dear Saymon Bolec:Verizon:76561198036368429
[14:47:17:434235 +02:00] [Thread 9828] extDB2: SQL_CUSTOM_V2: Error StatementException: MySQL: [MySQL]: [Comment]: mysql_stmt_execute error	[mysql_stmt_error]: Data too long for column 'message' at row 1	[mysql_stmt_errno]: 1406	[mysql_stmt_sqlstate]: 22001	[statemnt]: INSERT INTO mail (message, title, sender, receiver) VALUES (?,?,?,?)
[14:47:17:434299 +02:00] [Thread 9828] extDB2: SQL_CUSTOM_V2: Wiping Statements + Session
[14:47:17:434316 +02:00] [Thread 9828] extDB2: SQL_CUSTOM_V2: Error: UniqueID: 1 Input String: insertMail:Hi, this is your first mail message, welcome to Silver Lake!:Dear Antoni Pierozek [559]:Silver Lake Government:76561198091792459
[14:47:17:609792 +02:00] [Thread 9828] extDB2: SQL_CUSTOM_V2: Error StatementException: MySQL: [MySQL]: [Comment]: mysql_stmt_execute error	[mysql_stmt_error]: Data too long for column 'message' at row 1	[mysql_stmt_errno]: 1406	[mysql_stmt_sqlstate]: 22001	[statemnt]: INSERT INTO messages (message, title, sender, receiver) VALUES (?,?,?,?)
[14:47:17:609844 +02:00] [Thread 9828] extDB2: SQL_CUSTOM_V2: Wiping Statements + Session
[14:47:17:609863 +02:00] [Thread 9828] extDB2: SQL_CUSTOM_V2: Error: UniqueID: 1 Input String: insertMessage:Hi, this is your first text message, welcome to the Silver Lake Verizon network!:Dear Antoni Pierozek [559]:Verizon:76561198091792459
[14:48:55:976881 +02:00] [Thread 9828] extDB2: SQL_CUSTOM_V2: Error StatementException: MySQL: [MySQL]: [Comment]: mysql_stmt_execute error	[mysql_stmt_error]: Data too long for column 'message' at row 1	[mysql_stmt_errno]: 1406	[mysql_stmt_sqlstate]: 22001	[statemnt]: INSERT INTO mail (message, title, sender, receiver) VALUES (?,?,?,?)
[14:48:55:976924 +02:00] [Thread 9828] extDB2: SQL_CUSTOM_V2: Wiping Statements + Session
[14:48:55:976932 +02:00] [Thread 9828] extDB2: SQL_CUSTOM_V2: Error: UniqueID: 1 Input String: insertMail:Hi, this is your first mail message, welcome to Silver Lake!:Dear Maciek Waz:Silver Lake Government:76561198061433788
[14:48:56:239047 +02:00] [Thread 9828] extDB2: SQL_CUSTOM_V2: Error StatementException: MySQL: [MySQL]: [Comment]: mysql_stmt_execute error	[mysql_stmt_error]: Data too long for column 'message' at row 1	[mysql_stmt_errno]: 1406	[mysql_stmt_sqlstate]: 22001	[statemnt]: INSERT INTO messages (message, title, sender, receiver) VALUES (?,?,?,?)
[14:48:56:239079 +02:00] [Thread 9828] extDB2: SQL_CUSTOM_V2: Wiping Statements + Session
[14:48:56:239087 +02:00] [Thread 9828] extDB2: SQL_CUSTOM_V2: Error: UniqueID: 1 Input String: insertMessage:Hi, this is your first text message, welcome to the Silver Lake Verizon network!:Dear Maciek Waz:Verizon:76561198061433788
[14:53:08:245465 +02:00] [Thread 9828] extDB2: SQL_CUSTOM_V2: Error No Custom Call Not Found: Input String update5:76561198022719943:Cop
[14:53:08:245485 +02:00] [Thread 9828] extDB2: SQL_CUSTOM_V2: Error No Custom Call Not Found: Callname update5
[14:53:14:575190 +02:00] [Thread 9828] extDB2: SQL_CUSTOM_V2: Error No Custom Call Not Found: Input String update9:76561198041714567:Cop
[14:53:14:575210 +02:00] [Thread 9828] extDB2: SQL_CUSTOM_V2: Error No Custom Call Not Found: Callname update9
[14:53:44:816693 +02:00] [Thread 9828] extDB2: SQL_CUSTOM_V2: Error No Custom Call Not Found: Input String update2:76561198023332238:Cop
[14:53:44:816722 +02:00] [Thread 9828] extDB2: SQL_CUSTOM_V2: Error No Custom Call Not Found: Callname update2
[14:58:24:585827 +02:00] [Thread 3380] extDB2: SQL_CUSTOM_V2: Error StatementException: MySQL: [MySQL]: [Comment]: mysql_stmt_prepare error	[mysql_stmt_error]: Unknown column 'caseID' in 'field list'	[mysql_stmt_errno]: 1054	[mysql_stmt_sqlstate]: 42S22	[statemnt]: SELECT caseID, officerGUID, charges, status, evidence FROM wanted WHERE status=?;
[14:58:24:585863 +02:00] [Thread 3380] extDB2: SQL_CUSTOM_V2: Wiping Statements + Session
[14:58:24:585870 +02:00] [Thread 3380] extDB2: SQL_CUSTOM_V2: Error: UniqueID: 502 Input String: getCrimeType:1
[14:59:50:082381 +02:00] [Thread 9828] extDB2: SQL_CUSTOM_V2: Error StatementException: MySQL: [MySQL]: [Comment]: mysql_stmt_execute error	[mysql_stmt_error]: Data too long for column 'message' at row 1	[mysql_stmt_errno]: 1406	[mysql_stmt_sqlstate]: 22001	[statemnt]: INSERT INTO mail (message, title, sender, receiver) VALUES (?,?,?,?)
[14:59:50:082414 +02:00] [Thread 9828] extDB2: SQL_CUSTOM_V2: Wiping Statements + Session
[14:59:50:082422 +02:00] [Thread 9828] extDB2: SQL_CUSTOM_V2: Error: UniqueID: 1 Input String: insertMail:Hi, this is your first mail message, welcome to Silver Lake!:Dear Jérôme Droolans [517]:Silver Lake Government:76561198036635137
[14:59:50:238694 +02:00] [Thread 9828] extDB2: SQL_CUSTOM_V2: Error StatementException: MySQL: [MySQL]: [Comment]: mysql_stmt_execute error	[mysql_stmt_error]: Data too long for column 'message' at row 1	[mysql_stmt_errno]: 1406	[mysql_stmt_sqlstate]: 22001	[statemnt]: INSERT INTO messages (message, title, sender, receiver) VALUES (?,?,?,?)
[14:59:50:238735 +02:00] [Thread 9828] extDB2: SQL_CUSTOM_V2: Wiping Statements + Session
[14:59:50:238742 +02:00] [Thread 9828] extDB2: SQL_CUSTOM_V2: Error: UniqueID: 1 Input String: insertMessage:Hi, this is your first text message, welcome to the Silver Lake Verizon network!:Dear Jérôme Droolans [517]:Verizon:76561198036635137
[15:04:20:577316 +02:00] [Thread 9828] extDB2: SQL_CUSTOM_V2: Error StatementException: MySQL: [MySQL]: [Comment]: mysql_stmt_execute error	[mysql_stmt_error]: Data too long for column 'message' at row 1	[mysql_stmt_errno]: 1406	[mysql_stmt_sqlstate]: 22001	[statemnt]: INSERT INTO mail (message, title, sender, receiver) VALUES (?,?,?,?)
[15:04:20:577349 +02:00] [Thread 9828] extDB2: SQL_CUSTOM_V2: Wiping Statements + Session
[15:04:20:577357 +02:00] [Thread 9828] extDB2: SQL_CUSTOM_V2: Error: UniqueID: 1 Input String: insertMail:Hi, this is your first mail message, welcome to Silver Lake!:Dear Jack Sandstörm:Silver Lake Government:76561198077561995
[15:04:20:730314 +02:00] [Thread 9828] extDB2: SQL_CUSTOM_V2: Error StatementException: MySQL: [MySQL]: [Comment]: mysql_stmt_execute error	[mysql_stmt_error]: Data too long for column 'message' at row 1	[mysql_stmt_errno]: 1406	[mysql_stmt_sqlstate]: 22001	[statemnt]: INSERT INTO messages (message, title, sender, receiver) VALUES (?,?,?,?)
[15:04:20:730383 +02:00] [Thread 9828] extDB2: SQL_CUSTOM_V2: Wiping Statements + Session
[15:04:20:730393 +02:00] [Thread 9828] extDB2: SQL_CUSTOM_V2: Error: UniqueID: 1 Input String: insertMessage:Hi, this is your first text message, welcome to the Silver Lake Verizon network!:Dear Jack Sandstörm:Verizon:76561198077561995
[15:06:51:247140 +02:00] [Thread 9828] extDB2: SQL_CUSTOM_V2: Error StatementException: MySQL: [MySQL]: [Comment]: mysql_stmt_execute error	[mysql_stmt_error]: Data too long for column 'message' at row 1	[mysql_stmt_errno]: 1406	[mysql_stmt_sqlstate]: 22001	[statemnt]: INSERT INTO mail (message, title, sender, receiver) VALUES (?,?,?,?)
[15:06:51:247174 +02:00] [Thread 9828] extDB2: SQL_CUSTOM_V2: Wiping Statements + Session
[15:06:51:247182 +02:00] [Thread 9828] extDB2: SQL_CUSTOM_V2: Error: UniqueID: 1 Input String: insertMail:Hi, this is your first mail message, welcome to Silver Lake!:Dear Bartek Zwolin:Silver Lake Government:76561198120852548
[15:06:51:396382 +02:00] [Thread 9828] extDB2: SQL_CUSTOM_V2: Error StatementException: MySQL: [MySQL]: [Comment]: mysql_stmt_execute error	[mysql_stmt_error]: Data too long for column 'message' at row 1	[mysql_stmt_errno]: 1406	[mysql_stmt_sqlstate]: 22001	[statemnt]: INSERT INTO messages (message, title, sender, receiver) VALUES (?,?,?,?)
[15:06:51:396421 +02:00] [Thread 9828] extDB2: SQL_CUSTOM_V2: Wiping Statements + Session
[15:06:51:396429 +02:00] [Thread 9828] extDB2: SQL_CUSTOM_V2: Error: UniqueID: 1 Input String: insertMessage:Hi, this is your first text message, welcome to the Silver Lake Verizon network!:Dear Bartek Zwolin:Verizon:76561198120852548
[15:07:16:223409 +02:00] [Thread 9828] extDB2: SQL_CUSTOM_V2: Error No Custom Call Not Found: Input String update3:76561198036368429:Cop
[15:07:16:223429 +02:00] [Thread 9828] extDB2: SQL_CUSTOM_V2: Error No Custom Call Not Found: Callname update3
[15:08:05:306290 +02:00] [Thread 9828] extDB2: SQL_CUSTOM_V2: Error No Custom Call Not Found: Input String update5:76561198036368429:Cop
[15:08:05:306310 +02:00] [Thread 9828] extDB2: SQL_CUSTOM_V2: Error No Custom Call Not Found: Callname update5
[15:09:22:591320 +02:00] [Thread 3380] extDB2: SQL_CUSTOM_V2: Error StatementException: MySQL: [MySQL]: [Comment]: mysql_stmt_prepare error	[mysql_stmt_error]: Unknown column 'caseID' in 'field list'	[mysql_stmt_errno]: 1054	[mysql_stmt_sqlstate]: 42S22	[statemnt]: SELECT caseID, officerGUID, charges, status, evidence FROM wanted WHERE status=?;
[15:09:22:591359 +02:00] [Thread 3380] extDB2: SQL_CUSTOM_V2: Wiping Statements + Session
[15:09:22:591365 +02:00] [Thread 3380] extDB2: SQL_CUSTOM_V2: Error: UniqueID: 547 Input String: getCrimeType:1
[15:11:08:757834 +02:00] [Thread 3380] extDB2: SQL_CUSTOM_V2: Error StatementException: MySQL: [MySQL]: [Comment]: mysql_stmt_prepare error	[mysql_stmt_error]: Unknown column 'caseID' in 'field list'	[mysql_stmt_errno]: 1054	[mysql_stmt_sqlstate]: 42S22	[statemnt]: SELECT caseID, officerGUID, charges, status, evidence FROM wanted WHERE status=?;
[15:11:08:757863 +02:00] [Thread 3380] extDB2: SQL_CUSTOM_V2: Wiping Statements + Session
[15:11:08:757869 +02:00] [Thread 3380] extDB2: SQL_CUSTOM_V2: Error: UniqueID: 556 Input String: getCrimeType:1
[15:12:39:275823 +02:00] [Thread 9828] extDB2: SQL_CUSTOM_V2: Error StatementException: MySQL: [MySQL]: [Comment]: mysql_stmt_execute error	[mysql_stmt_error]: Data too long for column 'message' at row 1	[mysql_stmt_errno]: 1406	[mysql_stmt_sqlstate]: 22001	[statemnt]: INSERT INTO mail (message, title, sender, receiver) VALUES (?,?,?,?)
[15:12:39:275870 +02:00] [Thread 9828] extDB2: SQL_CUSTOM_V2: Wiping Statements + Session
[15:12:39:275887 +02:00] [Thread 9828] extDB2: SQL_CUSTOM_V2: Error: UniqueID: 1 Input String: insertMail:Hi, this is your first mail message, welcome to Silver Lake!:Dear Dominik Kos [612]:Silver Lake Government:76561198026840391
[15:12:39:430698 +02:00] [Thread 9828] extDB2: SQL_CUSTOM_V2: Error StatementException: MySQL: [MySQL]: [Comment]: mysql_stmt_execute error	[mysql_stmt_error]: Data too long for column 'message' at row 1	[mysql_stmt_errno]: 1406	[mysql_stmt_sqlstate]: 22001	[statemnt]: INSERT INTO messages (message, title, sender, receiver) VALUES (?,?,?,?)
[15:12:39:430755 +02:00] [Thread 9828] extDB2: SQL_CUSTOM_V2: Wiping Statements + Session
[15:12:39:430773 +02:00] [Thread 9828] extDB2: SQL_CUSTOM_V2: Error: UniqueID: 1 Input String: insertMessage:Hi, this is your first text message, welcome to the Silver Lake Verizon network!:Dear Dominik Kos [612]:Verizon:76561198026840391
[15:12:39:982164 +02:00] [Thread 9828] extDB2: SQL_CUSTOM_V2: Error StatementException: MySQL: [MySQL]: [Comment]: mysql_stmt_execute error	[mysql_stmt_error]: Data too long for column 'message' at row 1	[mysql_stmt_errno]: 1406	[mysql_stmt_sqlstate]: 22001	[statemnt]: INSERT INTO mail (message, title, sender, receiver) VALUES (?,?,?,?)
[15:12:39:982200 +02:00] [Thread 9828] extDB2: SQL_CUSTOM_V2: Wiping Statements + Session
[15:12:39:982208 +02:00] [Thread 9828] extDB2: SQL_CUSTOM_V2: Error: UniqueID: 1 Input String: insertMail:Hi, this is your first mail message, welcome to Silver Lake!:Dear Krystian Kavala:Silver Lake Government:76561198057550903
[15:12:40:133741 +02:00] [Thread 9828] extDB2: SQL_CUSTOM_V2: Error StatementException: MySQL: [MySQL]: [Comment]: mysql_stmt_execute error	[mysql_stmt_error]: Data too long for column 'message' at row 1	[mysql_stmt_errno]: 1406	[mysql_stmt_sqlstate]: 22001	[statemnt]: INSERT INTO messages (message, title, sender, receiver) VALUES (?,?,?,?)
[15:12:40:133773 +02:00] [Thread 9828] extDB2: SQL_CUSTOM_V2: Wiping Statements + Session
[15:12:40:133781 +02:00] [Thread 9828] extDB2: SQL_CUSTOM_V2: Error: UniqueID: 1 Input String: insertMessage:Hi, this is your first text message, welcome to the Silver Lake Verizon network!:Dear Krystian Kavala:Verizon:76561198057550903
[15:12:46:173069 +02:00] [Thread 9828] extDB2: SQL_CUSTOM_V2: Error No Custom Call Not Found: Input String update4:76561198036635137:EMS
[15:12:46:173109 +02:00] [Thread 9828] extDB2: SQL_CUSTOM_V2: Error No Custom Call Not Found: Callname update4
