extDB2: Version: 71
extDB2: https://github.com/Torndeco/extDB2
extDB2: Windows Version
Message: All development for extDB2 is done on a Linux Dedicated Server
Message: If you would like to Donate to extDB2 Development
Message: https://www.paypal.com/cgi-bin/webscr?cmd=_s-xclick&hosted_button_id=2SUEFTGABTAM2
Message: Also leave a message if there is any particular feature you would like to see added.
Message: Thanks for all the people that have donated.
Message: Torndeco: 20/02/15


extDB2: Found extdb-conf.ini
extDB2: Detected 8 Cores, Setting up 6 Worker Threads


[19:36:37:289641 +02:00] [Thread 2860] extDB2: Database Type: MySQL
[19:36:37:290661 +02:00] [Thread 2860] extDB2: Database Session Pool Started
[19:36:37:291032 +02:00] [Thread 2860] extDB2: SQL_CUSTOM_V2: Loading Template Filename: C:\Program Files (x86)\Steam\steamapps\common\Arma 3\@extDBNP\extDB\sql_custom_v2\rpframework.ini
[19:36:37:291064 +02:00] [Thread 2860] extDB2: SQL_CUSTOM_V2: Version 10 Detected, Latest Version 12 Available
[19:36:38:020551 +02:00] [Thread 6236] extDB2: SQL_CUSTOM_V2: Error No Custom Call Not Found: Input String getMayor:2
[19:36:38:020648 +02:00] [Thread 6236] extDB2: SQL_CUSTOM_V2: Error No Custom Call Not Found: Callname getMayor
[19:36:38:020704 +02:00] [Thread 5556] extDB2: SQL_CUSTOM_V2: Error No Custom Call Not Found: Input String mafiaBank:1
[19:36:38:020714 +02:00] [Thread 5556] extDB2: SQL_CUSTOM_V2: Error No Custom Call Not Found: Callname mafiaBank
[19:36:38:021813 +02:00] [Thread 8016] extDB2: SQL_CUSTOM_V2: Error No Custom Call Not Found: Input String rallyracetimes:1
[19:36:38:021835 +02:00] [Thread 8016] extDB2: SQL_CUSTOM_V2: Error No Custom Call Not Found: Callname rallyracetimes
[19:36:38:021954 +02:00] [Thread 3740] extDB2: SQL_CUSTOM_V2: Error No Custom Call Not Found: Input String racetimes:1
[19:36:38:021967 +02:00] [Thread 3740] extDB2: SQL_CUSTOM_V2: Error No Custom Call Not Found: Callname racetimes
[19:36:38:068432 +02:00] [Thread 3740] extDB2: SQL_CUSTOM_V2: Error No Custom Call Not Found: Input String racetimes:2
[19:36:38:068448 +02:00] [Thread 3740] extDB2: SQL_CUSTOM_V2: Error No Custom Call Not Found: Callname racetimes
[19:36:38:068502 +02:00] [Thread 3740] extDB2: SQL_CUSTOM_V2: Error No Custom Call Not Found: Input String rallyracetimes:2
[19:36:38:068507 +02:00] [Thread 3740] extDB2: SQL_CUSTOM_V2: Error No Custom Call Not Found: Callname rallyracetimes
[19:36:41:367269 +02:00] [Thread 3740] extDB2: SQL_CUSTOM_V2: Error No Custom Call Not Found: Input String rallyracetimes:3
[19:36:41:367286 +02:00] [Thread 3740] extDB2: SQL_CUSTOM_V2: Error No Custom Call Not Found: Callname rallyracetimes
[19:36:41:367327 +02:00] [Thread 3740] extDB2: SQL_CUSTOM_V2: Error No Custom Call Not Found: Input String racetimes:3
[19:36:41:367332 +02:00] [Thread 3740] extDB2: SQL_CUSTOM_V2: Error No Custom Call Not Found: Callname racetimes
[19:43:31:875406 +02:00] [Thread 2860] extDB2: Stopping ...
