extDB2: Version: 71
extDB2: https://github.com/Torndeco/extDB2
extDB2: Windows Version
Message: All development for extDB2 is done on a Linux Dedicated Server
Message: If you would like to Donate to extDB2 Development
Message: https://www.paypal.com/cgi-bin/webscr?cmd=_s-xclick&hosted_button_id=2SUEFTGABTAM2
Message: Also leave a message if there is any particular feature you would like to see added.
Message: Thanks for all the people that have donated.
Message: Torndeco: 20/02/15


extDB2: Found extdb-conf.ini
extDB2: Detected 8 Cores, Setting up 6 Worker Threads


[20:26:17:380798 +02:00] [Thread 4288] extDB2: Database Type: MySQL
[20:26:17:405611 +02:00] [Thread 4288] extDB2: Database Session Pool Started
[20:26:17:406258 +02:00] [Thread 4288] extDB2: SQL_CUSTOM_V2: Loading Template Filename: C:\Program Files (x86)\Steam\steamapps\common\Arma 3\@extDBNP\extDB\sql_custom_v2\rpframework.ini
[20:26:17:406303 +02:00] [Thread 4288] extDB2: SQL_CUSTOM_V2: Version 10 Detected, Latest Version 12 Available
[20:26:17:788103 +02:00] [Thread 3300] extDB2: SQL_CUSTOM_V2: Error No Custom Call Not Found: Input String rallyracetimes:1
[20:26:17:788133 +02:00] [Thread 3300] extDB2: SQL_CUSTOM_V2: Error No Custom Call Not Found: Callname rallyracetimes
[20:26:17:788171 +02:00] [Thread 7556] extDB2: SQL_CUSTOM_V2: Error No Custom Call Not Found: Input String racetimes:1
[20:26:17:788180 +02:00] [Thread 7556] extDB2: SQL_CUSTOM_V2: Error No Custom Call Not Found: Callname racetimes
[20:26:17:788313 +02:00] [Thread 6516] extDB2: SQL_CUSTOM_V2: Error No Custom Call Not Found: Input String mafiaBank:1
[20:26:17:788330 +02:00] [Thread 6516] extDB2: SQL_CUSTOM_V2: Error No Custom Call Not Found: Callname mafiaBank
[20:26:17:788400 +02:00] [Thread 3632] extDB2: SQL_CUSTOM_V2: Error No Custom Call Not Found: Input String getMayor:2
[20:26:17:788410 +02:00] [Thread 3632] extDB2: SQL_CUSTOM_V2: Error No Custom Call Not Found: Callname getMayor
[20:26:18:320502 +02:00] [Thread 3632] extDB2: SQL_CUSTOM_V2: Error No Custom Call Not Found: Input String racetimes:2
[20:26:18:320520 +02:00] [Thread 3632] extDB2: SQL_CUSTOM_V2: Error No Custom Call Not Found: Callname racetimes
[20:26:18:320571 +02:00] [Thread 3632] extDB2: SQL_CUSTOM_V2: Error No Custom Call Not Found: Input String rallyracetimes:2
[20:26:18:320575 +02:00] [Thread 3632] extDB2: SQL_CUSTOM_V2: Error No Custom Call Not Found: Callname rallyracetimes
[20:26:23:670085 +02:00] [Thread 6516] extDB2: SQL_CUSTOM_V2: Error No Custom Call Not Found: Input String rallyracetimes:3
[20:26:23:670123 +02:00] [Thread 6516] extDB2: SQL_CUSTOM_V2: Error No Custom Call Not Found: Callname rallyracetimes
[20:26:23:670151 +02:00] [Thread 3632] extDB2: SQL_CUSTOM_V2: Error No Custom Call Not Found: Input String racetimes:3
[20:26:23:670168 +02:00] [Thread 3632] extDB2: SQL_CUSTOM_V2: Error No Custom Call Not Found: Callname racetimes
[20:42:13:725041 +02:00] [Thread 4288] extDB2: Stopping ...
