extDB2: Version: 71
extDB2: https://github.com/Torndeco/extDB2
extDB2: Windows Version
Message: All development for extDB2 is done on a Linux Dedicated Server
Message: If you would like to Donate to extDB2 Development
Message: https://www.paypal.com/cgi-bin/webscr?cmd=_s-xclick&hosted_button_id=2SUEFTGABTAM2
Message: Also leave a message if there is any particular feature you would like to see added.
Message: Thanks for all the people that have donated.
Message: Torndeco: 20/02/15


extDB2: Found extdb-conf.ini
extDB2: Detected 8 Cores, Setting up 6 Worker Threads


[20:53:12:354135 +02:00] [Thread 6908] extDB2: Database Type: MySQL
[20:53:12:373023 +02:00] [Thread 6908] extDB2: Database Session Pool Started
[20:53:12:373649 +02:00] [Thread 6908] extDB2: SQL_CUSTOM_V2: Loading Template Filename: C:\Program Files (x86)\Steam\steamapps\common\Arma 3\@extDBNP\extDB\sql_custom_v2\rpframework.ini
[20:53:12:373697 +02:00] [Thread 6908] extDB2: SQL_CUSTOM_V2: Version 10 Detected, Latest Version 12 Available
[20:53:12:445580 +02:00] [Thread 7888] extDB2: SQL_CUSTOM_V2: Error No Custom Call Not Found: Input String mafiaBank:1
[20:53:12:445605 +02:00] [Thread 7888] extDB2: SQL_CUSTOM_V2: Error No Custom Call Not Found: Callname mafiaBank
[20:53:12:460189 +02:00] [Thread 7124] extDB2: SQL_CUSTOM_V2: Error No Custom Call Not Found: Input String racetimes:1
[20:53:12:460202 +02:00] [Thread 4624] extDB2: SQL_CUSTOM_V2: Error No Custom Call Not Found: Input String rallyracetimes:1
[20:53:12:460236 +02:00] [Thread 4624] extDB2: SQL_CUSTOM_V2: Error No Custom Call Not Found: Callname rallyracetimes
[20:53:12:460210 +02:00] [Thread 5340] extDB2: SQL_CUSTOM_V2: Error No Custom Call Not Found: Input String getMayor:2
[20:53:12:460255 +02:00] [Thread 5340] extDB2: SQL_CUSTOM_V2: Error No Custom Call Not Found: Callname getMayor
[20:53:12:460221 +02:00] [Thread 7124] extDB2: SQL_CUSTOM_V2: Error No Custom Call Not Found: Callname racetimes
[20:53:13:096823 +02:00] [Thread 7124] extDB2: SQL_CUSTOM_V2: Error No Custom Call Not Found: Input String racetimes:2
[20:53:13:096841 +02:00] [Thread 7124] extDB2: SQL_CUSTOM_V2: Error No Custom Call Not Found: Callname racetimes
[20:53:13:096898 +02:00] [Thread 7124] extDB2: SQL_CUSTOM_V2: Error No Custom Call Not Found: Input String rallyracetimes:2
[20:53:13:096904 +02:00] [Thread 7124] extDB2: SQL_CUSTOM_V2: Error No Custom Call Not Found: Callname rallyracetimes
[20:53:19:610697 +02:00] [Thread 7124] extDB2: SQL_CUSTOM_V2: Error No Custom Call Not Found: Input String racetimes:3
[20:53:19:610724 +02:00] [Thread 7124] extDB2: SQL_CUSTOM_V2: Error No Custom Call Not Found: Callname racetimes
[20:53:19:610769 +02:00] [Thread 7124] extDB2: SQL_CUSTOM_V2: Error No Custom Call Not Found: Input String rallyracetimes:3
[20:53:19:610779 +02:00] [Thread 7124] extDB2: SQL_CUSTOM_V2: Error No Custom Call Not Found: Callname rallyracetimes
[20:53:50:927669 +02:00] [Thread 6908] extDB2: SQL_CUSTOM_V2: Error StatementException: MySQL: [MySQL]: [Comment]: mysql_stmt_execute error	[mysql_stmt_error]: Data too long for column 'message' at row 1	[mysql_stmt_errno]: 1406	[mysql_stmt_sqlstate]: 22001	[statemnt]: INSERT INTO mail (message, title, sender, receiver) VALUES (?,?,?,?)
[20:53:50:927707 +02:00] [Thread 6908] extDB2: SQL_CUSTOM_V2: Wiping Statements + Session
[20:53:50:927716 +02:00] [Thread 6908] extDB2: SQL_CUSTOM_V2: Error: UniqueID: 1 Input String: insertMail:Hi, this is your first mail message, welcome to Silver Lake!:Dear Alexey Abidi [217]:Silver Lake Government:76561198082441969
[20:53:51:117043 +02:00] [Thread 6908] extDB2: SQL_CUSTOM_V2: Error StatementException: MySQL: [MySQL]: [Comment]: mysql_stmt_execute error	[mysql_stmt_error]: Data too long for column 'message' at row 1	[mysql_stmt_errno]: 1406	[mysql_stmt_sqlstate]: 22001	[statemnt]: INSERT INTO messages (message, title, sender, receiver) VALUES (?,?,?,?)
[20:53:51:117075 +02:00] [Thread 6908] extDB2: SQL_CUSTOM_V2: Wiping Statements + Session
[20:53:51:117084 +02:00] [Thread 6908] extDB2: SQL_CUSTOM_V2: Error: UniqueID: 1 Input String: insertMessage:Hi, this is your first text message, welcome to the Silver Lake Verizon network!:Dear Alexey Abidi [217]:Verizon:76561198082441969
[20:54:13:699429 +02:00] [Thread 6908] extDB2: SQL_CUSTOM_V2: Error StatementException: MySQL: [MySQL]: [Comment]: mysql_stmt_execute error	[mysql_stmt_error]: Data too long for column 'message' at row 1	[mysql_stmt_errno]: 1406	[mysql_stmt_sqlstate]: 22001	[statemnt]: INSERT INTO mail (message, title, sender, receiver) VALUES (?,?,?,?)
[20:54:13:699473 +02:00] [Thread 6908] extDB2: SQL_CUSTOM_V2: Wiping Statements + Session
[20:54:13:699484 +02:00] [Thread 6908] extDB2: SQL_CUSTOM_V2: Error: UniqueID: 1 Input String: insertMail:Hi, this is your first mail message, welcome to Silver Lake!:Dear Marian Minkovsky:Silver Lake Government:76561198035513087
[20:54:13:850786 +02:00] [Thread 6908] extDB2: SQL_CUSTOM_V2: Error StatementException: MySQL: [MySQL]: [Comment]: mysql_stmt_execute error	[mysql_stmt_error]: Data too long for column 'message' at row 1	[mysql_stmt_errno]: 1406	[mysql_stmt_sqlstate]: 22001	[statemnt]: INSERT INTO messages (message, title, sender, receiver) VALUES (?,?,?,?)
[20:54:13:850823 +02:00] [Thread 6908] extDB2: SQL_CUSTOM_V2: Wiping Statements + Session
[20:54:13:850836 +02:00] [Thread 6908] extDB2: SQL_CUSTOM_V2: Error: UniqueID: 1 Input String: insertMessage:Hi, this is your first text message, welcome to the Silver Lake Verizon network!:Dear Marian Minkovsky:Verizon:76561198035513087
[20:54:26:394241 +02:00] [Thread 6908] extDB2: SQL_CUSTOM_V2: Error StatementException: MySQL: [MySQL]: [Comment]: mysql_stmt_execute error	[mysql_stmt_error]: Data too long for column 'message' at row 1	[mysql_stmt_errno]: 1406	[mysql_stmt_sqlstate]: 22001	[statemnt]: INSERT INTO mail (message, title, sender, receiver) VALUES (?,?,?,?)
[20:54:26:394293 +02:00] [Thread 6908] extDB2: SQL_CUSTOM_V2: Wiping Statements + Session
[20:54:26:394309 +02:00] [Thread 6908] extDB2: SQL_CUSTOM_V2: Error: UniqueID: 1 Input String: insertMail:Hi, this is your first mail message, welcome to Silver Lake!:Dear Jerzy Chawst [162]:Silver Lake Government:76561198018570359
[20:54:26:584290 +02:00] [Thread 6908] extDB2: SQL_CUSTOM_V2: Error StatementException: MySQL: [MySQL]: [Comment]: mysql_stmt_execute error	[mysql_stmt_error]: Data too long for column 'message' at row 1	[mysql_stmt_errno]: 1406	[mysql_stmt_sqlstate]: 22001	[statemnt]: INSERT INTO messages (message, title, sender, receiver) VALUES (?,?,?,?)
[20:54:26:584330 +02:00] [Thread 6908] extDB2: SQL_CUSTOM_V2: Wiping Statements + Session
[20:54:26:584344 +02:00] [Thread 6908] extDB2: SQL_CUSTOM_V2: Error: UniqueID: 1 Input String: insertMessage:Hi, this is your first text message, welcome to the Silver Lake Verizon network!:Dear Jerzy Chawst [162]:Verizon:76561198018570359
[20:55:06:583158 +02:00] [Thread 6908] extDB2: SQL_CUSTOM_V2: Error StatementException: MySQL: [MySQL]: [Comment]: mysql_stmt_execute error	[mysql_stmt_error]: Data too long for column 'message' at row 1	[mysql_stmt_errno]: 1406	[mysql_stmt_sqlstate]: 22001	[statemnt]: INSERT INTO mail (message, title, sender, receiver) VALUES (?,?,?,?)
[20:55:06:583198 +02:00] [Thread 6908] extDB2: SQL_CUSTOM_V2: Wiping Statements + Session
[20:55:06:583209 +02:00] [Thread 6908] extDB2: SQL_CUSTOM_V2: Error: UniqueID: 1 Input String: insertMail:Hi, this is your first mail message, welcome to Silver Lake!:Dear Michal Kaminski:Silver Lake Government:76561198201987250
[20:55:06:739183 +02:00] [Thread 6908] extDB2: SQL_CUSTOM_V2: Error StatementException: MySQL: [MySQL]: [Comment]: mysql_stmt_execute error	[mysql_stmt_error]: Data too long for column 'message' at row 1	[mysql_stmt_errno]: 1406	[mysql_stmt_sqlstate]: 22001	[statemnt]: INSERT INTO messages (message, title, sender, receiver) VALUES (?,?,?,?)
[20:55:06:739218 +02:00] [Thread 6908] extDB2: SQL_CUSTOM_V2: Wiping Statements + Session
[20:55:06:739227 +02:00] [Thread 6908] extDB2: SQL_CUSTOM_V2: Error: UniqueID: 1 Input String: insertMessage:Hi, this is your first text message, welcome to the Silver Lake Verizon network!:Dear Michal Kaminski:Verizon:76561198201987250
[20:55:21:140153 +02:00] [Thread 6908] extDB2: SQL_CUSTOM_V2: Error StatementException: MySQL: [MySQL]: [Comment]: mysql_stmt_execute error	[mysql_stmt_error]: Data too long for column 'message' at row 1	[mysql_stmt_errno]: 1406	[mysql_stmt_sqlstate]: 22001	[statemnt]: INSERT INTO mail (message, title, sender, receiver) VALUES (?,?,?,?)
[20:55:21:140202 +02:00] [Thread 6908] extDB2: SQL_CUSTOM_V2: Wiping Statements + Session
[20:55:21:140213 +02:00] [Thread 6908] extDB2: SQL_CUSTOM_V2: Error: UniqueID: 1 Input String: insertMail:Hi, this is your first mail message, welcome to Silver Lake!:Dear Kamil Stach [500]:Silver Lake Government:76561198059952505
[20:55:21:308861 +02:00] [Thread 6908] extDB2: SQL_CUSTOM_V2: Error StatementException: MySQL: [MySQL]: [Comment]: mysql_stmt_execute error	[mysql_stmt_error]: Data too long for column 'message' at row 1	[mysql_stmt_errno]: 1406	[mysql_stmt_sqlstate]: 22001	[statemnt]: INSERT INTO messages (message, title, sender, receiver) VALUES (?,?,?,?)
[20:55:21:308903 +02:00] [Thread 6908] extDB2: SQL_CUSTOM_V2: Wiping Statements + Session
[20:55:21:308913 +02:00] [Thread 6908] extDB2: SQL_CUSTOM_V2: Error: UniqueID: 1 Input String: insertMessage:Hi, this is your first text message, welcome to the Silver Lake Verizon network!:Dear Kamil Stach [500]:Verizon:76561198059952505
[20:57:12:769263 +02:00] [Thread 6908] extDB2: SQL_CUSTOM_V2: Error StatementException: MySQL: [MySQL]: [Comment]: mysql_stmt_execute error	[mysql_stmt_error]: Data too long for column 'message' at row 1	[mysql_stmt_errno]: 1406	[mysql_stmt_sqlstate]: 22001	[statemnt]: INSERT INTO mail (message, title, sender, receiver) VALUES (?,?,?,?)
[20:57:12:769303 +02:00] [Thread 6908] extDB2: SQL_CUSTOM_V2: Wiping Statements + Session
[20:57:12:769313 +02:00] [Thread 6908] extDB2: SQL_CUSTOM_V2: Error: UniqueID: 1 Input String: insertMail:Hi, this is your first mail message, welcome to Silver Lake!:Dear Jimmy Skurczyrak :Silver Lake Government:76561198171609822
[20:57:12:930778 +02:00] [Thread 6908] extDB2: SQL_CUSTOM_V2: Error StatementException: MySQL: [MySQL]: [Comment]: mysql_stmt_execute error	[mysql_stmt_error]: Data too long for column 'message' at row 1	[mysql_stmt_errno]: 1406	[mysql_stmt_sqlstate]: 22001	[statemnt]: INSERT INTO messages (message, title, sender, receiver) VALUES (?,?,?,?)
[20:57:12:930820 +02:00] [Thread 6908] extDB2: SQL_CUSTOM_V2: Wiping Statements + Session
[20:57:12:930831 +02:00] [Thread 6908] extDB2: SQL_CUSTOM_V2: Error: UniqueID: 1 Input String: insertMessage:Hi, this is your first text message, welcome to the Silver Lake Verizon network!:Dear Jimmy Skurczyrak :Verizon:76561198171609822
[21:00:06:322071 +02:00] [Thread 6908] extDB2: SQL_CUSTOM_V2: Error StatementException: MySQL: [MySQL]: [Comment]: mysql_stmt_execute error	[mysql_stmt_error]: Data too long for column 'message' at row 1	[mysql_stmt_errno]: 1406	[mysql_stmt_sqlstate]: 22001	[statemnt]: INSERT INTO mail (message, title, sender, receiver) VALUES (?,?,?,?)
[21:00:06:322111 +02:00] [Thread 6908] extDB2: SQL_CUSTOM_V2: Wiping Statements + Session
[21:00:06:322120 +02:00] [Thread 6908] extDB2: SQL_CUSTOM_V2: Error: UniqueID: 1 Input String: insertMail:Hi, this is your first mail message, welcome to Silver Lake!:Dear Dorian Lych 2:Silver Lake Government:76561198253273755
[21:00:06:475342 +02:00] [Thread 6908] extDB2: SQL_CUSTOM_V2: Error StatementException: MySQL: [MySQL]: [Comment]: mysql_stmt_execute error	[mysql_stmt_error]: Data too long for column 'message' at row 1	[mysql_stmt_errno]: 1406	[mysql_stmt_sqlstate]: 22001	[statemnt]: INSERT INTO messages (message, title, sender, receiver) VALUES (?,?,?,?)
[21:00:06:475388 +02:00] [Thread 6908] extDB2: SQL_CUSTOM_V2: Wiping Statements + Session
[21:00:06:475397 +02:00] [Thread 6908] extDB2: SQL_CUSTOM_V2: Error: UniqueID: 1 Input String: insertMessage:Hi, this is your first text message, welcome to the Silver Lake Verizon network!:Dear Dorian Lych 2:Verizon:76561198253273755
