extDB2: Version: 71
extDB2: https://github.com/Torndeco/extDB2
extDB2: Windows Version
Message: All development for extDB2 is done on a Linux Dedicated Server
Message: If you would like to Donate to extDB2 Development
Message: https://www.paypal.com/cgi-bin/webscr?cmd=_s-xclick&hosted_button_id=2SUEFTGABTAM2
Message: Also leave a message if there is any particular feature you would like to see added.
Message: Thanks for all the people that have donated.
Message: Torndeco: 20/02/15


extDB2: Found extdb-conf.ini
extDB2: Detected 8 Cores, Setting up 6 Worker Threads


[21:52:10:632426 +02:00] [Thread 8632] extDB2: Database Type: MySQL
[21:52:10:642966 +02:00] [Thread 8632] extDB2: Database Session Pool Started
[21:52:10:643355 +02:00] [Thread 8632] extDB2: SQL_CUSTOM_V2: Loading Template Filename: C:\Program Files (x86)\Steam\steamapps\common\Arma 3\@extDBNP\extDB\sql_custom_v2\rpframework.ini
[21:52:10:643384 +02:00] [Thread 8632] extDB2: SQL_CUSTOM_V2: Version 10 Detected, Latest Version 12 Available
[21:52:10:900943 +02:00] [Thread 8892] extDB2: SQL_CUSTOM_V2: Error No Custom Call Not Found: Input String getMayor:2
[21:52:10:900961 +02:00] [Thread 8892] extDB2: SQL_CUSTOM_V2: Error No Custom Call Not Found: Callname getMayor
[21:52:10:900992 +02:00] [Thread 8892] extDB2: SQL_CUSTOM_V2: Error No Custom Call Not Found: Input String racetimes:1
[21:52:10:901001 +02:00] [Thread 8892] extDB2: SQL_CUSTOM_V2: Error No Custom Call Not Found: Callname racetimes
[21:52:10:901055 +02:00] [Thread 8892] extDB2: SQL_CUSTOM_V2: Error No Custom Call Not Found: Input String rallyracetimes:1
[21:52:10:901064 +02:00] [Thread 8892] extDB2: SQL_CUSTOM_V2: Error No Custom Call Not Found: Callname rallyracetimes
[21:52:10:901073 +02:00] [Thread 8892] extDB2: SQL_CUSTOM_V2: Error No Custom Call Not Found: Input String mafiaBank:1
[21:52:10:901077 +02:00] [Thread 8892] extDB2: SQL_CUSTOM_V2: Error No Custom Call Not Found: Callname mafiaBank
[21:52:11:038375 +02:00] [Thread 8892] extDB2: SQL_CUSTOM_V2: Error No Custom Call Not Found: Input String racetimes:2
[21:52:11:038394 +02:00] [Thread 8892] extDB2: SQL_CUSTOM_V2: Error No Custom Call Not Found: Callname racetimes
[21:52:11:038460 +02:00] [Thread 8892] extDB2: SQL_CUSTOM_V2: Error No Custom Call Not Found: Input String rallyracetimes:2
[21:52:11:038471 +02:00] [Thread 8892] extDB2: SQL_CUSTOM_V2: Error No Custom Call Not Found: Callname rallyracetimes
[21:52:13:170670 +02:00] [Thread 8892] extDB2: SQL_CUSTOM_V2: Error No Custom Call Not Found: Input String rallyracetimes:3
[21:52:13:170687 +02:00] [Thread 8892] extDB2: SQL_CUSTOM_V2: Error No Custom Call Not Found: Callname rallyracetimes
[21:52:13:170748 +02:00] [Thread 8892] extDB2: SQL_CUSTOM_V2: Error No Custom Call Not Found: Input String racetimes:3
[21:52:13:170757 +02:00] [Thread 8892] extDB2: SQL_CUSTOM_V2: Error No Custom Call Not Found: Callname racetimes
[21:53:10:803056 +02:00] [Thread 8632] extDB2: SQL_CUSTOM_V2: Error StatementException: MySQL: [MySQL]: [Comment]: mysql_stmt_execute error	[mysql_stmt_error]: Data too long for column 'message' at row 1	[mysql_stmt_errno]: 1406	[mysql_stmt_sqlstate]: 22001	[statemnt]: INSERT INTO mail (message, title, sender, receiver) VALUES (?,?,?,?)
[21:53:10:803088 +02:00] [Thread 8632] extDB2: SQL_CUSTOM_V2: Wiping Statements + Session
[21:53:10:803096 +02:00] [Thread 8632] extDB2: SQL_CUSTOM_V2: Error: UniqueID: 1 Input String: insertMail:Hi, this is your first mail message, welcome to Silver Lake!:Dear [O]MichalRashkovsky[695]:Silver Lake Government:76561198059557302
[21:53:10:953361 +02:00] [Thread 8632] extDB2: SQL_CUSTOM_V2: Error StatementException: MySQL: [MySQL]: [Comment]: mysql_stmt_execute error	[mysql_stmt_error]: Data too long for column 'message' at row 1	[mysql_stmt_errno]: 1406	[mysql_stmt_sqlstate]: 22001	[statemnt]: INSERT INTO messages (message, title, sender, receiver) VALUES (?,?,?,?)
[21:53:10:953402 +02:00] [Thread 8632] extDB2: SQL_CUSTOM_V2: Wiping Statements + Session
[21:53:10:953410 +02:00] [Thread 8632] extDB2: SQL_CUSTOM_V2: Error: UniqueID: 1 Input String: insertMessage:Hi, this is your first text message, welcome to the Silver Lake Verizon network!:Dear [O]MichalRashkovsky[695]:Verizon:76561198059557302
[21:53:26:388190 +02:00] [Thread 8632] extDB2: SQL_CUSTOM_V2: Error StatementException: MySQL: [MySQL]: [Comment]: mysql_stmt_execute error	[mysql_stmt_error]: Data too long for column 'message' at row 1	[mysql_stmt_errno]: 1406	[mysql_stmt_sqlstate]: 22001	[statemnt]: INSERT INTO mail (message, title, sender, receiver) VALUES (?,?,?,?)
[21:53:26:388229 +02:00] [Thread 8632] extDB2: SQL_CUSTOM_V2: Wiping Statements + Session
[21:53:26:388238 +02:00] [Thread 8632] extDB2: SQL_CUSTOM_V2: Error: UniqueID: 1 Input String: insertMail:Hi, this is your first mail message, welcome to Silver Lake!:Dear Iwan Bludow:Silver Lake Government:76561198093913926
[21:53:26:540875 +02:00] [Thread 8632] extDB2: SQL_CUSTOM_V2: Error StatementException: MySQL: [MySQL]: [Comment]: mysql_stmt_execute error	[mysql_stmt_error]: Data too long for column 'message' at row 1	[mysql_stmt_errno]: 1406	[mysql_stmt_sqlstate]: 22001	[statemnt]: INSERT INTO messages (message, title, sender, receiver) VALUES (?,?,?,?)
[21:53:26:540937 +02:00] [Thread 8632] extDB2: SQL_CUSTOM_V2: Wiping Statements + Session
[21:53:26:540949 +02:00] [Thread 8632] extDB2: SQL_CUSTOM_V2: Error: UniqueID: 1 Input String: insertMessage:Hi, this is your first text message, welcome to the Silver Lake Verizon network!:Dear Iwan Bludow:Verizon:76561198093913926
[21:54:07:036495 +02:00] [Thread 8632] extDB2: SQL_CUSTOM_V2: Error StatementException: MySQL: [MySQL]: [Comment]: mysql_stmt_execute error	[mysql_stmt_error]: Data too long for column 'message' at row 1	[mysql_stmt_errno]: 1406	[mysql_stmt_sqlstate]: 22001	[statemnt]: INSERT INTO mail (message, title, sender, receiver) VALUES (?,?,?,?)
[21:54:07:036546 +02:00] [Thread 8632] extDB2: SQL_CUSTOM_V2: Wiping Statements + Session
[21:54:07:036555 +02:00] [Thread 8632] extDB2: SQL_CUSTOM_V2: Error: UniqueID: 1 Input String: insertMail:Hi, this is your first mail message, welcome to Silver Lake!:Dear Andrew Catfish [562]:Silver Lake Government:76561198058284094
[21:54:07:191147 +02:00] [Thread 8632] extDB2: SQL_CUSTOM_V2: Error StatementException: MySQL: [MySQL]: [Comment]: mysql_stmt_execute error	[mysql_stmt_error]: Data too long for column 'message' at row 1	[mysql_stmt_errno]: 1406	[mysql_stmt_sqlstate]: 22001	[statemnt]: INSERT INTO messages (message, title, sender, receiver) VALUES (?,?,?,?)
[21:54:07:191183 +02:00] [Thread 8632] extDB2: SQL_CUSTOM_V2: Wiping Statements + Session
[21:54:07:191192 +02:00] [Thread 8632] extDB2: SQL_CUSTOM_V2: Error: UniqueID: 1 Input String: insertMessage:Hi, this is your first text message, welcome to the Silver Lake Verizon network!:Dear Andrew Catfish [562]:Verizon:76561198058284094
[21:54:42:677871 +02:00] [Thread 8632] extDB2: SQL_CUSTOM_V2: Error StatementException: MySQL: [MySQL]: [Comment]: mysql_stmt_execute error	[mysql_stmt_error]: Data too long for column 'message' at row 1	[mysql_stmt_errno]: 1406	[mysql_stmt_sqlstate]: 22001	[statemnt]: INSERT INTO mail (message, title, sender, receiver) VALUES (?,?,?,?)
[21:54:42:677919 +02:00] [Thread 8632] extDB2: SQL_CUSTOM_V2: Wiping Statements + Session
[21:54:42:677929 +02:00] [Thread 8632] extDB2: SQL_CUSTOM_V2: Error: UniqueID: 1 Input String: insertMail:Hi, this is your first mail message, welcome to Silver Lake!:Dear Moje Zerusinski:Silver Lake Government:76561198049877333
[21:54:42:830999 +02:00] [Thread 8632] extDB2: SQL_CUSTOM_V2: Error StatementException: MySQL: [MySQL]: [Comment]: mysql_stmt_execute error	[mysql_stmt_error]: Data too long for column 'message' at row 1	[mysql_stmt_errno]: 1406	[mysql_stmt_sqlstate]: 22001	[statemnt]: INSERT INTO messages (message, title, sender, receiver) VALUES (?,?,?,?)
[21:54:42:831039 +02:00] [Thread 8632] extDB2: SQL_CUSTOM_V2: Wiping Statements + Session
[21:54:42:831047 +02:00] [Thread 8632] extDB2: SQL_CUSTOM_V2: Error: UniqueID: 1 Input String: insertMessage:Hi, this is your first text message, welcome to the Silver Lake Verizon network!:Dear Moje Zerusinski:Verizon:76561198049877333
[21:54:43:451569 +02:00] [Thread 8632] extDB2: SQL_CUSTOM_V2: Error StatementException: MySQL: [MySQL]: [Comment]: mysql_stmt_execute error	[mysql_stmt_error]: Data too long for column 'message' at row 1	[mysql_stmt_errno]: 1406	[mysql_stmt_sqlstate]: 22001	[statemnt]: INSERT INTO mail (message, title, sender, receiver) VALUES (?,?,?,?)
[21:54:43:451612 +02:00] [Thread 8632] extDB2: SQL_CUSTOM_V2: Wiping Statements + Session
[21:54:43:451620 +02:00] [Thread 8632] extDB2: SQL_CUSTOM_V2: Error: UniqueID: 1 Input String: insertMail:Hi, this is your first mail message, welcome to Silver Lake!:Dear Michal Kaminski:Silver Lake Government:76561198201987250
[21:54:43:603284 +02:00] [Thread 8632] extDB2: SQL_CUSTOM_V2: Error StatementException: MySQL: [MySQL]: [Comment]: mysql_stmt_execute error	[mysql_stmt_error]: Data too long for column 'message' at row 1	[mysql_stmt_errno]: 1406	[mysql_stmt_sqlstate]: 22001	[statemnt]: INSERT INTO messages (message, title, sender, receiver) VALUES (?,?,?,?)
[21:54:43:603326 +02:00] [Thread 8632] extDB2: SQL_CUSTOM_V2: Wiping Statements + Session
[21:54:43:603334 +02:00] [Thread 8632] extDB2: SQL_CUSTOM_V2: Error: UniqueID: 1 Input String: insertMessage:Hi, this is your first text message, welcome to the Silver Lake Verizon network!:Dear Michal Kaminski:Verizon:76561198201987250
[21:56:01:011693 +02:00] [Thread 8632] extDB2: SQL_CUSTOM_V2: Error StatementException: MySQL: [MySQL]: [Comment]: mysql_stmt_execute error	[mysql_stmt_error]: Data too long for column 'message' at row 1	[mysql_stmt_errno]: 1406	[mysql_stmt_sqlstate]: 22001	[statemnt]: INSERT INTO mail (message, title, sender, receiver) VALUES (?,?,?,?)
[21:56:01:011739 +02:00] [Thread 8632] extDB2: SQL_CUSTOM_V2: Wiping Statements + Session
[21:56:01:011747 +02:00] [Thread 8632] extDB2: SQL_CUSTOM_V2: Error: UniqueID: 1 Input String: insertMail:Hi, this is your first mail message, welcome to Silver Lake!:Dear Peter Van Der Dzoka:Silver Lake Government:76561197998091289
[21:56:01:164516 +02:00] [Thread 8632] extDB2: SQL_CUSTOM_V2: Error StatementException: MySQL: [MySQL]: [Comment]: mysql_stmt_execute error	[mysql_stmt_error]: Data too long for column 'message' at row 1	[mysql_stmt_errno]: 1406	[mysql_stmt_sqlstate]: 22001	[statemnt]: INSERT INTO messages (message, title, sender, receiver) VALUES (?,?,?,?)
[21:56:01:164561 +02:00] [Thread 8632] extDB2: SQL_CUSTOM_V2: Wiping Statements + Session
[21:56:01:164571 +02:00] [Thread 8632] extDB2: SQL_CUSTOM_V2: Error: UniqueID: 1 Input String: insertMessage:Hi, this is your first text message, welcome to the Silver Lake Verizon network!:Dear Peter Van Der Dzoka:Verizon:76561197998091289
[21:56:04:734254 +02:00] [Thread 8632] extDB2: SQL_CUSTOM_V2: Error StatementException: MySQL: [MySQL]: [Comment]: mysql_stmt_execute error	[mysql_stmt_error]: Data too long for column 'message' at row 1	[mysql_stmt_errno]: 1406	[mysql_stmt_sqlstate]: 22001	[statemnt]: INSERT INTO mail (message, title, sender, receiver) VALUES (?,?,?,?)
[21:56:04:734300 +02:00] [Thread 8632] extDB2: SQL_CUSTOM_V2: Wiping Statements + Session
[21:56:04:734310 +02:00] [Thread 8632] extDB2: SQL_CUSTOM_V2: Error: UniqueID: 1 Input String: insertMail:Hi, this is your first mail message, welcome to Silver Lake!:Dear Faza Fazowski:Silver Lake Government:76561198048713351
[21:56:04:890320 +02:00] [Thread 8632] extDB2: SQL_CUSTOM_V2: Error StatementException: MySQL: [MySQL]: [Comment]: mysql_stmt_execute error	[mysql_stmt_error]: Data too long for column 'message' at row 1	[mysql_stmt_errno]: 1406	[mysql_stmt_sqlstate]: 22001	[statemnt]: INSERT INTO messages (message, title, sender, receiver) VALUES (?,?,?,?)
[21:56:04:890355 +02:00] [Thread 8632] extDB2: SQL_CUSTOM_V2: Wiping Statements + Session
[21:56:04:890363 +02:00] [Thread 8632] extDB2: SQL_CUSTOM_V2: Error: UniqueID: 1 Input String: insertMessage:Hi, this is your first text message, welcome to the Silver Lake Verizon network!:Dear Faza Fazowski:Verizon:76561198048713351
[21:58:31:843146 +02:00] [Thread 8632] extDB2: SQL_CUSTOM_V2: Error No Custom Call Not Found: Input String updateCop:7:76561198161472762
[21:58:31:843189 +02:00] [Thread 8632] extDB2: SQL_CUSTOM_V2: Error No Custom Call Not Found: Callname updateCop
[21:58:35:870762 +02:00] [Thread 8632] extDB2: SQL_CUSTOM_V2: Error No Custom Call Not Found: Input String updateCop:7:76561198171609822
[21:58:35:870781 +02:00] [Thread 8632] extDB2: SQL_CUSTOM_V2: Error No Custom Call Not Found: Callname updateCop
[21:59:35:850509 +02:00] [Thread 8632] extDB2: SQL_CUSTOM_V2: Error No Custom Call Not Found: Input String updateCop:7:76561198018570359
[21:59:35:850536 +02:00] [Thread 8632] extDB2: SQL_CUSTOM_V2: Error No Custom Call Not Found: Callname updateCop
[22:00:02:461861 +02:00] [Thread 8632] extDB2: SQL_CUSTOM_V2: Error No Custom Call Not Found: Input String updateCop:9:76561198201987250
[22:00:02:461890 +02:00] [Thread 8632] extDB2: SQL_CUSTOM_V2: Error No Custom Call Not Found: Callname updateCop
[22:00:39:210876 +02:00] [Thread 8632] extDB2: SQL_CUSTOM_V2: Error StatementException: MySQL: [MySQL]: [Comment]: mysql_stmt_execute error	[mysql_stmt_error]: Data too long for column 'message' at row 1	[mysql_stmt_errno]: 1406	[mysql_stmt_sqlstate]: 22001	[statemnt]: INSERT INTO mail (message, title, sender, receiver) VALUES (?,?,?,?)
[22:00:39:210926 +02:00] [Thread 8632] extDB2: SQL_CUSTOM_V2: Wiping Statements + Session
[22:00:39:210936 +02:00] [Thread 8632] extDB2: SQL_CUSTOM_V2: Error: UniqueID: 1 Input String: insertMail:Hi, this is your first mail message, welcome to Silver Lake!:Dear Zdzislaw Talib:Silver Lake Government:76561198323422701
[22:00:39:385187 +02:00] [Thread 8632] extDB2: SQL_CUSTOM_V2: Error StatementException: MySQL: [MySQL]: [Comment]: mysql_stmt_execute error	[mysql_stmt_error]: Data too long for column 'message' at row 1	[mysql_stmt_errno]: 1406	[mysql_stmt_sqlstate]: 22001	[statemnt]: INSERT INTO messages (message, title, sender, receiver) VALUES (?,?,?,?)
[22:00:39:385230 +02:00] [Thread 8632] extDB2: SQL_CUSTOM_V2: Wiping Statements + Session
[22:00:39:385238 +02:00] [Thread 8632] extDB2: SQL_CUSTOM_V2: Error: UniqueID: 1 Input String: insertMessage:Hi, this is your first text message, welcome to the Silver Lake Verizon network!:Dear Zdzislaw Talib:Verizon:76561198323422701
[22:05:27:511198 +02:00] [Thread 8632] extDB2: SQL_CUSTOM_V2: Error No Custom Call Not Found: Input String updateCop:7:76561198058102360
[22:05:27:511226 +02:00] [Thread 8632] extDB2: SQL_CUSTOM_V2: Error No Custom Call Not Found: Callname updateCop
[22:05:36:990867 +02:00] [Thread 8632] extDB2: SQL_CUSTOM_V2: Error No Custom Call Not Found: Input String updateCop:8:76561198007690584
[22:05:36:990898 +02:00] [Thread 8632] extDB2: SQL_CUSTOM_V2: Error No Custom Call Not Found: Callname updateCop
[22:05:39:034027 +02:00] [Thread 8632] extDB2: SQL_CUSTOM_V2: Error No Custom Call Not Found: Input String updateCop:7:76561198007690584
[22:05:39:034051 +02:00] [Thread 8632] extDB2: SQL_CUSTOM_V2: Error No Custom Call Not Found: Callname updateCop
[22:06:18:097230 +02:00] [Thread 8632] extDB2: SQL_CUSTOM_V2: Error No Custom Call Not Found: Input String updateCop:7:76561198131355976
[22:06:18:097258 +02:00] [Thread 8632] extDB2: SQL_CUSTOM_V2: Error No Custom Call Not Found: Callname updateCop
[22:07:55:946371 +02:00] [Thread 8892] extDB2: SQL_CUSTOM_V2: Error StatementException: MySQL: [MySQL]: [Comment]: mysql_stmt_prepare error	[mysql_stmt_error]: Unknown column 'caseID' in 'field list'	[mysql_stmt_errno]: 1054	[mysql_stmt_sqlstate]: 42S22	[statemnt]: SELECT caseID, officerGUID, charges, status, evidence FROM wanted WHERE status=?;
[22:07:55:946399 +02:00] [Thread 8892] extDB2: SQL_CUSTOM_V2: Wiping Statements + Session
[22:07:55:946408 +02:00] [Thread 8892] extDB2: SQL_CUSTOM_V2: Error: UniqueID: 220 Input String: getCrimeType:1
